2026-05-27 18:01:56 | flow.main | INFO     | logging_config.py:282 | Run metadata saved to runs/run_20260527_180156/run_metadata.json
2026-05-27 18:01:56 | flow.main | INFO     | main.py:59 | Starting Flow execution for task: You are a workflow planning agent.
Your task is to:
-"Analyze the job description",
    "Analyze the...
2026-05-27 18:01:56 | flow.main | INFO     | main.py:60 | Run ID: 20260527_180156
2026-05-27 18:01:56 | flow.main | INFO     | main.py:61 | Run Directory: runs/run_20260527_180156
2026-05-27 18:01:56 | flow.main | INFO     | main.py:62 | Configuration: 5 candidates, refine_threshold=3, max_validation_itt=5
2026-05-27 18:03:06 | flow.main | INFO     | logging_config.py:431 | Intermediate snapshot saved: 20260527_180306_task0_iter0_task_execution_task0.json
2026-05-27 18:03:09 | flow.main | INFO     | logging_config.py:431 | Intermediate snapshot saved: 20260527_180309_task1_iter0_task_execution_task1.json
2026-05-27 18:03:12 | flow.main | INFO     | logging_config.py:431 | Intermediate snapshot saved: 20260527_180312_task3_iter0_task_execution_task3.json
2026-05-27 18:03:21 | flow.main | INFO     | logging_config.py:431 | Intermediate snapshot saved: 20260527_180321_task0_iter1_validation_task0.json
2026-05-27 18:03:26 | flow.main | INFO     | logging_config.py:431 | Intermediate snapshot saved: 20260527_180326_task3_iter1_validation_task3.json
2026-05-27 18:03:26 | flow.main | INFO     | logging_config.py:431 | Intermediate snapshot saved: 20260527_180326_task1_iter1_validation_task1.json
2026-05-27 18:03:35 | flow.main | INFO     | logging_config.py:431 | Intermediate snapshot saved: 20260527_180335_task3_iter2_re_execution_task3.json
2026-05-27 18:03:37 | flow.main | INFO     | logging_config.py:431 | Intermediate snapshot saved: 20260527_180337_task1_iter2_re_execution_task1.json
2026-05-27 18:03:38 | flow.main | INFO     | logging_config.py:431 | Intermediate snapshot saved: 20260527_180338_task3_iter2_validation_task3.json
2026-05-27 18:03:40 | flow.main | INFO     | logging_config.py:431 | Intermediate snapshot saved: 20260527_180340_task1_iter2_validation_task1.json
2026-05-27 18:03:40 | flow.main | INFO     | logging_config.py:431 | Intermediate snapshot saved: 20260527_180340_workflow_refinement_iter1_workflow_pre_refinement.json
2026-05-27 18:03:51 | flow.main | INFO     | logging_config.py:431 | Intermediate snapshot saved: 20260527_180351_workflow_refinement_iter2_workflow_post_refinement.json
2026-05-27 18:03:54 | flow.main | INFO     | logging_config.py:431 | Intermediate snapshot saved: 20260527_180354_task2_iter0_task_execution_task2.json
2026-05-27 18:04:06 | flow.main | INFO     | logging_config.py:431 | Intermediate snapshot saved: 20260527_180406_task2_iter1_validation_task2.json
2026-05-27 18:04:09 | flow.main | INFO     | logging_config.py:431 | Intermediate snapshot saved: 20260527_180409_task2_iter2_re_execution_task2.json
2026-05-27 18:04:20 | flow.main | INFO     | logging_config.py:431 | Intermediate snapshot saved: 20260527_180420_task2_iter2_validation_task2.json
2026-05-27 18:04:24 | flow.main | INFO     | logging_config.py:431 | Intermediate snapshot saved: 20260527_180424_task2_iter3_re_execution_task2.json
2026-05-27 18:04:32 | flow.main | INFO     | logging_config.py:431 | Intermediate snapshot saved: 20260527_180432_task2_iter3_validation_task2.json
2026-05-27 18:04:36 | flow.main | INFO     | logging_config.py:431 | Intermediate snapshot saved: 20260527_180436_task2_iter4_re_execution_task2.json
2026-05-27 18:04:46 | flow.main | INFO     | logging_config.py:431 | Intermediate snapshot saved: 20260527_180446_task2_iter4_validation_task2.json
2026-05-27 18:04:54 | flow.main | INFO     | logging_config.py:431 | Intermediate snapshot saved: 20260527_180454_task2_iter5_re_execution_task2.json
2026-05-27 18:05:07 | flow.main | INFO     | logging_config.py:431 | Intermediate snapshot saved: 20260527_180507_task2_iter5_validation_task2.json
2026-05-27 18:05:10 | flow.main | INFO     | logging_config.py:431 | Intermediate snapshot saved: 20260527_180510_task2_iter0_task_execution_task2.json
2026-05-27 18:05:20 | flow.main | INFO     | logging_config.py:431 | Intermediate snapshot saved: 20260527_180520_task2_iter1_validation_task2.json
2026-05-27 18:05:24 | flow.main | INFO     | logging_config.py:431 | Intermediate snapshot saved: 20260527_180524_task2_iter2_re_execution_task2.json
2026-05-27 18:05:28 | flow.main | INFO     | logging_config.py:431 | Intermediate snapshot saved: 20260527_180528_task2_iter2_validation_task2.json
2026-05-27 18:05:36 | flow.main | INFO     | logging_config.py:431 | Intermediate snapshot saved: 20260527_180536_task4_iter0_task_execution_task4.json
2026-05-27 18:05:38 | flow.main | INFO     | logging_config.py:431 | Intermediate snapshot saved: 20260527_180538_task4_iter1_validation_task4.json
2026-05-27 18:05:38 | flow.main | INFO     | logging_config.py:431 | Intermediate snapshot saved: 20260527_180538_workflow_refinement_iter1_workflow_pre_refinement.json
2026-05-27 18:05:43 | flow.main | INFO     | logging_config.py:431 | Intermediate snapshot saved: 20260527_180543_workflow_refinement_iter2_workflow_post_refinement.json
2026-05-27 18:05:48 | flow.main | INFO     | logging_config.py:431 | Intermediate snapshot saved: 20260527_180548_task5_iter0_task_execution_task5.json
2026-05-27 18:06:01 | flow.main | INFO     | logging_config.py:431 | Intermediate snapshot saved: 20260527_180601_task5_iter1_validation_task5.json
2026-05-27 18:06:12 | flow.main | INFO     | logging_config.py:431 | Intermediate snapshot saved: 20260527_180612_task5_iter2_re_execution_task5.json
2026-05-27 18:06:15 | flow.main | INFO     | logging_config.py:431 | Intermediate snapshot saved: 20260527_180615_task5_iter2_validation_task5.json
2026-05-27 18:06:23 | flow.main | INFO     | logging_config.py:431 | Intermediate snapshot saved: 20260527_180623_task3_iter0_task_execution_task3.json
2026-05-27 18:06:28 | flow.main | INFO     | logging_config.py:431 | Intermediate snapshot saved: 20260527_180628_task3_iter1_validation_task3.json
2026-05-27 18:06:28 | flow.main | INFO     | main.py:70 | Flow execution completed in 271.91 seconds
2026-05-27 18:06:28 | flow.main | INFO     | logging_config.py:215 | Results saved to runs/run_20260527_180156/results/workflow_final_state.json
