2026-05-22 13:08:08 | flow.main | INFO     | logging_config.py:282 | Run metadata saved to runs/run_20260522_130808/run_metadata.json
2026-05-22 13:08:08 | flow.main | INFO     | main.py:56 | Starting Flow execution for task: Develop a game that fuses Tetris and Bejeweled mechanics. 
This game needs to add keyboard control f...
2026-05-22 13:08:08 | flow.main | INFO     | main.py:57 | Run ID: 20260522_130808
2026-05-22 13:08:08 | flow.main | INFO     | main.py:58 | Run Directory: runs/run_20260522_130808
2026-05-22 13:08:08 | flow.main | INFO     | main.py:59 | Configuration: 5 candidates, refine_threshold=3, max_validation_itt=5
2026-05-22 13:08:35 | flow.main | INFO     | logging_config.py:431 | Intermediate snapshot saved: 20260522_130835_task0_iter0_task_execution_task0.json
2026-05-22 13:08:54 | flow.main | INFO     | logging_config.py:431 | Intermediate snapshot saved: 20260522_130854_task0_iter1_validation_task0.json
2026-05-22 13:09:09 | flow.main | INFO     | logging_config.py:431 | Intermediate snapshot saved: 20260522_130909_task0_iter2_re_execution_task0.json
2026-05-22 13:09:11 | flow.main | INFO     | logging_config.py:431 | Intermediate snapshot saved: 20260522_130911_task0_iter2_validation_task0.json
2026-05-22 13:09:28 | flow.main | INFO     | logging_config.py:431 | Intermediate snapshot saved: 20260522_130928_task1_iter0_task_execution_task1.json
2026-05-22 13:09:31 | flow.main | INFO     | logging_config.py:431 | Intermediate snapshot saved: 20260522_130931_task1_iter1_validation_task1.json
2026-05-22 13:09:46 | flow.main | INFO     | logging_config.py:431 | Intermediate snapshot saved: 20260522_130946_task2_iter0_task_execution_task2.json
2026-05-22 13:09:49 | flow.main | INFO     | logging_config.py:431 | Intermediate snapshot saved: 20260522_130949_task2_iter1_validation_task2.json
2026-05-22 13:09:49 | flow.main | INFO     | logging_config.py:431 | Intermediate snapshot saved: 20260522_130949_workflow_refinement_iter1_workflow_pre_refinement.json
2026-05-22 13:10:01 | flow.main | INFO     | logging_config.py:431 | Intermediate snapshot saved: 20260522_131001_workflow_refinement_iter2_workflow_post_refinement.json
2026-05-22 13:10:23 | flow.main | INFO     | logging_config.py:431 | Intermediate snapshot saved: 20260522_131023_task3_iter0_task_execution_task3.json
2026-05-22 13:10:49 | flow.main | INFO     | logging_config.py:431 | Intermediate snapshot saved: 20260522_131049_task3_iter1_validation_task3.json
2026-05-22 13:11:09 | flow.main | INFO     | logging_config.py:431 | Intermediate snapshot saved: 20260522_131109_task3_iter2_re_execution_task3.json
2026-05-22 13:11:13 | flow.main | INFO     | logging_config.py:431 | Intermediate snapshot saved: 20260522_131113_task3_iter2_validation_task3.json
2026-05-22 13:11:33 | flow.main | INFO     | logging_config.py:431 | Intermediate snapshot saved: 20260522_131133_task4_iter0_task_execution_task4.json
2026-05-22 13:11:38 | flow.main | INFO     | logging_config.py:431 | Intermediate snapshot saved: 20260522_131138_task4_iter1_validation_task4.json
2026-05-22 13:11:59 | flow.main | INFO     | logging_config.py:431 | Intermediate snapshot saved: 20260522_131159_task5_iter0_task_execution_task5.json
2026-05-22 13:12:05 | flow.main | INFO     | logging_config.py:431 | Intermediate snapshot saved: 20260522_131205_task5_iter1_validation_task5.json
2026-05-22 13:12:05 | flow.main | INFO     | logging_config.py:431 | Intermediate snapshot saved: 20260522_131205_workflow_refinement_iter1_workflow_pre_refinement.json
2026-05-22 13:12:09 | flow.main | INFO     | logging_config.py:431 | Intermediate snapshot saved: 20260522_131209_workflow_refinement_iter2_workflow_post_refinement.json
2026-05-22 13:12:33 | flow.main | INFO     | logging_config.py:431 | Intermediate snapshot saved: 20260522_131233_task6_iter0_task_execution_task6.json
2026-05-22 13:12:40 | flow.main | INFO     | logging_config.py:431 | Intermediate snapshot saved: 20260522_131240_task6_iter1_validation_task6.json
2026-05-22 13:12:40 | flow.main | INFO     | main.py:67 | Flow execution completed in 271.71 seconds
2026-05-22 13:12:40 | flow.main | INFO     | logging_config.py:215 | Results saved to runs/run_20260522_130808/results/workflow_final_state.json
2026-05-22 13:14:28 | flow.main | INFO     | logging_config.py:215 | Results saved to runs/run_20260522_130808/results/final_summary.json
2026-05-22 13:14:28 | flow.main | INFO     | logging_config.py:215 | Results saved to runs/run_20260522_130808/results/workflow_run_20260522_131428.json
2026-05-22 13:14:28 | flow.main | INFO     | main.py:97 | All results saved successfully to run directory: runs/run_20260522_130808
2026-05-22 13:14:28 | flow.main | INFO     | main.py:98 | Run completed! Check runs/run_20260522_130808 for all files from this execution.
