2026-05-28 12:24:13 | flow.main | INFO     | logging_config.py:282 | Run metadata saved to runs/run_20260528_122413/run_metadata.json
2026-05-28 12:24:13 | flow.main | INFO     | main.py:59 | Starting Flow execution for task: 
Your task is to take interview. The following are the steps
-"Analyze the job description",
    "An...
2026-05-28 12:24:13 | flow.main | INFO     | main.py:60 | Run ID: 20260528_122413
2026-05-28 12:24:13 | flow.main | INFO     | main.py:61 | Run Directory: runs/run_20260528_122413
2026-05-28 12:24:13 | flow.main | INFO     | main.py:62 | Configuration: 5 candidates, refine_threshold=3, max_validation_itt=5
2026-05-28 12:25:15 | flow.main | INFO     | logging_config.py:431 | Intermediate snapshot saved: 20260528_122515_task1_iter0_task_execution_task1.json
2026-05-28 12:25:15 | flow.main | INFO     | logging_config.py:431 | Intermediate snapshot saved: 20260528_122515_task0_iter0_task_execution_task0.json
2026-05-28 12:25:26 | flow.main | INFO     | logging_config.py:431 | Intermediate snapshot saved: 20260528_122526_task0_iter1_validation_task0.json
2026-05-28 12:25:27 | flow.main | INFO     | logging_config.py:431 | Intermediate snapshot saved: 20260528_122527_task1_iter1_validation_task1.json
2026-05-28 12:25:31 | flow.main | INFO     | logging_config.py:431 | Intermediate snapshot saved: 20260528_122531_task0_iter2_re_execution_task0.json
2026-05-28 12:25:33 | flow.main | INFO     | logging_config.py:431 | Intermediate snapshot saved: 20260528_122533_task1_iter2_re_execution_task1.json
2026-05-28 12:25:37 | flow.main | INFO     | logging_config.py:431 | Intermediate snapshot saved: 20260528_122537_task1_iter2_validation_task1.json
2026-05-28 12:25:37 | flow.main | INFO     | logging_config.py:431 | Intermediate snapshot saved: 20260528_122537_task0_iter2_validation_task0.json
2026-05-28 12:25:41 | flow.main | INFO     | logging_config.py:431 | Intermediate snapshot saved: 20260528_122541_task2_iter0_task_execution_task2.json
2026-05-28 12:25:51 | flow.main | INFO     | logging_config.py:431 | Intermediate snapshot saved: 20260528_122551_task2_iter1_validation_task2.json
2026-05-28 12:26:04 | flow.main | INFO     | logging_config.py:431 | Intermediate snapshot saved: 20260528_122604_task2_iter2_re_execution_task2.json
2026-05-28 12:26:08 | flow.main | INFO     | logging_config.py:431 | Intermediate snapshot saved: 20260528_122608_task2_iter2_validation_task2.json
2026-05-28 12:26:08 | flow.main | INFO     | logging_config.py:431 | Intermediate snapshot saved: 20260528_122608_workflow_refinement_iter1_workflow_pre_refinement.json
2026-05-28 12:26:12 | flow.main | INFO     | logging_config.py:431 | Intermediate snapshot saved: 20260528_122612_workflow_refinement_iter2_workflow_post_refinement.json
2026-05-28 12:26:14 | flow.main | INFO     | logging_config.py:431 | Intermediate snapshot saved: 20260528_122614_task4_iter0_task_execution_task4.json
2026-05-28 12:26:21 | flow.main | INFO     | logging_config.py:431 | Intermediate snapshot saved: 20260528_122621_task4_iter1_validation_task4.json
2026-05-28 12:26:24 | flow.main | INFO     | logging_config.py:431 | Intermediate snapshot saved: 20260528_122624_task5_iter0_task_execution_task5.json
2026-05-28 12:31:26 | flow.main | INFO     | logging_config.py:431 | Intermediate snapshot saved: 20260528_123126_task3_iter0_task_execution_task3.json
2026-05-28 12:31:29 | flow.main | INFO     | logging_config.py:431 | Intermediate snapshot saved: 20260528_123129_task3_iter1_validation_task3.json
2026-05-28 12:32:35 | flow.main | INFO     | logging_config.py:431 | Intermediate snapshot saved: 20260528_123235_task5_iter1_validation_task5.json
2026-05-28 12:32:43 | flow.main | INFO     | logging_config.py:431 | Intermediate snapshot saved: 20260528_123243_task5_iter2_re_execution_task5.json
2026-05-28 12:33:00 | flow.main | INFO     | logging_config.py:431 | Intermediate snapshot saved: 20260528_123300_task5_iter2_validation_task5.json
2026-05-28 12:33:09 | flow.main | INFO     | logging_config.py:431 | Intermediate snapshot saved: 20260528_123309_task5_iter3_re_execution_task5.json
2026-05-28 12:33:23 | flow.main | INFO     | logging_config.py:431 | Intermediate snapshot saved: 20260528_123323_task5_iter3_validation_task5.json
2026-05-28 12:33:33 | flow.main | INFO     | logging_config.py:431 | Intermediate snapshot saved: 20260528_123333_task5_iter4_re_execution_task5.json
2026-05-28 12:33:36 | flow.main | INFO     | logging_config.py:431 | Intermediate snapshot saved: 20260528_123336_task5_iter4_validation_task5.json
2026-05-28 12:33:36 | flow.main | INFO     | logging_config.py:431 | Intermediate snapshot saved: 20260528_123336_workflow_refinement_iter1_workflow_pre_refinement.json
2026-05-28 12:33:36 | flow.main | INFO     | main.py:70 | Flow execution completed in 562.98 seconds
2026-05-28 12:33:36 | flow.main | INFO     | logging_config.py:215 | Results saved to runs/run_20260528_122413/results/workflow_final_state.json
2026-05-28 12:34:37 | flow.main | INFO     | logging_config.py:215 | Results saved to runs/run_20260528_122413/results/final_summary.json
2026-05-28 12:34:37 | flow.main | INFO     | logging_config.py:215 | Results saved to runs/run_20260528_122413/results/workflow_run_20260528_123437.json
2026-05-28 12:34:37 | flow.main | INFO     | main.py:100 | All results saved successfully to run directory: runs/run_20260528_122413
2026-05-28 12:34:37 | flow.main | INFO     | main.py:101 | Run completed! Check runs/run_20260528_122413 for all files from this execution.
