2026-05-22 17:40:35 | flow.main | INFO     | logging_config.py:282 | Run metadata saved to runs/run_20260522_174035/run_metadata.json
2026-05-22 17:40:35 | flow.main | INFO     | main.py:56 | Starting Flow execution for task: Develop a game that fuses Tetris and Bejeweled mechanics. 
This game needs to add keyboard control f...
2026-05-22 17:40:35 | flow.main | INFO     | main.py:57 | Run ID: 20260522_174035
2026-05-22 17:40:35 | flow.main | INFO     | main.py:58 | Run Directory: runs/run_20260522_174035
2026-05-22 17:40:35 | flow.main | INFO     | main.py:59 | Configuration: 5 candidates, refine_threshold=3, max_validation_itt=5
2026-05-22 17:41:06 | flow.main | INFO     | logging_config.py:431 | Intermediate snapshot saved: 20260522_174106_task0_iter0_task_execution_task0.json
2026-05-22 17:41:22 | flow.main | INFO     | logging_config.py:431 | Intermediate snapshot saved: 20260522_174122_task0_iter1_validation_task0.json
2026-05-22 17:41:38 | flow.main | INFO     | logging_config.py:431 | Intermediate snapshot saved: 20260522_174138_task0_iter2_re_execution_task0.json
2026-05-22 17:41:41 | flow.main | INFO     | logging_config.py:431 | Intermediate snapshot saved: 20260522_174141_task0_iter2_validation_task0.json
2026-05-22 17:42:03 | flow.main | INFO     | logging_config.py:431 | Intermediate snapshot saved: 20260522_174203_task1_iter0_task_execution_task1.json
2026-05-22 17:42:05 | flow.main | INFO     | logging_config.py:431 | Intermediate snapshot saved: 20260522_174205_task1_iter1_validation_task1.json
2026-05-22 17:42:28 | flow.main | INFO     | logging_config.py:431 | Intermediate snapshot saved: 20260522_174228_task2_iter0_task_execution_task2.json
2026-05-22 17:42:51 | flow.main | INFO     | logging_config.py:431 | Intermediate snapshot saved: 20260522_174251_task2_iter1_validation_task2.json
2026-05-22 17:43:09 | flow.main | INFO     | logging_config.py:431 | Intermediate snapshot saved: 20260522_174309_task2_iter2_re_execution_task2.json
2026-05-22 17:43:31 | flow.main | INFO     | logging_config.py:431 | Intermediate snapshot saved: 20260522_174331_task2_iter2_validation_task2.json
2026-05-22 17:43:49 | flow.main | INFO     | logging_config.py:431 | Intermediate snapshot saved: 20260522_174349_task2_iter3_re_execution_task2.json
2026-05-22 17:43:52 | flow.main | INFO     | logging_config.py:431 | Intermediate snapshot saved: 20260522_174352_task2_iter3_validation_task2.json
2026-05-22 17:43:52 | flow.main | INFO     | logging_config.py:431 | Intermediate snapshot saved: 20260522_174352_workflow_refinement_iter1_workflow_pre_refinement.json
2026-05-22 17:44:05 | flow.main | INFO     | logging_config.py:431 | Intermediate snapshot saved: 20260522_174405_workflow_refinement_iter2_workflow_post_refinement.json
2026-05-22 17:44:24 | flow.main | INFO     | logging_config.py:431 | Intermediate snapshot saved: 20260522_174424_task3_iter0_task_execution_task3.json
2026-05-22 17:44:28 | flow.main | INFO     | logging_config.py:431 | Intermediate snapshot saved: 20260522_174428_task4_iter0_task_execution_task4.json
2026-05-22 17:44:29 | flow.main | INFO     | logging_config.py:431 | Intermediate snapshot saved: 20260522_174429_task3_iter1_validation_task3.json
2026-05-22 17:44:33 | flow.main | INFO     | logging_config.py:431 | Intermediate snapshot saved: 20260522_174433_task4_iter1_validation_task4.json
2026-05-22 17:44:56 | flow.main | INFO     | logging_config.py:431 | Intermediate snapshot saved: 20260522_174456_task5_iter0_task_execution_task5.json
2026-05-22 17:45:20 | flow.main | INFO     | logging_config.py:431 | Intermediate snapshot saved: 20260522_174520_task5_iter1_validation_task5.json
2026-05-22 17:45:45 | flow.main | INFO     | logging_config.py:431 | Intermediate snapshot saved: 20260522_174545_task5_iter2_re_execution_task5.json
2026-05-22 17:45:49 | flow.main | INFO     | logging_config.py:431 | Intermediate snapshot saved: 20260522_174549_task5_iter2_validation_task5.json
2026-05-22 17:45:49 | flow.main | INFO     | logging_config.py:431 | Intermediate snapshot saved: 20260522_174549_workflow_refinement_iter1_workflow_pre_refinement.json
2026-05-22 17:45:53 | flow.main | INFO     | logging_config.py:431 | Intermediate snapshot saved: 20260522_174553_workflow_refinement_iter2_workflow_post_refinement.json
2026-05-22 17:46:20 | flow.main | INFO     | logging_config.py:431 | Intermediate snapshot saved: 20260522_174620_task6_iter0_task_execution_task6.json
2026-05-22 17:46:26 | flow.main | INFO     | logging_config.py:431 | Intermediate snapshot saved: 20260522_174626_task6_iter1_validation_task6.json
2026-05-22 17:46:26 | flow.main | INFO     | main.py:67 | Flow execution completed in 350.98 seconds
2026-05-22 17:46:26 | flow.main | INFO     | logging_config.py:215 | Results saved to runs/run_20260522_174035/results/workflow_final_state.json
2026-05-22 17:47:35 | flow.main | INFO     | logging_config.py:215 | Results saved to runs/run_20260522_174035/results/final_summary.json
2026-05-22 17:47:35 | flow.main | INFO     | logging_config.py:215 | Results saved to runs/run_20260522_174035/results/workflow_run_20260522_174735.json
2026-05-22 17:47:35 | flow.main | INFO     | main.py:97 | All results saved successfully to run directory: runs/run_20260522_174035
2026-05-22 17:47:35 | flow.main | INFO     | main.py:98 | Run completed! Check runs/run_20260522_174035 for all files from this execution.
