2026-05-22 11:53:31 | flow.main | INFO     | logging_config.py:282 | Run metadata saved to runs/run_20260522_115331/run_metadata.json
2026-05-22 11:53:31 | flow.main | INFO     | main.py:56 | Starting Flow execution for task: Develop a game that fuses Tetris and Bejeweled mechanics. 
This game needs to add keyboard control f...
2026-05-22 11:53:31 | flow.main | INFO     | main.py:57 | Run ID: 20260522_115331
2026-05-22 11:53:31 | flow.main | INFO     | main.py:58 | Run Directory: runs/run_20260522_115331
2026-05-22 11:53:31 | flow.main | INFO     | main.py:59 | Configuration: 5 candidates, refine_threshold=3, max_validation_itt=5
2026-05-22 11:53:59 | flow.main | INFO     | logging_config.py:431 | Intermediate snapshot saved: 20260522_115359_task1_iter0_task_execution_task1.json
2026-05-22 11:54:00 | flow.main | INFO     | logging_config.py:431 | Intermediate snapshot saved: 20260522_115400_task0_iter0_task_execution_task0.json
2026-05-22 11:54:01 | flow.main | INFO     | logging_config.py:431 | Intermediate snapshot saved: 20260522_115401_task1_iter1_validation_task1.json
2026-05-22 11:54:02 | flow.main | INFO     | logging_config.py:431 | Intermediate snapshot saved: 20260522_115402_task0_iter1_validation_task0.json
2026-05-22 11:54:24 | flow.main | INFO     | logging_config.py:431 | Intermediate snapshot saved: 20260522_115424_task5_iter0_task_execution_task5.json
2026-05-22 11:54:25 | flow.main | INFO     | logging_config.py:431 | Intermediate snapshot saved: 20260522_115425_task2_iter0_task_execution_task2.json
2026-05-22 11:54:27 | flow.main | INFO     | logging_config.py:431 | Intermediate snapshot saved: 20260522_115427_task5_iter1_validation_task5.json
2026-05-22 11:54:28 | flow.main | INFO     | logging_config.py:431 | Intermediate snapshot saved: 20260522_115428_task2_iter1_validation_task2.json
2026-05-22 11:54:28 | flow.main | INFO     | logging_config.py:431 | Intermediate snapshot saved: 20260522_115428_workflow_refinement_iter1_workflow_pre_refinement.json
2026-05-22 11:54:33 | flow.main | INFO     | logging_config.py:431 | Intermediate snapshot saved: 20260522_115433_workflow_refinement_iter2_workflow_post_refinement.json
2026-05-22 11:54:58 | flow.main | INFO     | logging_config.py:431 | Intermediate snapshot saved: 20260522_115458_task3_iter0_task_execution_task3.json
2026-05-22 11:55:27 | flow.main | INFO     | logging_config.py:431 | Intermediate snapshot saved: 20260522_115527_task3_iter1_validation_task3.json
2026-05-22 11:55:53 | flow.main | INFO     | logging_config.py:431 | Intermediate snapshot saved: 20260522_115553_task4_iter0_task_execution_task4.json
2026-05-22 11:56:23 | flow.main | INFO     | logging_config.py:431 | Intermediate snapshot saved: 20260522_115623_task4_iter1_validation_task4.json
2026-05-22 11:56:47 | flow.main | INFO     | logging_config.py:431 | Intermediate snapshot saved: 20260522_115647_task4_iter2_re_execution_task4.json
2026-05-22 11:56:53 | flow.main | INFO     | logging_config.py:431 | Intermediate snapshot saved: 20260522_115653_task4_iter2_validation_task4.json
2026-05-22 11:56:53 | flow.main | INFO     | logging_config.py:431 | Intermediate snapshot saved: 20260522_115653_workflow_refinement_iter1_workflow_pre_refinement.json
2026-05-22 11:56:53 | flow.main | INFO     | main.py:67 | Flow execution completed in 202.01 seconds
2026-05-22 11:56:53 | flow.main | INFO     | logging_config.py:215 | Results saved to runs/run_20260522_115331/results/workflow_final_state.json
2026-05-22 11:57:47 | flow.main | INFO     | logging_config.py:215 | Results saved to runs/run_20260522_115331/results/final_summary.json
2026-05-22 11:57:47 | flow.main | INFO     | logging_config.py:215 | Results saved to runs/run_20260522_115331/results/workflow_run_20260522_115747.json
2026-05-22 11:57:47 | flow.main | INFO     | main.py:97 | All results saved successfully to run directory: runs/run_20260522_115331
2026-05-22 11:57:47 | flow.main | INFO     | main.py:98 | Run completed! Check runs/run_20260522_115331 for all files from this execution.
