2026-05-27 17:30:31 | flow.main | INFO     | logging_config.py:282 | Run metadata saved to runs/run_20260527_173031/run_metadata.json
2026-05-27 17:30:31 | flow.main | INFO     | main.py:59 | Starting Flow execution for task: You are a workflow planning agent.
Your task is to:
-"Analyze the job description",
    "Analyze the...
2026-05-27 17:30:31 | flow.main | INFO     | main.py:60 | Run ID: 20260527_173031
2026-05-27 17:30:31 | flow.main | INFO     | main.py:61 | Run Directory: runs/run_20260527_173031
2026-05-27 17:30:31 | flow.main | INFO     | main.py:62 | Configuration: 5 candidates, refine_threshold=3, max_validation_itt=5
2026-05-27 17:31:51 | flow.main | INFO     | logging_config.py:431 | Intermediate snapshot saved: 20260527_173151_task0_iter0_task_execution_task0.json
2026-05-27 17:31:51 | flow.main | INFO     | logging_config.py:431 | Intermediate snapshot saved: 20260527_173151_task1_iter0_task_execution_task1.json
2026-05-27 17:31:54 | flow.main | INFO     | logging_config.py:431 | Intermediate snapshot saved: 20260527_173154_task3_iter0_task_execution_task3.json
2026-05-27 17:31:55 | flow.main | INFO     | logging_config.py:431 | Intermediate snapshot saved: 20260527_173155_task0_iter1_validation_task0.json
2026-05-27 17:31:56 | flow.main | INFO     | logging_config.py:431 | Intermediate snapshot saved: 20260527_173156_task1_iter1_validation_task1.json
2026-05-27 17:32:05 | flow.main | INFO     | logging_config.py:431 | Intermediate snapshot saved: 20260527_173205_task2_iter0_task_execution_task2.json
2026-05-27 17:32:09 | flow.main | INFO     | logging_config.py:431 | Intermediate snapshot saved: 20260527_173209_task2_iter1_validation_task2.json
2026-05-27 17:32:18 | flow.main | INFO     | logging_config.py:431 | Intermediate snapshot saved: 20260527_173218_task3_iter1_validation_task3.json
2026-05-27 17:32:29 | flow.main | INFO     | logging_config.py:431 | Intermediate snapshot saved: 20260527_173229_task3_iter2_re_execution_task3.json
2026-05-27 17:32:32 | flow.main | INFO     | logging_config.py:431 | Intermediate snapshot saved: 20260527_173232_task3_iter2_validation_task3.json
2026-05-27 17:32:32 | flow.main | INFO     | logging_config.py:431 | Intermediate snapshot saved: 20260527_173232_workflow_refinement_iter1_workflow_pre_refinement.json
2026-05-27 17:32:39 | flow.main | INFO     | logging_config.py:431 | Intermediate snapshot saved: 20260527_173239_workflow_refinement_iter2_workflow_post_refinement.json
2026-05-27 17:32:50 | flow.main | INFO     | logging_config.py:431 | Intermediate snapshot saved: 20260527_173250_task4_iter0_task_execution_task4.json
2026-05-27 17:32:58 | flow.main | INFO     | logging_config.py:431 | Intermediate snapshot saved: 20260527_173258_task4_iter1_validation_task4.json
2026-05-27 17:33:06 | flow.main | INFO     | logging_config.py:431 | Intermediate snapshot saved: 20260527_173306_task5_iter0_task_execution_task5.json
2026-05-27 17:33:22 | flow.main | INFO     | logging_config.py:431 | Intermediate snapshot saved: 20260527_173322_task5_iter1_validation_task5.json
2026-05-27 17:33:32 | flow.main | INFO     | logging_config.py:431 | Intermediate snapshot saved: 20260527_173332_task5_iter2_re_execution_task5.json
2026-05-27 17:33:51 | flow.main | INFO     | logging_config.py:431 | Intermediate snapshot saved: 20260527_173351_task5_iter2_validation_task5.json
2026-05-27 17:34:03 | flow.main | INFO     | logging_config.py:431 | Intermediate snapshot saved: 20260527_173403_task5_iter3_re_execution_task5.json
2026-05-27 17:34:07 | flow.main | INFO     | logging_config.py:431 | Intermediate snapshot saved: 20260527_173407_task5_iter3_validation_task5.json
2026-05-27 17:34:07 | flow.main | INFO     | logging_config.py:431 | Intermediate snapshot saved: 20260527_173407_workflow_refinement_iter1_workflow_pre_refinement.json
2026-05-27 17:34:10 | flow.main | INFO     | logging_config.py:431 | Intermediate snapshot saved: 20260527_173410_workflow_refinement_iter2_workflow_post_refinement.json
2026-05-27 17:34:14 | flow.main | INFO     | logging_config.py:431 | Intermediate snapshot saved: 20260527_173414_task6_iter0_task_execution_task6.json
2026-05-27 17:34:21 | flow.main | INFO     | logging_config.py:431 | Intermediate snapshot saved: 20260527_173421_task6_iter1_validation_task6.json
2026-05-27 17:34:25 | flow.main | INFO     | logging_config.py:431 | Intermediate snapshot saved: 20260527_173425_task6_iter2_re_execution_task6.json
2026-05-27 17:34:29 | flow.main | INFO     | logging_config.py:431 | Intermediate snapshot saved: 20260527_173429_task6_iter2_validation_task6.json
2026-05-27 17:34:29 | flow.main | INFO     | main.py:70 | Flow execution completed in 238.29 seconds
2026-05-27 17:34:29 | flow.main | INFO     | logging_config.py:215 | Results saved to runs/run_20260527_173031/results/workflow_final_state.json
2026-05-27 17:34:47 | flow.main | INFO     | logging_config.py:215 | Results saved to runs/run_20260527_173031/results/final_summary.json
2026-05-27 17:34:47 | flow.main | INFO     | logging_config.py:215 | Results saved to runs/run_20260527_173031/results/workflow_run_20260527_173447.json
2026-05-27 17:34:47 | flow.main | INFO     | main.py:100 | All results saved successfully to run directory: runs/run_20260527_173031
2026-05-27 17:34:47 | flow.main | INFO     | main.py:101 | Run completed! Check runs/run_20260527_173031 for all files from this execution.
