2026-07-18 18:39:55 | flow.main | INFO     | logging_config.py:282 | Run metadata saved to runs/run_20260718_183955/run_metadata.json
2026-07-18 18:39:55 | flow.main | INFO     | main.py:80 | Starting Flow execution for task: 
Your task is to take interview. The following are the steps
-"Analyze the job description",
    "An...
2026-07-18 18:39:55 | flow.main | INFO     | main.py:81 | Run ID: 20260718_183955
2026-07-18 18:39:55 | flow.main | INFO     | main.py:82 | Run Directory: runs/run_20260718_183955
2026-07-18 18:39:55 | flow.main | INFO     | main.py:83 | Configuration: 5 candidates, refine_threshold=3, max_validation_itt=5
2026-07-18 18:39:55 | flow.main | INFO     | main.py:44 | [flow] Planning workflow for: 
Your task is to take interview. The following are the steps
-"Analyze the job d...
2026-07-18 18:40:19 | flow.main | INFO     | main.py:44 | [flow] Workflow planned with 6 tasks.
2026-07-18 18:40:29 | flow.main | INFO     | main.py:44 | [attempt_task3] Task task3 validated after 1 attempt(s).
2026-07-18 18:40:34 | flow.main | INFO     | main.py:44 | [attempt_task0] Task task0 validated after 1 attempt(s).
2026-07-18 18:40:38 | flow.main | INFO     | main.py:44 | [attempt_task1] Task task1 validated after 1 attempt(s).
2026-07-18 18:40:46 | flow.main | INFO     | main.py:44 | [flow] Workflow refined (remaining refine iterations: 4).
2026-07-18 18:41:04 | flow.main | INFO     | main.py:44 | [attempt_task2] Task task2 validated after 1 attempt(s).
2026-07-18 18:41:17 | flow.main | INFO     | main.py:44 | [attempt_task4] Task task4 validated after 1 attempt(s).
2026-07-18 18:41:34 | flow.main | INFO     | main.py:44 | [attempt_task5] Task task5 validated after 1 attempt(s).
2026-07-18 18:41:34 | flow.main | INFO     | main.py:44 | [flow] All tasks completed.
2026-07-18 18:41:34 | flow.main | INFO     | main.py:101 | Flow execution completed in 98.68 seconds
2026-07-18 18:41:34 | flow.main | INFO     | logging_config.py:215 | Results saved to runs/run_20260718_183955/results/workflow_final_state.json
2026-07-18 18:41:44 | flow.main | INFO     | logging_config.py:215 | Results saved to runs/run_20260718_183955/results/final_summary.json
2026-07-18 18:41:44 | flow.main | INFO     | logging_config.py:215 | Results saved to runs/run_20260718_183955/results/workflow_run_20260718_184144.json
2026-07-18 18:41:44 | flow.main | INFO     | main.py:125 | All results saved successfully to run directory: runs/run_20260718_183955
2026-07-18 18:41:44 | flow.main | INFO     | main.py:126 | Run completed! Check runs/run_20260718_183955 for all files from this execution.
