2026-05-28 16:19:18 | flow.main | INFO     | logging_config.py:282 | Run metadata saved to runs/run_20260528_161918/run_metadata.json
2026-05-28 16:19:18 | flow.main | INFO     | main.py:59 | Starting Flow execution for task: 
Your task is to take interview. The following are the steps
-"Analyze the job description",
    "An...
2026-05-28 16:19:18 | flow.main | INFO     | main.py:60 | Run ID: 20260528_161918
2026-05-28 16:19:18 | flow.main | INFO     | main.py:61 | Run Directory: runs/run_20260528_161918
2026-05-28 16:19:18 | flow.main | INFO     | main.py:62 | Configuration: 5 candidates, refine_threshold=3, max_validation_itt=5
2026-05-28 16:20:38 | flow.main | INFO     | logging_config.py:431 | Intermediate snapshot saved: 20260528_162038_task0_iter0_task_execution_task0.json
2026-05-28 16:20:39 | flow.main | INFO     | logging_config.py:431 | Intermediate snapshot saved: 20260528_162039_task1_iter0_task_execution_task1.json
2026-05-28 16:20:46 | flow.main | INFO     | logging_config.py:431 | Intermediate snapshot saved: 20260528_162046_task0_iter1_validation_task0.json
2026-05-28 16:20:48 | flow.main | INFO     | logging_config.py:431 | Intermediate snapshot saved: 20260528_162048_task0_iter2_re_execution_task0.json
2026-05-28 16:20:50 | flow.main | INFO     | logging_config.py:431 | Intermediate snapshot saved: 20260528_162050_task1_iter1_validation_task1.json
2026-05-28 16:20:51 | flow.main | INFO     | logging_config.py:431 | Intermediate snapshot saved: 20260528_162051_task0_iter2_validation_task0.json
2026-05-28 16:20:54 | flow.main | INFO     | logging_config.py:431 | Intermediate snapshot saved: 20260528_162054_task1_iter2_re_execution_task1.json
2026-05-28 16:21:03 | flow.main | INFO     | logging_config.py:431 | Intermediate snapshot saved: 20260528_162103_task1_iter2_validation_task1.json
2026-05-28 16:21:09 | flow.main | INFO     | logging_config.py:431 | Intermediate snapshot saved: 20260528_162109_task1_iter3_re_execution_task1.json
2026-05-28 16:21:14 | flow.main | INFO     | logging_config.py:431 | Intermediate snapshot saved: 20260528_162114_task1_iter3_validation_task1.json
2026-05-28 16:21:23 | flow.main | INFO     | logging_config.py:431 | Intermediate snapshot saved: 20260528_162123_task2_iter0_task_execution_task2.json
2026-05-28 16:21:39 | flow.main | INFO     | logging_config.py:431 | Intermediate snapshot saved: 20260528_162139_task2_iter1_validation_task2.json
2026-05-28 16:21:39 | flow.main | INFO     | logging_config.py:431 | Intermediate snapshot saved: 20260528_162139_workflow_refinement_iter1_workflow_pre_refinement.json
2026-05-28 16:21:45 | flow.main | INFO     | logging_config.py:431 | Intermediate snapshot saved: 20260528_162145_workflow_refinement_iter2_workflow_post_refinement.json
2026-05-28 16:21:54 | flow.main | INFO     | logging_config.py:431 | Intermediate snapshot saved: 20260528_162154_task3_iter0_task_execution_task3.json
2026-05-28 16:21:57 | flow.main | INFO     | logging_config.py:431 | Intermediate snapshot saved: 20260528_162157_task3_iter1_validation_task3.json
2026-05-28 16:22:07 | flow.main | INFO     | logging_config.py:431 | Intermediate snapshot saved: 20260528_162207_task4_iter0_task_execution_task4.json
2026-05-28 16:22:16 | flow.main | INFO     | logging_config.py:431 | Intermediate snapshot saved: 20260528_162216_task4_iter1_validation_task4.json
2026-05-28 16:22:21 | flow.main | INFO     | logging_config.py:431 | Intermediate snapshot saved: 20260528_162221_task4_iter2_re_execution_task4.json
2026-05-28 16:22:28 | flow.main | INFO     | logging_config.py:431 | Intermediate snapshot saved: 20260528_162228_task4_iter2_validation_task4.json
2026-05-28 16:22:32 | flow.main | INFO     | logging_config.py:431 | Intermediate snapshot saved: 20260528_162232_task5_iter0_task_execution_task5.json
2026-05-28 16:22:40 | flow.main | INFO     | logging_config.py:431 | Intermediate snapshot saved: 20260528_162240_task5_iter1_validation_task5.json
2026-05-28 16:22:44 | flow.main | INFO     | logging_config.py:431 | Intermediate snapshot saved: 20260528_162244_task5_iter2_re_execution_task5.json
2026-05-28 16:22:48 | flow.main | INFO     | logging_config.py:431 | Intermediate snapshot saved: 20260528_162248_task5_iter2_validation_task5.json
2026-05-28 16:22:48 | flow.main | INFO     | logging_config.py:431 | Intermediate snapshot saved: 20260528_162248_workflow_refinement_iter1_workflow_pre_refinement.json
2026-05-28 16:22:48 | flow.main | INFO     | main.py:70 | Flow execution completed in 210.06 seconds
2026-05-28 16:22:48 | flow.main | INFO     | logging_config.py:215 | Results saved to runs/run_20260528_161918/results/workflow_final_state.json
2026-05-28 16:23:29 | flow.main | INFO     | logging_config.py:215 | Results saved to runs/run_20260528_161918/results/final_summary.json
2026-05-28 16:23:29 | flow.main | INFO     | logging_config.py:215 | Results saved to runs/run_20260528_161918/results/workflow_run_20260528_162329.json
2026-05-28 16:23:29 | flow.main | INFO     | main.py:100 | All results saved successfully to run directory: runs/run_20260528_161918
2026-05-28 16:23:29 | flow.main | INFO     | main.py:101 | Run completed! Check runs/run_20260528_161918 for all files from this execution.
