2026-05-21 15:53:26 | flow.main | INFO     | logging_config.py:282 | Run metadata saved to runs/run_20260521_155326/run_metadata.json
2026-05-21 15:53:26 | flow.main | INFO     | main.py:56 | Starting Flow execution for task: Develop a game that fuses Tetris and Bejeweled mechanics. 
This game needs to add keyboard control f...
2026-05-21 15:53:26 | flow.main | INFO     | main.py:57 | Run ID: 20260521_155326
2026-05-21 15:53:26 | flow.main | INFO     | main.py:58 | Run Directory: runs/run_20260521_155326
2026-05-21 15:53:26 | flow.main | INFO     | main.py:59 | Configuration: 5 candidates, refine_threshold=3, max_validation_itt=5
2026-05-21 15:54:01 | flow.main | INFO     | logging_config.py:431 | Intermediate snapshot saved: 20260521_155401_task0_iter0_task_execution_task0.json
2026-05-21 15:54:04 | flow.main | INFO     | logging_config.py:431 | Intermediate snapshot saved: 20260521_155404_task0_iter1_validation_task0.json
2026-05-21 15:54:12 | flow.main | INFO     | logging_config.py:431 | Intermediate snapshot saved: 20260521_155412_task1_iter0_task_execution_task1.json
2026-05-21 15:54:17 | flow.main | INFO     | logging_config.py:431 | Intermediate snapshot saved: 20260521_155417_task1_iter1_validation_task1.json
2026-05-21 15:54:23 | flow.main | INFO     | logging_config.py:431 | Intermediate snapshot saved: 20260521_155423_task2_iter0_task_execution_task2.json
2026-05-21 15:54:30 | flow.main | INFO     | logging_config.py:431 | Intermediate snapshot saved: 20260521_155430_task4_iter0_task_execution_task4.json
2026-05-21 15:54:33 | flow.main | INFO     | logging_config.py:431 | Intermediate snapshot saved: 20260521_155433_task2_iter1_validation_task2.json
2026-05-21 15:54:36 | flow.main | INFO     | logging_config.py:431 | Intermediate snapshot saved: 20260521_155436_task4_iter1_validation_task4.json
2026-05-21 15:54:52 | flow.main | INFO     | logging_config.py:431 | Intermediate snapshot saved: 20260521_155452_task2_iter2_re_execution_task2.json
2026-05-21 15:54:55 | flow.main | INFO     | logging_config.py:431 | Intermediate snapshot saved: 20260521_155455_task2_iter2_validation_task2.json
2026-05-21 15:54:55 | flow.main | INFO     | logging_config.py:431 | Intermediate snapshot saved: 20260521_155455_workflow_refinement_iter1_workflow_pre_refinement.json
2026-05-21 15:54:58 | flow.main | INFO     | logging_config.py:431 | Intermediate snapshot saved: 20260521_155458_workflow_refinement_iter2_workflow_post_refinement.json
2026-05-21 15:55:16 | flow.main | INFO     | logging_config.py:431 | Intermediate snapshot saved: 20260521_155516_task3_iter0_task_execution_task3.json
2026-05-21 15:55:20 | flow.main | INFO     | logging_config.py:431 | Intermediate snapshot saved: 20260521_155520_task3_iter1_validation_task3.json
2026-05-21 15:55:38 | flow.main | INFO     | logging_config.py:431 | Intermediate snapshot saved: 20260521_155538_task5_iter0_task_execution_task5.json
2026-05-21 15:55:42 | flow.main | INFO     | logging_config.py:431 | Intermediate snapshot saved: 20260521_155542_task5_iter1_validation_task5.json
2026-05-21 15:55:42 | flow.main | INFO     | logging_config.py:431 | Intermediate snapshot saved: 20260521_155542_workflow_refinement_iter1_workflow_pre_refinement.json
2026-05-21 15:55:42 | flow.main | INFO     | main.py:67 | Flow execution completed in 136.35 seconds
2026-05-21 15:55:42 | flow.main | INFO     | logging_config.py:215 | Results saved to runs/run_20260521_155326/results/workflow_final_state.json
2026-05-21 15:56:56 | flow.main | INFO     | logging_config.py:215 | Results saved to runs/run_20260521_155326/results/final_summary.json
2026-05-21 15:56:56 | flow.main | INFO     | logging_config.py:215 | Results saved to runs/run_20260521_155326/results/workflow_run_20260521_155656.json
2026-05-21 15:56:56 | flow.main | INFO     | main.py:97 | All results saved successfully to run directory: runs/run_20260521_155326
2026-05-21 15:56:56 | flow.main | INFO     | main.py:98 | Run completed! Check runs/run_20260521_155326 for all files from this execution.
