2026-07-18 18:02:33 | flow.main | INFO     | logging_config.py:282 | Run metadata saved to runs/run_20260718_180233/run_metadata.json
2026-07-18 18:02:33 | flow.main | INFO     | main.py:80 | Starting Flow execution for task: 
Your task is to take interview. The following are the steps
-"Analyze the job description",
    "An...
2026-07-18 18:02:33 | flow.main | INFO     | main.py:81 | Run ID: 20260718_180233
2026-07-18 18:02:33 | flow.main | INFO     | main.py:82 | Run Directory: runs/run_20260718_180233
2026-07-18 18:02:33 | flow.main | INFO     | main.py:83 | Configuration: 5 candidates, refine_threshold=3, max_validation_itt=5
2026-07-18 18:02:33 | flow.main | INFO     | main.py:44 | [flow] Planning workflow for: 
Your task is to take interview. The following are the steps
-"Analyze the job d...
2026-07-18 18:02:52 | flow.main | INFO     | main.py:44 | [flow] Workflow planned with 6 tasks.
2026-07-18 18:02:59 | flow.main | INFO     | main.py:44 | [attempt_task1] Task task1 validated after 1 attempt(s).
2026-07-18 18:03:21 | flow.main | INFO     | main.py:44 | [attempt_task0] Task task0 validated after 1 attempt(s).
2026-07-18 18:03:32 | flow.main | INFO     | main.py:44 | [attempt_task2] Task task2 validated after 1 attempt(s).
2026-07-18 18:03:38 | flow.main | INFO     | main.py:44 | [attempt_task3] Task task3 validated after 1 attempt(s).
2026-07-18 18:03:51 | flow.main | INFO     | main.py:44 | [flow] Workflow refined (remaining refine iterations: 4).
2026-07-18 18:04:00 | flow.main | INFO     | main.py:44 | [attempt_task2] Task task2 validated after 1 attempt(s).
2026-07-18 18:04:10 | flow.main | INFO     | main.py:44 | [attempt_task0] Task task0 validated after 1 attempt(s).
2026-07-18 18:04:37 | flow.main | INFO     | main.py:44 | [attempt_task4] Task task4 failed validation after 5 attempt(s).
2026-07-18 18:04:49 | flow.main | INFO     | main.py:44 | [flow] Workflow refined (remaining refine iterations: 3).
2026-07-18 18:04:57 | flow.main | INFO     | main.py:44 | [attempt_task0] Task task0 validated after 1 attempt(s).
2026-07-18 18:05:05 | flow.main | INFO     | main.py:44 | [attempt_task2] Task task2 validated after 1 attempt(s).
2026-07-18 18:05:22 | flow.main | INFO     | main.py:44 | [attempt_task4] Task task4 failed validation after 5 attempt(s).
2026-07-18 18:05:38 | flow.main | INFO     | main.py:44 | [flow] Workflow refined (remaining refine iterations: 2).
2026-07-18 18:06:11 | flow.main | INFO     | main.py:44 | [attempt_task4] Task task4 failed validation after 5 attempt(s).
2026-07-18 18:06:42 | flow.main | INFO     | main.py:44 | [attempt_task4] Task task4 failed validation after 5 attempt(s).
2026-07-18 18:06:47 | flow.main | INFO     | main.py:44 | [flow] Workflow refined (remaining refine iterations: 1).
2026-07-18 18:07:21 | flow.main | INFO     | main.py:44 | [attempt_task4] Task task4 failed validation after 5 attempt(s).
2026-07-18 18:07:53 | flow.main | INFO     | main.py:44 | [attempt_task4] Task task4 failed validation after 5 attempt(s).
2026-07-18 18:08:26 | flow.main | INFO     | main.py:44 | [attempt_task4] Task task4 failed validation after 5 attempt(s).
2026-07-18 18:08:29 | flow.main | INFO     | main.py:44 | [flow] Workflow refined (remaining refine iterations: 0).
2026-07-18 18:09:04 | flow.main | INFO     | main.py:44 | [attempt_task4] Task task4 failed validation after 5 attempt(s).
2026-07-18 18:09:38 | flow.main | INFO     | main.py:44 | [attempt_task4] Task task4 failed validation after 5 attempt(s).
2026-07-18 18:10:18 | flow.main | INFO     | main.py:44 | [attempt_task4] Task task4 failed validation after 5 attempt(s).
2026-07-18 18:10:59 | flow.main | INFO     | main.py:44 | [attempt_task4] Task task4 failed validation after 5 attempt(s).
2026-07-18 18:11:34 | flow.main | INFO     | main.py:44 | [attempt_task4] Task task4 failed validation after 5 attempt(s).
2026-07-18 18:12:08 | flow.main | INFO     | main.py:44 | [attempt_task4] Task task4 failed validation after 5 attempt(s).
