2026-05-27 16:24:55 | flow.main | INFO     | logging_config.py:282 | Run metadata saved to runs/run_20260527_162455/run_metadata.json
2026-05-27 16:24:55 | flow.main | INFO     | main.py:59 | Starting Flow execution for task: You are a workflow planning agent.
Your task is to:
-"Analyze the job description",
    "Analyze the...
2026-05-27 16:24:55 | flow.main | INFO     | main.py:60 | Run ID: 20260527_162455
2026-05-27 16:24:55 | flow.main | INFO     | main.py:61 | Run Directory: runs/run_20260527_162455
2026-05-27 16:24:55 | flow.main | INFO     | main.py:62 | Configuration: 5 candidates, refine_threshold=3, max_validation_itt=5
2026-05-27 16:26:06 | flow.main | INFO     | logging_config.py:431 | Intermediate snapshot saved: 20260527_162606_task0_iter0_task_execution_task0.json
2026-05-27 16:26:07 | flow.main | INFO     | logging_config.py:431 | Intermediate snapshot saved: 20260527_162607_task1_iter0_task_execution_task1.json
2026-05-27 16:26:08 | flow.main | INFO     | logging_config.py:431 | Intermediate snapshot saved: 20260527_162608_task5_iter0_task_execution_task5.json
2026-05-27 16:26:11 | flow.main | INFO     | logging_config.py:431 | Intermediate snapshot saved: 20260527_162611_task0_iter1_validation_task0.json
2026-05-27 16:26:12 | flow.main | INFO     | logging_config.py:431 | Intermediate snapshot saved: 20260527_162612_task1_iter1_validation_task1.json
2026-05-27 16:26:13 | flow.main | INFO     | logging_config.py:431 | Intermediate snapshot saved: 20260527_162613_task5_iter1_validation_task5.json
2026-05-27 16:26:18 | flow.main | INFO     | logging_config.py:431 | Intermediate snapshot saved: 20260527_162618_task2_iter0_task_execution_task2.json
2026-05-27 16:26:19 | flow.main | INFO     | logging_config.py:431 | Intermediate snapshot saved: 20260527_162619_task3_iter0_task_execution_task3.json
2026-05-27 16:26:21 | flow.main | INFO     | logging_config.py:431 | Intermediate snapshot saved: 20260527_162621_task2_iter1_validation_task2.json
2026-05-27 16:26:23 | flow.main | INFO     | logging_config.py:431 | Intermediate snapshot saved: 20260527_162623_task3_iter1_validation_task3.json
2026-05-27 16:26:23 | flow.main | INFO     | logging_config.py:431 | Intermediate snapshot saved: 20260527_162623_workflow_refinement_iter1_workflow_pre_refinement.json
2026-05-27 16:26:35 | flow.main | INFO     | logging_config.py:431 | Intermediate snapshot saved: 20260527_162635_workflow_refinement_iter2_workflow_post_refinement.json
2026-05-27 16:26:40 | flow.main | INFO     | logging_config.py:431 | Intermediate snapshot saved: 20260527_162640_task4_iter0_task_execution_task4.json
2026-05-27 16:26:45 | flow.main | INFO     | logging_config.py:431 | Intermediate snapshot saved: 20260527_162645_task5_iter0_task_execution_task5.json
2026-05-27 16:26:48 | flow.main | INFO     | logging_config.py:431 | Intermediate snapshot saved: 20260527_162648_task4_iter1_validation_task4.json
2026-05-27 16:26:50 | flow.main | INFO     | logging_config.py:431 | Intermediate snapshot saved: 20260527_162650_task5_iter1_validation_task5.json
2026-05-27 16:26:52 | flow.main | INFO     | logging_config.py:431 | Intermediate snapshot saved: 20260527_162652_task4_iter2_re_execution_task4.json
2026-05-27 16:26:56 | flow.main | INFO     | logging_config.py:431 | Intermediate snapshot saved: 20260527_162656_task4_iter2_validation_task4.json
2026-05-27 16:26:56 | flow.main | INFO     | logging_config.py:431 | Intermediate snapshot saved: 20260527_162656_workflow_refinement_iter1_workflow_pre_refinement.json
2026-05-27 16:27:01 | flow.main | INFO     | logging_config.py:431 | Intermediate snapshot saved: 20260527_162701_workflow_refinement_iter2_workflow_post_refinement.json
2026-05-27 16:27:01 | flow.main | INFO     | main.py:70 | Flow execution completed in 126.29 seconds
2026-05-27 16:27:01 | flow.main | INFO     | logging_config.py:215 | Results saved to runs/run_20260527_162455/results/workflow_final_state.json
2026-05-27 16:27:03 | flow.main | INFO     | logging_config.py:215 | Results saved to runs/run_20260527_162455/results/final_summary.json
2026-05-27 16:27:03 | flow.main | INFO     | logging_config.py:215 | Results saved to runs/run_20260527_162455/results/workflow_run_20260527_162703.json
2026-05-27 16:27:03 | flow.main | INFO     | main.py:100 | All results saved successfully to run directory: runs/run_20260527_162455
2026-05-27 16:27:03 | flow.main | INFO     | main.py:101 | Run completed! Check runs/run_20260527_162455 for all files from this execution.
