2026-05-22 12:14:39 | flow.main | INFO     | logging_config.py:282 | Run metadata saved to runs/run_20260522_121439/run_metadata.json
2026-05-22 12:14:39 | flow.main | INFO     | main.py:56 | Starting Flow execution for task: Develop a game that fuses Tetris and Bejeweled mechanics. 
This game needs to add keyboard control f...
2026-05-22 12:14:39 | flow.main | INFO     | main.py:57 | Run ID: 20260522_121439
2026-05-22 12:14:39 | flow.main | INFO     | main.py:58 | Run Directory: runs/run_20260522_121439
2026-05-22 12:14:39 | flow.main | INFO     | main.py:59 | Configuration: 5 candidates, refine_threshold=3, max_validation_itt=5
2026-05-22 12:15:08 | flow.main | INFO     | logging_config.py:431 | Intermediate snapshot saved: 20260522_121508_task0_iter0_task_execution_task0.json
2026-05-22 12:15:11 | flow.main | INFO     | logging_config.py:431 | Intermediate snapshot saved: 20260522_121511_task0_iter1_validation_task0.json
2026-05-22 12:15:17 | flow.main | INFO     | logging_config.py:431 | Intermediate snapshot saved: 20260522_121517_task3_iter0_task_execution_task3.json
2026-05-22 12:15:21 | flow.main | INFO     | logging_config.py:431 | Intermediate snapshot saved: 20260522_121521_task3_iter1_validation_task3.json
2026-05-22 12:15:29 | flow.main | INFO     | logging_config.py:431 | Intermediate snapshot saved: 20260522_121529_task2_iter0_task_execution_task2.json
2026-05-22 12:15:29 | flow.main | INFO     | logging_config.py:431 | Intermediate snapshot saved: 20260522_121529_task1_iter0_task_execution_task1.json
2026-05-22 12:15:45 | flow.main | INFO     | logging_config.py:431 | Intermediate snapshot saved: 20260522_121545_task1_iter1_validation_task1.json
2026-05-22 12:15:47 | flow.main | INFO     | logging_config.py:431 | Intermediate snapshot saved: 20260522_121547_task2_iter1_validation_task2.json
2026-05-22 12:16:03 | flow.main | INFO     | logging_config.py:431 | Intermediate snapshot saved: 20260522_121603_task1_iter0_task_execution_task1.json
2026-05-22 12:16:04 | flow.main | INFO     | logging_config.py:431 | Intermediate snapshot saved: 20260522_121604_task2_iter0_task_execution_task2.json
2026-05-22 12:16:15 | flow.main | INFO     | logging_config.py:431 | Intermediate snapshot saved: 20260522_121615_task2_iter1_validation_task2.json
2026-05-22 12:16:20 | flow.main | INFO     | logging_config.py:431 | Intermediate snapshot saved: 20260522_121620_task1_iter1_validation_task1.json
2026-05-22 12:16:23 | flow.main | INFO     | logging_config.py:431 | Intermediate snapshot saved: 20260522_121623_task2_iter0_task_execution_task2.json
2026-05-22 12:16:38 | flow.main | INFO     | logging_config.py:431 | Intermediate snapshot saved: 20260522_121638_task1_iter0_task_execution_task1.json
2026-05-22 12:16:38 | flow.main | INFO     | logging_config.py:431 | Intermediate snapshot saved: 20260522_121638_task2_iter1_validation_task2.json
2026-05-22 12:16:45 | flow.main | INFO     | logging_config.py:431 | Intermediate snapshot saved: 20260522_121645_task2_iter0_task_execution_task2.json
2026-05-22 12:16:52 | flow.main | INFO     | logging_config.py:431 | Intermediate snapshot saved: 20260522_121652_task1_iter1_validation_task1.json
2026-05-22 12:16:57 | flow.main | INFO     | logging_config.py:431 | Intermediate snapshot saved: 20260522_121657_task2_iter1_validation_task2.json
2026-05-22 12:17:09 | flow.main | INFO     | logging_config.py:431 | Intermediate snapshot saved: 20260522_121709_task2_iter0_task_execution_task2.json
2026-05-22 12:17:17 | flow.main | INFO     | logging_config.py:431 | Intermediate snapshot saved: 20260522_121717_task1_iter0_task_execution_task1.json
2026-05-22 12:17:27 | flow.main | INFO     | logging_config.py:431 | Intermediate snapshot saved: 20260522_121727_task2_iter1_validation_task2.json
2026-05-22 12:17:35 | flow.main | INFO     | logging_config.py:431 | Intermediate snapshot saved: 20260522_121735_task1_iter1_validation_task1.json
2026-05-22 12:17:35 | flow.main | INFO     | logging_config.py:431 | Intermediate snapshot saved: 20260522_121735_workflow_refinement_iter1_workflow_pre_refinement.json
2026-05-22 12:17:44 | flow.main | INFO     | logging_config.py:431 | Intermediate snapshot saved: 20260522_121744_workflow_refinement_iter2_workflow_post_refinement.json
2026-05-22 12:18:03 | flow.main | INFO     | logging_config.py:431 | Intermediate snapshot saved: 20260522_121803_task1_iter0_task_execution_task1.json
2026-05-22 12:18:25 | flow.main | INFO     | logging_config.py:431 | Intermediate snapshot saved: 20260522_121825_task1_iter1_validation_task1.json
2026-05-22 12:18:42 | flow.main | INFO     | logging_config.py:431 | Intermediate snapshot saved: 20260522_121842_task1_iter0_task_execution_task1.json
2026-05-22 12:19:07 | flow.main | INFO     | logging_config.py:431 | Intermediate snapshot saved: 20260522_121907_task1_iter1_validation_task1.json
2026-05-22 12:19:34 | flow.main | INFO     | logging_config.py:431 | Intermediate snapshot saved: 20260522_121934_task4_iter0_task_execution_task4.json
2026-05-22 12:19:39 | flow.main | INFO     | logging_config.py:431 | Intermediate snapshot saved: 20260522_121939_task4_iter1_validation_task4.json
2026-05-22 12:19:39 | flow.main | INFO     | main.py:67 | Flow execution completed in 300.70 seconds
2026-05-22 12:19:39 | flow.main | INFO     | logging_config.py:215 | Results saved to runs/run_20260522_121439/results/workflow_final_state.json
2026-05-22 12:21:20 | flow.main | INFO     | logging_config.py:215 | Results saved to runs/run_20260522_121439/results/final_summary.json
2026-05-22 12:21:20 | flow.main | INFO     | logging_config.py:215 | Results saved to runs/run_20260522_121439/results/workflow_run_20260522_122120.json
2026-05-22 12:21:20 | flow.main | INFO     | main.py:97 | All results saved successfully to run directory: runs/run_20260522_121439
2026-05-22 12:21:20 | flow.main | INFO     | main.py:98 | Run completed! Check runs/run_20260522_121439 for all files from this execution.
