2026-05-27 16:52:13 | flow.main | INFO     | logging_config.py:282 | Run metadata saved to runs/run_20260527_165212/run_metadata.json
2026-05-27 16:52:13 | flow.main | INFO     | main.py:59 | Starting Flow execution for task: You are a workflow planning agent.
Your task is to:
-"Analyze the job description",
    "Analyze the...
2026-05-27 16:52:13 | flow.main | INFO     | main.py:60 | Run ID: 20260527_165212
2026-05-27 16:52:13 | flow.main | INFO     | main.py:61 | Run Directory: runs/run_20260527_165212
2026-05-27 16:52:13 | flow.main | INFO     | main.py:62 | Configuration: 5 candidates, refine_threshold=3, max_validation_itt=5
2026-05-27 16:53:01 | flow.main | INFO     | logging_config.py:431 | Intermediate snapshot saved: 20260527_165301_task0_iter0_task_execution_task0.json
2026-05-27 16:53:06 | flow.main | INFO     | logging_config.py:431 | Intermediate snapshot saved: 20260527_165306_task1_iter0_task_execution_task1.json
2026-05-27 16:53:07 | flow.main | INFO     | logging_config.py:431 | Intermediate snapshot saved: 20260527_165307_task3_iter0_task_execution_task3.json
2026-05-27 16:53:09 | flow.main | INFO     | logging_config.py:431 | Intermediate snapshot saved: 20260527_165309_task1_iter1_validation_task1.json
2026-05-27 16:53:10 | flow.main | INFO     | logging_config.py:431 | Intermediate snapshot saved: 20260527_165310_task3_iter1_validation_task3.json
2026-05-27 16:53:12 | flow.main | INFO     | logging_config.py:431 | Intermediate snapshot saved: 20260527_165312_task0_iter1_validation_task0.json
2026-05-27 16:53:12 | flow.main | INFO     | logging_config.py:431 | Intermediate snapshot saved: 20260527_165312_workflow_refinement_iter1_workflow_pre_refinement.json
2026-05-27 16:53:38 | flow.main | INFO     | logging_config.py:431 | Intermediate snapshot saved: 20260527_165338_workflow_refinement_iter2_workflow_post_refinement.json
2026-05-27 16:53:44 | flow.main | INFO     | logging_config.py:431 | Intermediate snapshot saved: 20260527_165344_task0_iter0_task_execution_task0.json
2026-05-27 16:53:59 | flow.main | INFO     | logging_config.py:431 | Intermediate snapshot saved: 20260527_165359_task0_iter1_validation_task0.json
2026-05-27 16:54:07 | flow.main | INFO     | logging_config.py:431 | Intermediate snapshot saved: 20260527_165407_task2_iter0_task_execution_task2.json
2026-05-27 16:54:12 | flow.main | INFO     | logging_config.py:431 | Intermediate snapshot saved: 20260527_165412_task2_iter1_validation_task2.json
2026-05-27 16:54:19 | flow.main | INFO     | logging_config.py:431 | Intermediate snapshot saved: 20260527_165419_task4_iter0_task_execution_task4.json
2026-05-27 16:54:36 | flow.main | INFO     | logging_config.py:431 | Intermediate snapshot saved: 20260527_165436_task4_iter1_validation_task4.json
2026-05-27 16:54:45 | flow.main | INFO     | logging_config.py:431 | Intermediate snapshot saved: 20260527_165445_task4_iter2_re_execution_task4.json
2026-05-27 16:54:48 | flow.main | INFO     | logging_config.py:431 | Intermediate snapshot saved: 20260527_165448_task4_iter2_validation_task4.json
2026-05-27 16:54:48 | flow.main | INFO     | logging_config.py:431 | Intermediate snapshot saved: 20260527_165448_workflow_refinement_iter1_workflow_pre_refinement.json
2026-05-27 16:54:54 | flow.main | INFO     | logging_config.py:431 | Intermediate snapshot saved: 20260527_165454_workflow_refinement_iter2_workflow_post_refinement.json
2026-05-27 16:54:57 | flow.main | INFO     | logging_config.py:431 | Intermediate snapshot saved: 20260527_165457_task5_iter0_task_execution_task5.json
2026-05-27 16:55:08 | flow.main | INFO     | logging_config.py:431 | Intermediate snapshot saved: 20260527_165508_task5_iter1_validation_task5.json
2026-05-27 16:55:13 | flow.main | INFO     | logging_config.py:431 | Intermediate snapshot saved: 20260527_165513_task5_iter2_re_execution_task5.json
2026-05-27 16:55:28 | flow.main | INFO     | logging_config.py:431 | Intermediate snapshot saved: 20260527_165528_task5_iter2_validation_task5.json
2026-05-27 16:55:34 | flow.main | INFO     | logging_config.py:431 | Intermediate snapshot saved: 20260527_165534_task5_iter3_re_execution_task5.json
2026-05-27 16:55:37 | flow.main | INFO     | logging_config.py:431 | Intermediate snapshot saved: 20260527_165537_task5_iter3_validation_task5.json
2026-05-27 16:55:48 | flow.main | INFO     | logging_config.py:431 | Intermediate snapshot saved: 20260527_165548_task3_iter0_task_execution_task3.json
2026-05-27 16:56:05 | flow.main | INFO     | logging_config.py:431 | Intermediate snapshot saved: 20260527_165605_task3_iter1_validation_task3.json
2026-05-27 16:56:16 | flow.main | INFO     | logging_config.py:431 | Intermediate snapshot saved: 20260527_165616_task3_iter2_re_execution_task3.json
2026-05-27 16:56:20 | flow.main | INFO     | logging_config.py:431 | Intermediate snapshot saved: 20260527_165620_task3_iter2_validation_task3.json
2026-05-27 16:56:20 | flow.main | INFO     | main.py:70 | Flow execution completed in 247.44 seconds
2026-05-27 16:56:20 | flow.main | INFO     | logging_config.py:215 | Results saved to runs/run_20260527_165212/results/workflow_final_state.json
2026-05-27 16:56:53 | flow.main | INFO     | logging_config.py:215 | Results saved to runs/run_20260527_165212/results/final_summary.json
2026-05-27 16:56:53 | flow.main | INFO     | logging_config.py:215 | Results saved to runs/run_20260527_165212/results/workflow_run_20260527_165653.json
2026-05-27 16:56:53 | flow.main | INFO     | main.py:100 | All results saved successfully to run directory: runs/run_20260527_165212
2026-05-27 16:56:53 | flow.main | INFO     | main.py:101 | Run completed! Check runs/run_20260527_165212 for all files from this execution.
