2026-05-22 11:32:37 | flow.main | INFO     | logging_config.py:282 | Run metadata saved to runs/run_20260522_113236/run_metadata.json
2026-05-22 11:32:37 | flow.main | INFO     | main.py:56 | Starting Flow execution for task: Develop a game that fuses Tetris and Bejeweled mechanics. 
This game needs to add keyboard control f...
2026-05-22 11:32:37 | flow.main | INFO     | main.py:57 | Run ID: 20260522_113236
2026-05-22 11:32:37 | flow.main | INFO     | main.py:58 | Run Directory: runs/run_20260522_113236
2026-05-22 11:32:37 | flow.main | INFO     | main.py:59 | Configuration: 5 candidates, refine_threshold=3, max_validation_itt=5
2026-05-22 11:32:56 | flow.main | INFO     | logging_config.py:431 | Intermediate snapshot saved: 20260522_113256_task4_iter0_task_execution_task4.json
2026-05-22 11:32:59 | flow.main | INFO     | logging_config.py:431 | Intermediate snapshot saved: 20260522_113259_task4_iter1_validation_task4.json
2026-05-22 11:33:03 | flow.main | INFO     | logging_config.py:431 | Intermediate snapshot saved: 20260522_113303_task0_iter0_task_execution_task0.json
2026-05-22 11:33:06 | flow.main | INFO     | logging_config.py:431 | Intermediate snapshot saved: 20260522_113306_task0_iter1_validation_task0.json
2026-05-22 11:33:11 | flow.main | INFO     | logging_config.py:431 | Intermediate snapshot saved: 20260522_113311_task1_iter0_task_execution_task1.json
2026-05-22 11:33:20 | flow.main | INFO     | logging_config.py:431 | Intermediate snapshot saved: 20260522_113320_task2_iter0_task_execution_task2.json
2026-05-22 11:33:22 | flow.main | INFO     | logging_config.py:431 | Intermediate snapshot saved: 20260522_113322_task1_iter1_validation_task1.json
2026-05-22 11:33:25 | flow.main | INFO     | logging_config.py:431 | Intermediate snapshot saved: 20260522_113325_task5_iter0_task_execution_task5.json
2026-05-22 11:33:27 | flow.main | INFO     | logging_config.py:431 | Intermediate snapshot saved: 20260522_113327_task2_iter1_validation_task2.json
2026-05-22 11:33:46 | flow.main | INFO     | logging_config.py:431 | Intermediate snapshot saved: 20260522_113346_task5_iter1_validation_task5.json
2026-05-22 11:34:15 | flow.main | INFO     | logging_config.py:431 | Intermediate snapshot saved: 20260522_113415_task5_iter2_re_execution_task5.json
2026-05-22 11:34:19 | flow.main | INFO     | logging_config.py:431 | Intermediate snapshot saved: 20260522_113419_task5_iter2_validation_task5.json
2026-05-22 11:34:19 | flow.main | INFO     | logging_config.py:431 | Intermediate snapshot saved: 20260522_113419_workflow_refinement_iter1_workflow_pre_refinement.json
2026-05-22 11:34:22 | flow.main | INFO     | logging_config.py:431 | Intermediate snapshot saved: 20260522_113422_workflow_refinement_iter2_workflow_post_refinement.json
2026-05-22 11:34:26 | flow.main | INFO     | logging_config.py:431 | Intermediate snapshot saved: 20260522_113426_task3_iter0_task_execution_task3.json
2026-05-22 11:34:43 | flow.main | INFO     | logging_config.py:431 | Intermediate snapshot saved: 20260522_113443_task3_iter1_validation_task3.json
2026-05-22 11:34:55 | flow.main | INFO     | logging_config.py:431 | Intermediate snapshot saved: 20260522_113455_task3_iter2_re_execution_task3.json
2026-05-22 11:35:07 | flow.main | INFO     | logging_config.py:431 | Intermediate snapshot saved: 20260522_113507_task3_iter2_validation_task3.json
2026-05-22 11:35:25 | flow.main | INFO     | logging_config.py:431 | Intermediate snapshot saved: 20260522_113525_task3_iter3_re_execution_task3.json
2026-05-22 11:35:28 | flow.main | INFO     | logging_config.py:431 | Intermediate snapshot saved: 20260522_113528_task3_iter3_validation_task3.json
2026-05-22 11:35:28 | flow.main | INFO     | logging_config.py:431 | Intermediate snapshot saved: 20260522_113528_workflow_refinement_iter1_workflow_pre_refinement.json
2026-05-22 11:35:31 | flow.main | INFO     | logging_config.py:431 | Intermediate snapshot saved: 20260522_113531_workflow_refinement_iter2_workflow_post_refinement.json
2026-05-22 11:36:10 | flow.main | INFO     | logging_config.py:431 | Intermediate snapshot saved: 20260522_113610_task6_iter0_task_execution_task6.json
2026-05-22 11:36:39 | flow.main | INFO     | logging_config.py:431 | Intermediate snapshot saved: 20260522_113639_task6_iter1_validation_task6.json
2026-05-22 11:37:15 | flow.main | INFO     | logging_config.py:431 | Intermediate snapshot saved: 20260522_113715_task6_iter2_re_execution_task6.json
2026-05-22 11:37:19 | flow.main | INFO     | logging_config.py:431 | Intermediate snapshot saved: 20260522_113719_task6_iter2_validation_task6.json
2026-05-22 11:37:19 | flow.main | INFO     | main.py:67 | Flow execution completed in 282.88 seconds
2026-05-22 11:37:19 | flow.main | INFO     | logging_config.py:215 | Results saved to runs/run_20260522_113236/results/workflow_final_state.json
2026-05-22 11:39:36 | flow.main | INFO     | logging_config.py:215 | Results saved to runs/run_20260522_113236/results/final_summary.json
2026-05-22 11:39:36 | flow.main | INFO     | logging_config.py:215 | Results saved to runs/run_20260522_113236/results/workflow_run_20260522_113936.json
2026-05-22 11:39:36 | flow.main | INFO     | main.py:97 | All results saved successfully to run directory: runs/run_20260522_113236
2026-05-22 11:39:36 | flow.main | INFO     | main.py:98 | Run completed! Check runs/run_20260522_113236 for all files from this execution.
