2026-05-28 12:43:48 | flow.main | INFO     | logging_config.py:282 | Run metadata saved to runs/run_20260528_124348/run_metadata.json
2026-05-28 12:43:48 | flow.main | INFO     | main.py:59 | Starting Flow execution for task: 
Your task is to take interview. The following are the steps
-"Analyze the job description",
    "An...
2026-05-28 12:43:48 | flow.main | INFO     | main.py:60 | Run ID: 20260528_124348
2026-05-28 12:43:48 | flow.main | INFO     | main.py:61 | Run Directory: runs/run_20260528_124348
2026-05-28 12:43:48 | flow.main | INFO     | main.py:62 | Configuration: 5 candidates, refine_threshold=3, max_validation_itt=5
2026-05-28 12:44:59 | flow.main | INFO     | logging_config.py:431 | Intermediate snapshot saved: 20260528_124459_task0_iter0_task_execution_task0.json
2026-05-28 12:45:02 | flow.main | INFO     | logging_config.py:431 | Intermediate snapshot saved: 20260528_124502_task1_iter0_task_execution_task1.json
2026-05-28 12:45:03 | flow.main | INFO     | logging_config.py:431 | Intermediate snapshot saved: 20260528_124503_task0_iter1_validation_task0.json
2026-05-28 12:45:04 | flow.main | INFO     | logging_config.py:431 | Intermediate snapshot saved: 20260528_124504_task1_iter1_validation_task1.json
2026-05-28 12:45:05 | flow.main | INFO     | logging_config.py:431 | Intermediate snapshot saved: 20260528_124505_task0_iter2_re_execution_task0.json
2026-05-28 12:45:08 | flow.main | INFO     | logging_config.py:431 | Intermediate snapshot saved: 20260528_124508_task0_iter2_validation_task0.json
2026-05-28 12:45:16 | flow.main | INFO     | logging_config.py:431 | Intermediate snapshot saved: 20260528_124516_task2_iter0_task_execution_task2.json
2026-05-28 12:45:16 | flow.main | INFO     | logging_config.py:431 | Intermediate snapshot saved: 20260528_124516_task3_iter0_task_execution_task3.json
2026-05-28 12:45:26 | flow.main | INFO     | logging_config.py:431 | Intermediate snapshot saved: 20260528_124526_task3_iter1_validation_task3.json
2026-05-28 12:45:28 | flow.main | INFO     | logging_config.py:431 | Intermediate snapshot saved: 20260528_124528_task2_iter1_validation_task2.json
2026-05-28 12:45:28 | flow.main | INFO     | logging_config.py:431 | Intermediate snapshot saved: 20260528_124528_workflow_refinement_iter1_workflow_pre_refinement.json
2026-05-28 12:45:33 | flow.main | INFO     | logging_config.py:431 | Intermediate snapshot saved: 20260528_124533_workflow_refinement_iter2_workflow_post_refinement.json
2026-05-28 12:45:40 | flow.main | INFO     | logging_config.py:431 | Intermediate snapshot saved: 20260528_124540_task4_iter0_task_execution_task4.json
2026-05-28 12:45:51 | flow.main | INFO     | logging_config.py:431 | Intermediate snapshot saved: 20260528_124551_task4_iter1_validation_task4.json
2026-05-28 12:45:54 | flow.main | INFO     | logging_config.py:431 | Intermediate snapshot saved: 20260528_124554_task5_iter0_task_execution_task5.json
2026-05-28 12:45:59 | flow.main | INFO     | logging_config.py:431 | Intermediate snapshot saved: 20260528_124559_task5_iter1_validation_task5.json
2026-05-28 12:45:59 | flow.main | INFO     | logging_config.py:431 | Intermediate snapshot saved: 20260528_124559_workflow_refinement_iter1_workflow_pre_refinement.json
2026-05-28 12:46:13 | flow.main | INFO     | logging_config.py:431 | Intermediate snapshot saved: 20260528_124613_workflow_refinement_iter2_workflow_post_refinement.json
2026-05-28 12:46:16 | flow.main | INFO     | logging_config.py:431 | Intermediate snapshot saved: 20260528_124616_task6_iter0_task_execution_task6.json
2026-05-28 12:46:26 | flow.main | INFO     | logging_config.py:431 | Intermediate snapshot saved: 20260528_124626_task6_iter1_validation_task6.json
2026-05-28 12:46:31 | flow.main | INFO     | logging_config.py:431 | Intermediate snapshot saved: 20260528_124631_task6_iter2_re_execution_task6.json
2026-05-28 12:46:34 | flow.main | INFO     | logging_config.py:431 | Intermediate snapshot saved: 20260528_124634_task6_iter2_validation_task6.json
2026-05-28 12:46:34 | flow.main | INFO     | main.py:70 | Flow execution completed in 165.95 seconds
2026-05-28 12:46:34 | flow.main | INFO     | logging_config.py:215 | Results saved to runs/run_20260528_124348/results/workflow_final_state.json
2026-05-28 12:47:02 | flow.main | INFO     | logging_config.py:215 | Results saved to runs/run_20260528_124348/results/final_summary.json
2026-05-28 12:47:02 | flow.main | INFO     | logging_config.py:215 | Results saved to runs/run_20260528_124348/results/workflow_run_20260528_124702.json
2026-05-28 12:47:02 | flow.main | INFO     | main.py:100 | All results saved successfully to run directory: runs/run_20260528_124348
2026-05-28 12:47:02 | flow.main | INFO     | main.py:101 | Run completed! Check runs/run_20260528_124348 for all files from this execution.
