2026-05-22 12:40:59 | flow.main | INFO     | logging_config.py:282 | Run metadata saved to runs/run_20260522_124058/run_metadata.json
2026-05-22 12:40:59 | flow.main | INFO     | main.py:56 | Starting Flow execution for task: Develop a game that fuses Tetris and Bejeweled mechanics. 
This game needs to add keyboard control f...
2026-05-22 12:40:59 | flow.main | INFO     | main.py:57 | Run ID: 20260522_124058
2026-05-22 12:40:59 | flow.main | INFO     | main.py:58 | Run Directory: runs/run_20260522_124058
2026-05-22 12:40:59 | flow.main | INFO     | main.py:59 | Configuration: 5 candidates, refine_threshold=3, max_validation_itt=5
2026-05-22 12:41:31 | flow.main | INFO     | logging_config.py:431 | Intermediate snapshot saved: 20260522_124131_task0_iter0_task_execution_task0.json
2026-05-22 12:41:35 | flow.main | INFO     | logging_config.py:431 | Intermediate snapshot saved: 20260522_124135_task0_iter1_validation_task0.json
2026-05-22 12:41:39 | flow.main | INFO     | logging_config.py:431 | Intermediate snapshot saved: 20260522_124139_task3_iter0_task_execution_task3.json
2026-05-22 12:41:43 | flow.main | INFO     | logging_config.py:431 | Intermediate snapshot saved: 20260522_124143_task1_iter0_task_execution_task1.json
2026-05-22 12:41:50 | flow.main | INFO     | logging_config.py:431 | Intermediate snapshot saved: 20260522_124150_task3_iter1_validation_task3.json
2026-05-22 12:41:54 | flow.main | INFO     | logging_config.py:431 | Intermediate snapshot saved: 20260522_124154_task3_iter2_re_execution_task3.json
2026-05-22 12:41:57 | flow.main | INFO     | logging_config.py:431 | Intermediate snapshot saved: 20260522_124157_task1_iter1_validation_task1.json
2026-05-22 12:42:02 | flow.main | INFO     | logging_config.py:431 | Intermediate snapshot saved: 20260522_124202_task3_iter2_validation_task3.json
2026-05-22 12:42:04 | flow.main | INFO     | logging_config.py:431 | Intermediate snapshot saved: 20260522_124204_task1_iter2_re_execution_task1.json
2026-05-22 12:42:07 | flow.main | INFO     | logging_config.py:431 | Intermediate snapshot saved: 20260522_124207_task3_iter3_re_execution_task3.json
2026-05-22 12:42:08 | flow.main | INFO     | logging_config.py:431 | Intermediate snapshot saved: 20260522_124208_task1_iter2_validation_task1.json
2026-05-22 12:42:16 | flow.main | INFO     | logging_config.py:431 | Intermediate snapshot saved: 20260522_124216_task3_iter3_validation_task3.json
2026-05-22 12:42:18 | flow.main | INFO     | logging_config.py:431 | Intermediate snapshot saved: 20260522_124218_task2_iter0_task_execution_task2.json
2026-05-22 12:42:21 | flow.main | INFO     | logging_config.py:431 | Intermediate snapshot saved: 20260522_124221_task3_iter4_re_execution_task3.json
2026-05-22 12:42:24 | flow.main | INFO     | logging_config.py:431 | Intermediate snapshot saved: 20260522_124224_task4_iter0_task_execution_task4.json
2026-05-22 12:42:27 | flow.main | INFO     | logging_config.py:431 | Intermediate snapshot saved: 20260522_124227_task4_iter1_validation_task4.json
2026-05-22 12:42:30 | flow.main | INFO     | logging_config.py:431 | Intermediate snapshot saved: 20260522_124230_task3_iter4_validation_task3.json
2026-05-22 12:42:35 | flow.main | INFO     | logging_config.py:431 | Intermediate snapshot saved: 20260522_124235_task3_iter5_re_execution_task3.json
2026-05-22 12:42:37 | flow.main | INFO     | logging_config.py:431 | Intermediate snapshot saved: 20260522_124237_task2_iter1_validation_task2.json
2026-05-22 12:42:45 | flow.main | INFO     | logging_config.py:431 | Intermediate snapshot saved: 20260522_124245_task2_iter2_re_execution_task2.json
2026-05-22 12:42:48 | flow.main | INFO     | logging_config.py:431 | Intermediate snapshot saved: 20260522_124248_task2_iter2_validation_task2.json
2026-05-22 12:42:51 | flow.main | INFO     | logging_config.py:431 | Intermediate snapshot saved: 20260522_124251_task3_iter5_validation_task3.json
2026-05-22 12:42:51 | flow.main | INFO     | logging_config.py:431 | Intermediate snapshot saved: 20260522_124251_workflow_refinement_iter1_workflow_pre_refinement.json
2026-05-22 12:43:11 | flow.main | INFO     | logging_config.py:431 | Intermediate snapshot saved: 20260522_124311_workflow_refinement_iter2_workflow_post_refinement.json
2026-05-22 12:43:15 | flow.main | INFO     | logging_config.py:431 | Intermediate snapshot saved: 20260522_124315_task3_iter0_task_execution_task3.json
2026-05-22 12:43:27 | flow.main | INFO     | logging_config.py:431 | Intermediate snapshot saved: 20260522_124327_task3_iter1_validation_task3.json
2026-05-22 12:43:33 | flow.main | INFO     | logging_config.py:431 | Intermediate snapshot saved: 20260522_124333_task3_iter2_re_execution_task3.json
2026-05-22 12:43:40 | flow.main | INFO     | logging_config.py:431 | Intermediate snapshot saved: 20260522_124340_task3_iter2_validation_task3.json
2026-05-22 12:43:40 | flow.main | INFO     | logging_config.py:431 | Intermediate snapshot saved: 20260522_124340_workflow_refinement_iter1_workflow_pre_refinement.json
2026-05-22 12:43:43 | flow.main | INFO     | logging_config.py:431 | Intermediate snapshot saved: 20260522_124343_workflow_refinement_iter2_workflow_post_refinement.json
2026-05-22 12:43:54 | flow.main | INFO     | logging_config.py:431 | Intermediate snapshot saved: 20260522_124354_task5_iter0_task_execution_task5.json
2026-05-22 12:44:11 | flow.main | INFO     | logging_config.py:431 | Intermediate snapshot saved: 20260522_124411_task5_iter1_validation_task5.json
2026-05-22 12:44:23 | flow.main | INFO     | logging_config.py:431 | Intermediate snapshot saved: 20260522_124423_task5_iter2_re_execution_task5.json
2026-05-22 12:44:26 | flow.main | INFO     | logging_config.py:431 | Intermediate snapshot saved: 20260522_124426_task5_iter2_validation_task5.json
2026-05-22 12:44:36 | flow.main | INFO     | logging_config.py:431 | Intermediate snapshot saved: 20260522_124436_task6_iter0_task_execution_task6.json
2026-05-22 12:44:56 | flow.main | INFO     | logging_config.py:431 | Intermediate snapshot saved: 20260522_124456_task6_iter1_validation_task6.json
2026-05-22 12:45:05 | flow.main | INFO     | logging_config.py:431 | Intermediate snapshot saved: 20260522_124505_task6_iter2_re_execution_task6.json
2026-05-22 12:45:23 | flow.main | INFO     | logging_config.py:431 | Intermediate snapshot saved: 20260522_124523_task6_iter2_validation_task6.json
2026-05-22 12:45:32 | flow.main | INFO     | logging_config.py:431 | Intermediate snapshot saved: 20260522_124532_task6_iter3_re_execution_task6.json
2026-05-22 12:45:49 | flow.main | INFO     | logging_config.py:431 | Intermediate snapshot saved: 20260522_124549_task6_iter3_validation_task6.json
2026-05-22 12:45:58 | flow.main | INFO     | logging_config.py:431 | Intermediate snapshot saved: 20260522_124558_task6_iter4_re_execution_task6.json
2026-05-22 12:46:14 | flow.main | INFO     | logging_config.py:431 | Intermediate snapshot saved: 20260522_124614_task6_iter4_validation_task6.json
2026-05-22 12:46:24 | flow.main | INFO     | logging_config.py:431 | Intermediate snapshot saved: 20260522_124624_task6_iter5_re_execution_task6.json
2026-05-22 12:46:36 | flow.main | INFO     | logging_config.py:431 | Intermediate snapshot saved: 20260522_124636_task6_iter5_validation_task6.json
2026-05-22 12:46:48 | flow.main | INFO     | logging_config.py:431 | Intermediate snapshot saved: 20260522_124648_task6_iter0_task_execution_task6.json
2026-05-22 12:47:09 | flow.main | INFO     | logging_config.py:431 | Intermediate snapshot saved: 20260522_124709_task6_iter1_validation_task6.json
2026-05-22 12:47:20 | flow.main | INFO     | logging_config.py:431 | Intermediate snapshot saved: 20260522_124720_task6_iter2_re_execution_task6.json
2026-05-22 12:47:35 | flow.main | INFO     | logging_config.py:431 | Intermediate snapshot saved: 20260522_124735_task6_iter2_validation_task6.json
2026-05-22 12:47:35 | flow.main | INFO     | logging_config.py:431 | Intermediate snapshot saved: 20260522_124735_workflow_refinement_iter1_workflow_pre_refinement.json
2026-05-22 12:47:35 | flow.main | INFO     | main.py:67 | Flow execution completed in 396.55 seconds
2026-05-22 12:47:35 | flow.main | INFO     | logging_config.py:215 | Results saved to runs/run_20260522_124058/results/workflow_final_state.json
2026-05-22 12:48:51 | flow.main | INFO     | logging_config.py:215 | Results saved to runs/run_20260522_124058/results/final_summary.json
2026-05-22 12:48:51 | flow.main | INFO     | logging_config.py:215 | Results saved to runs/run_20260522_124058/results/workflow_run_20260522_124851.json
2026-05-22 12:48:51 | flow.main | INFO     | main.py:97 | All results saved successfully to run directory: runs/run_20260522_124058
2026-05-22 12:48:51 | flow.main | INFO     | main.py:98 | Run completed! Check runs/run_20260522_124058 for all files from this execution.
