2026-05-27 17:22:51 | flow.main | INFO     | logging_config.py:282 | Run metadata saved to runs/run_20260527_172251/run_metadata.json
2026-05-27 17:22:51 | flow.main | INFO     | main.py:59 | Starting Flow execution for task: You are a workflow planning agent.
Your task is to:
-"Analyze the job description",
    "Analyze the...
2026-05-27 17:22:51 | flow.main | INFO     | main.py:60 | Run ID: 20260527_172251
2026-05-27 17:22:51 | flow.main | INFO     | main.py:61 | Run Directory: runs/run_20260527_172251
2026-05-27 17:22:51 | flow.main | INFO     | main.py:62 | Configuration: 5 candidates, refine_threshold=3, max_validation_itt=5
2026-05-27 17:23:54 | flow.main | INFO     | logging_config.py:431 | Intermediate snapshot saved: 20260527_172354_task1_iter0_task_execution_task1.json
2026-05-27 17:23:55 | flow.main | INFO     | logging_config.py:431 | Intermediate snapshot saved: 20260527_172355_task0_iter0_task_execution_task0.json
2026-05-27 17:24:05 | flow.main | INFO     | logging_config.py:431 | Intermediate snapshot saved: 20260527_172405_task1_iter1_validation_task1.json
2026-05-27 17:24:06 | flow.main | INFO     | logging_config.py:431 | Intermediate snapshot saved: 20260527_172406_task0_iter1_validation_task0.json
2026-05-27 17:24:08 | flow.main | INFO     | logging_config.py:431 | Intermediate snapshot saved: 20260527_172408_task0_iter2_re_execution_task0.json
2026-05-27 17:24:08 | flow.main | INFO     | logging_config.py:431 | Intermediate snapshot saved: 20260527_172408_task1_iter2_re_execution_task1.json
2026-05-27 17:24:14 | flow.main | INFO     | logging_config.py:431 | Intermediate snapshot saved: 20260527_172414_task0_iter2_validation_task0.json
2026-05-27 17:24:16 | flow.main | INFO     | logging_config.py:431 | Intermediate snapshot saved: 20260527_172416_task0_iter3_re_execution_task0.json
2026-05-27 17:24:22 | flow.main | INFO     | logging_config.py:431 | Intermediate snapshot saved: 20260527_172422_task1_iter2_validation_task1.json
2026-05-27 17:24:26 | flow.main | INFO     | logging_config.py:431 | Intermediate snapshot saved: 20260527_172426_task1_iter3_re_execution_task1.json
2026-05-27 17:24:29 | flow.main | INFO     | logging_config.py:431 | Intermediate snapshot saved: 20260527_172429_task0_iter3_validation_task0.json
2026-05-27 17:24:31 | flow.main | INFO     | logging_config.py:431 | Intermediate snapshot saved: 20260527_172431_task0_iter4_re_execution_task0.json
2026-05-27 17:24:33 | flow.main | INFO     | logging_config.py:431 | Intermediate snapshot saved: 20260527_172433_task1_iter3_validation_task1.json
2026-05-27 17:24:35 | flow.main | INFO     | logging_config.py:431 | Intermediate snapshot saved: 20260527_172435_task1_iter4_re_execution_task1.json
2026-05-27 17:24:39 | flow.main | INFO     | logging_config.py:431 | Intermediate snapshot saved: 20260527_172439_task0_iter4_validation_task0.json
2026-05-27 17:24:41 | flow.main | INFO     | logging_config.py:431 | Intermediate snapshot saved: 20260527_172441_task0_iter5_re_execution_task0.json
2026-05-27 17:24:50 | flow.main | INFO     | logging_config.py:431 | Intermediate snapshot saved: 20260527_172450_task0_iter5_validation_task0.json
2026-05-27 17:24:51 | flow.main | INFO     | logging_config.py:431 | Intermediate snapshot saved: 20260527_172451_task1_iter4_validation_task1.json
2026-05-27 17:24:52 | flow.main | INFO     | logging_config.py:431 | Intermediate snapshot saved: 20260527_172452_task0_iter0_task_execution_task0.json
2026-05-27 17:24:53 | flow.main | INFO     | logging_config.py:431 | Intermediate snapshot saved: 20260527_172453_task1_iter5_re_execution_task1.json
2026-05-27 17:25:00 | flow.main | INFO     | logging_config.py:431 | Intermediate snapshot saved: 20260527_172500_task1_iter5_validation_task1.json
2026-05-27 17:25:01 | flow.main | INFO     | logging_config.py:431 | Intermediate snapshot saved: 20260527_172501_task0_iter1_validation_task0.json
2026-05-27 17:25:04 | flow.main | INFO     | logging_config.py:431 | Intermediate snapshot saved: 20260527_172504_task1_iter0_task_execution_task1.json
2026-05-27 17:25:05 | flow.main | INFO     | logging_config.py:431 | Intermediate snapshot saved: 20260527_172505_task0_iter2_re_execution_task0.json
2026-05-27 17:25:12 | flow.main | INFO     | logging_config.py:431 | Intermediate snapshot saved: 20260527_172512_task1_iter1_validation_task1.json
2026-05-27 17:25:14 | flow.main | INFO     | logging_config.py:431 | Intermediate snapshot saved: 20260527_172514_task0_iter2_validation_task0.json
2026-05-27 17:25:15 | flow.main | INFO     | logging_config.py:431 | Intermediate snapshot saved: 20260527_172515_task1_iter2_re_execution_task1.json
2026-05-27 17:25:18 | flow.main | INFO     | logging_config.py:431 | Intermediate snapshot saved: 20260527_172518_task0_iter3_re_execution_task0.json
2026-05-27 17:25:22 | flow.main | INFO     | logging_config.py:431 | Intermediate snapshot saved: 20260527_172522_task1_iter2_validation_task1.json
2026-05-27 17:25:22 | flow.main | INFO     | logging_config.py:431 | Intermediate snapshot saved: 20260527_172522_task0_iter3_validation_task0.json
2026-05-27 17:25:25 | flow.main | INFO     | logging_config.py:431 | Intermediate snapshot saved: 20260527_172525_task0_iter4_re_execution_task0.json
2026-05-27 17:25:26 | flow.main | INFO     | logging_config.py:431 | Intermediate snapshot saved: 20260527_172526_task1_iter3_re_execution_task1.json
2026-05-27 17:25:32 | flow.main | INFO     | logging_config.py:431 | Intermediate snapshot saved: 20260527_172532_task0_iter4_validation_task0.json
2026-05-27 17:25:34 | flow.main | INFO     | logging_config.py:431 | Intermediate snapshot saved: 20260527_172534_task1_iter3_validation_task1.json
2026-05-27 17:25:35 | flow.main | INFO     | logging_config.py:431 | Intermediate snapshot saved: 20260527_172535_task0_iter5_re_execution_task0.json
2026-05-27 17:25:38 | flow.main | INFO     | logging_config.py:431 | Intermediate snapshot saved: 20260527_172538_task1_iter4_re_execution_task1.json
2026-05-27 17:25:40 | flow.main | INFO     | logging_config.py:431 | Intermediate snapshot saved: 20260527_172540_task0_iter5_validation_task0.json
2026-05-27 17:25:46 | flow.main | INFO     | logging_config.py:431 | Intermediate snapshot saved: 20260527_172546_task1_iter4_validation_task1.json
2026-05-27 17:25:49 | flow.main | INFO     | logging_config.py:431 | Intermediate snapshot saved: 20260527_172549_task1_iter5_re_execution_task1.json
2026-05-27 17:25:58 | flow.main | INFO     | logging_config.py:431 | Intermediate snapshot saved: 20260527_172558_task1_iter5_validation_task1.json
2026-05-27 17:25:58 | flow.main | INFO     | logging_config.py:431 | Intermediate snapshot saved: 20260527_172558_workflow_refinement_iter1_workflow_pre_refinement.json
2026-05-27 17:26:09 | flow.main | INFO     | logging_config.py:431 | Intermediate snapshot saved: 20260527_172609_workflow_refinement_iter2_workflow_post_refinement.json
2026-05-27 17:26:11 | flow.main | INFO     | logging_config.py:431 | Intermediate snapshot saved: 20260527_172611_task0_iter0_task_execution_task0.json
2026-05-27 17:26:12 | flow.main | INFO     | logging_config.py:431 | Intermediate snapshot saved: 20260527_172612_task1_iter0_task_execution_task1.json
2026-05-27 17:26:15 | flow.main | INFO     | logging_config.py:431 | Intermediate snapshot saved: 20260527_172615_task0_iter1_validation_task0.json
2026-05-27 17:26:15 | flow.main | INFO     | logging_config.py:431 | Intermediate snapshot saved: 20260527_172615_task1_iter1_validation_task1.json
2026-05-27 17:26:15 | flow.main | INFO     | logging_config.py:431 | Intermediate snapshot saved: 20260527_172615_workflow_refinement_iter1_workflow_pre_refinement.json
2026-05-27 17:26:23 | flow.main | INFO     | logging_config.py:431 | Intermediate snapshot saved: 20260527_172623_workflow_refinement_iter2_workflow_post_refinement.json
2026-05-27 17:26:27 | flow.main | INFO     | logging_config.py:431 | Intermediate snapshot saved: 20260527_172627_task2_iter0_task_execution_task2.json
2026-05-27 17:26:27 | flow.main | INFO     | logging_config.py:431 | Intermediate snapshot saved: 20260527_172627_task3_iter0_task_execution_task3.json
2026-05-27 17:26:40 | flow.main | INFO     | logging_config.py:431 | Intermediate snapshot saved: 20260527_172640_task3_iter1_validation_task3.json
2026-05-27 17:26:43 | flow.main | INFO     | logging_config.py:431 | Intermediate snapshot saved: 20260527_172643_task2_iter1_validation_task2.json
2026-05-27 17:26:46 | flow.main | INFO     | logging_config.py:431 | Intermediate snapshot saved: 20260527_172646_task4_iter0_task_execution_task4.json
2026-05-27 17:26:56 | flow.main | INFO     | logging_config.py:431 | Intermediate snapshot saved: 20260527_172656_task4_iter1_validation_task4.json
2026-05-27 17:27:01 | flow.main | INFO     | logging_config.py:431 | Intermediate snapshot saved: 20260527_172701_task4_iter2_re_execution_task4.json
2026-05-27 17:27:04 | flow.main | INFO     | logging_config.py:431 | Intermediate snapshot saved: 20260527_172704_task4_iter2_validation_task4.json
2026-05-27 17:27:04 | flow.main | INFO     | logging_config.py:431 | Intermediate snapshot saved: 20260527_172704_workflow_refinement_iter1_workflow_pre_refinement.json
2026-05-27 17:27:15 | flow.main | INFO     | logging_config.py:431 | Intermediate snapshot saved: 20260527_172715_workflow_refinement_iter2_workflow_post_refinement.json
2026-05-27 17:27:22 | flow.main | INFO     | logging_config.py:431 | Intermediate snapshot saved: 20260527_172722_task5_iter0_task_execution_task5.json
2026-05-27 17:27:32 | flow.main | INFO     | logging_config.py:431 | Intermediate snapshot saved: 20260527_172732_task5_iter1_validation_task5.json
2026-05-27 17:27:41 | flow.main | INFO     | logging_config.py:431 | Intermediate snapshot saved: 20260527_172741_task5_iter2_re_execution_task5.json
2026-05-27 17:27:46 | flow.main | INFO     | logging_config.py:431 | Intermediate snapshot saved: 20260527_172746_task5_iter2_validation_task5.json
2026-05-27 17:27:51 | flow.main | INFO     | logging_config.py:431 | Intermediate snapshot saved: 20260527_172751_task6_iter0_task_execution_task6.json
2026-05-27 17:28:07 | flow.main | INFO     | logging_config.py:431 | Intermediate snapshot saved: 20260527_172807_task6_iter1_validation_task6.json
2026-05-27 17:28:16 | flow.main | INFO     | logging_config.py:431 | Intermediate snapshot saved: 20260527_172816_task6_iter2_re_execution_task6.json
2026-05-27 17:28:39 | flow.main | INFO     | logging_config.py:431 | Intermediate snapshot saved: 20260527_172839_task6_iter2_validation_task6.json
2026-05-27 17:28:47 | flow.main | INFO     | logging_config.py:431 | Intermediate snapshot saved: 20260527_172847_task6_iter3_re_execution_task6.json
2026-05-27 17:29:12 | flow.main | INFO     | logging_config.py:431 | Intermediate snapshot saved: 20260527_172912_task6_iter3_validation_task6.json
2026-05-27 17:29:22 | flow.main | INFO     | logging_config.py:431 | Intermediate snapshot saved: 20260527_172922_task6_iter4_re_execution_task6.json
2026-05-27 17:29:25 | flow.main | INFO     | logging_config.py:431 | Intermediate snapshot saved: 20260527_172925_task6_iter4_validation_task6.json
2026-05-27 17:29:25 | flow.main | INFO     | main.py:70 | Flow execution completed in 394.11 seconds
2026-05-27 17:29:25 | flow.main | INFO     | logging_config.py:215 | Results saved to runs/run_20260527_172251/results/workflow_final_state.json
2026-05-27 17:30:14 | flow.main | INFO     | logging_config.py:215 | Results saved to runs/run_20260527_172251/results/final_summary.json
2026-05-27 17:30:14 | flow.main | INFO     | logging_config.py:215 | Results saved to runs/run_20260527_172251/results/workflow_run_20260527_173014.json
2026-05-27 17:30:14 | flow.main | INFO     | main.py:100 | All results saved successfully to run directory: runs/run_20260527_172251
2026-05-27 17:30:14 | flow.main | INFO     | main.py:101 | Run completed! Check runs/run_20260527_172251 for all files from this execution.
