2026-05-22 12:34:15 | flow.main | INFO     | logging_config.py:282 | Run metadata saved to runs/run_20260522_123415/run_metadata.json
2026-05-22 12:34:15 | flow.main | INFO     | main.py:56 | Starting Flow execution for task: Develop a game that fuses Tetris and Bejeweled mechanics. 
This game needs to add keyboard control f...
2026-05-22 12:34:15 | flow.main | INFO     | main.py:57 | Run ID: 20260522_123415
2026-05-22 12:34:15 | flow.main | INFO     | main.py:58 | Run Directory: runs/run_20260522_123415
2026-05-22 12:34:15 | flow.main | INFO     | main.py:59 | Configuration: 5 candidates, refine_threshold=3, max_validation_itt=5
2026-05-22 12:34:59 | flow.main | INFO     | logging_config.py:431 | Intermediate snapshot saved: 20260522_123459_task0_iter0_task_execution_task0.json
2026-05-22 12:35:02 | flow.main | INFO     | logging_config.py:431 | Intermediate snapshot saved: 20260522_123502_task0_iter1_validation_task0.json
2026-05-22 12:35:09 | flow.main | INFO     | logging_config.py:431 | Intermediate snapshot saved: 20260522_123509_task1_iter0_task_execution_task1.json
2026-05-22 12:35:22 | flow.main | INFO     | logging_config.py:431 | Intermediate snapshot saved: 20260522_123522_task1_iter1_validation_task1.json
2026-05-22 12:35:30 | flow.main | INFO     | logging_config.py:431 | Intermediate snapshot saved: 20260522_123530_task1_iter2_re_execution_task1.json
2026-05-22 12:35:34 | flow.main | INFO     | logging_config.py:431 | Intermediate snapshot saved: 20260522_123534_task1_iter2_validation_task1.json
2026-05-22 12:35:43 | flow.main | INFO     | logging_config.py:431 | Intermediate snapshot saved: 20260522_123543_task2_iter0_task_execution_task2.json
2026-05-22 12:35:52 | flow.main | INFO     | logging_config.py:431 | Intermediate snapshot saved: 20260522_123552_task2_iter1_validation_task2.json
2026-05-22 12:35:52 | flow.main | INFO     | logging_config.py:431 | Intermediate snapshot saved: 20260522_123552_workflow_refinement_iter1_workflow_pre_refinement.json
2026-05-22 12:35:56 | flow.main | INFO     | logging_config.py:431 | Intermediate snapshot saved: 20260522_123556_workflow_refinement_iter2_workflow_post_refinement.json
2026-05-22 12:36:09 | flow.main | INFO     | logging_config.py:431 | Intermediate snapshot saved: 20260522_123609_task3_iter0_task_execution_task3.json
2026-05-22 12:36:26 | flow.main | INFO     | logging_config.py:431 | Intermediate snapshot saved: 20260522_123626_task3_iter1_validation_task3.json
2026-05-22 12:36:36 | flow.main | INFO     | logging_config.py:431 | Intermediate snapshot saved: 20260522_123636_task3_iter2_re_execution_task3.json
2026-05-22 12:36:39 | flow.main | INFO     | logging_config.py:431 | Intermediate snapshot saved: 20260522_123639_task3_iter2_validation_task3.json
