2026-05-26 16:02:05 | flow.main | INFO     | logging_config.py:282 | Run metadata saved to runs/run_20260526_160205/run_metadata.json
2026-05-26 16:02:05 | flow.main | INFO     | main.py:66 | Starting Flow execution for task: Perform interview and candidate evaluation  for a candidate.

you should:
- Analyze job descriptions...
2026-05-26 16:02:05 | flow.main | INFO     | main.py:67 | Run ID: 20260526_160205
2026-05-26 16:02:05 | flow.main | INFO     | main.py:68 | Run Directory: runs/run_20260526_160205
2026-05-26 16:02:05 | flow.main | INFO     | main.py:69 | Configuration: 5 candidates, refine_threshold=3, max_validation_itt=5
2026-05-26 16:02:26 | flow.main | INFO     | logging_config.py:431 | Intermediate snapshot saved: 20260526_160226_task0_iter0_task_execution_task0.json
2026-05-26 16:02:28 | flow.main | INFO     | logging_config.py:431 | Intermediate snapshot saved: 20260526_160228_task1_iter0_task_execution_task1.json
2026-05-26 16:02:31 | flow.main | INFO     | logging_config.py:431 | Intermediate snapshot saved: 20260526_160231_task6_iter0_task_execution_task6.json
2026-05-26 16:02:32 | flow.main | INFO     | logging_config.py:431 | Intermediate snapshot saved: 20260526_160232_task0_iter1_validation_task0.json
2026-05-26 16:02:35 | flow.main | INFO     | logging_config.py:431 | Intermediate snapshot saved: 20260526_160235_task0_iter2_re_execution_task0.json
2026-05-26 16:02:35 | flow.main | INFO     | logging_config.py:431 | Intermediate snapshot saved: 20260526_160235_task1_iter1_validation_task1.json
2026-05-26 16:02:37 | flow.main | INFO     | logging_config.py:431 | Intermediate snapshot saved: 20260526_160237_task1_iter2_re_execution_task1.json
2026-05-26 16:02:40 | flow.main | INFO     | logging_config.py:431 | Intermediate snapshot saved: 20260526_160240_task1_iter2_validation_task1.json
2026-05-26 16:02:40 | flow.main | INFO     | logging_config.py:431 | Intermediate snapshot saved: 20260526_160240_task6_iter1_validation_task6.json
2026-05-26 16:02:42 | flow.main | INFO     | logging_config.py:431 | Intermediate snapshot saved: 20260526_160242_task0_iter2_validation_task0.json
2026-05-26 16:02:45 | flow.main | INFO     | logging_config.py:431 | Intermediate snapshot saved: 20260526_160245_task0_iter3_re_execution_task0.json
2026-05-26 16:02:53 | flow.main | INFO     | logging_config.py:431 | Intermediate snapshot saved: 20260526_160253_task0_iter3_validation_task0.json
2026-05-26 16:02:59 | flow.main | INFO     | logging_config.py:431 | Intermediate snapshot saved: 20260526_160259_task0_iter4_re_execution_task0.json
2026-05-26 16:03:03 | flow.main | INFO     | logging_config.py:431 | Intermediate snapshot saved: 20260526_160303_task0_iter4_validation_task0.json
2026-05-26 16:03:03 | flow.main | INFO     | logging_config.py:431 | Intermediate snapshot saved: 20260526_160303_workflow_refinement_iter1_workflow_pre_refinement.json
2026-05-26 16:03:13 | flow.main | INFO     | logging_config.py:431 | Intermediate snapshot saved: 20260526_160313_workflow_refinement_iter2_workflow_post_refinement.json
2026-05-26 16:03:16 | flow.main | INFO     | logging_config.py:431 | Intermediate snapshot saved: 20260526_160316_task2_iter0_task_execution_task2.json
2026-05-26 16:03:21 | flow.main | INFO     | logging_config.py:431 | Intermediate snapshot saved: 20260526_160321_task6_iter0_task_execution_task6.json
2026-05-26 16:03:25 | flow.main | INFO     | logging_config.py:431 | Intermediate snapshot saved: 20260526_160325_task2_iter1_validation_task2.json
2026-05-26 16:03:30 | flow.main | INFO     | logging_config.py:431 | Intermediate snapshot saved: 20260526_160330_task6_iter1_validation_task6.json
2026-05-26 16:03:36 | flow.main | INFO     | logging_config.py:431 | Intermediate snapshot saved: 20260526_160336_task2_iter2_re_execution_task2.json
2026-05-26 16:03:41 | flow.main | INFO     | logging_config.py:431 | Intermediate snapshot saved: 20260526_160341_task3_iter0_task_execution_task3.json
2026-05-26 16:03:42 | flow.main | INFO     | logging_config.py:431 | Intermediate snapshot saved: 20260526_160342_task2_iter2_validation_task2.json
2026-05-26 16:03:52 | flow.main | INFO     | logging_config.py:431 | Intermediate snapshot saved: 20260526_160352_task3_iter1_validation_task3.json
2026-05-26 16:03:52 | flow.main | INFO     | logging_config.py:431 | Intermediate snapshot saved: 20260526_160352_workflow_refinement_iter1_workflow_pre_refinement.json
2026-05-26 16:03:57 | flow.main | INFO     | logging_config.py:431 | Intermediate snapshot saved: 20260526_160357_workflow_refinement_iter2_workflow_post_refinement.json
2026-05-26 16:04:09 | flow.main | INFO     | logging_config.py:431 | Intermediate snapshot saved: 20260526_160409_task4_iter0_task_execution_task4.json
2026-05-26 16:04:23 | flow.main | INFO     | logging_config.py:431 | Intermediate snapshot saved: 20260526_160423_task4_iter1_validation_task4.json
2026-05-26 16:04:33 | flow.main | INFO     | logging_config.py:431 | Intermediate snapshot saved: 20260526_160433_task5_iter0_task_execution_task5.json
2026-05-26 16:04:39 | flow.main | INFO     | logging_config.py:431 | Intermediate snapshot saved: 20260526_160439_task5_iter1_validation_task5.json
2026-05-26 16:04:47 | flow.main | INFO     | logging_config.py:431 | Intermediate snapshot saved: 20260526_160447_task7_iter0_task_execution_task7.json
2026-05-26 16:04:57 | flow.main | INFO     | logging_config.py:431 | Intermediate snapshot saved: 20260526_160457_task7_iter1_validation_task7.json
2026-05-26 16:04:57 | flow.main | INFO     | logging_config.py:431 | Intermediate snapshot saved: 20260526_160457_workflow_refinement_iter1_workflow_pre_refinement.json
2026-05-26 16:04:58 | flow.main | INFO     | main.py:77 | Flow execution completed in 172.48 seconds
2026-05-26 16:04:58 | flow.main | INFO     | logging_config.py:215 | Results saved to runs/run_20260526_160205/results/workflow_final_state.json
2026-05-26 16:05:43 | flow.main | INFO     | logging_config.py:215 | Results saved to runs/run_20260526_160205/results/final_summary.json
2026-05-26 16:05:43 | flow.main | INFO     | logging_config.py:215 | Results saved to runs/run_20260526_160205/results/workflow_run_20260526_160543.json
2026-05-26 16:05:43 | flow.main | INFO     | main.py:107 | All results saved successfully to run directory: runs/run_20260526_160205
2026-05-26 16:05:43 | flow.main | INFO     | main.py:108 | Run completed! Check runs/run_20260526_160205 for all files from this execution.
