2026-05-26 16:16:10 | flow.main | INFO     | logging_config.py:282 | Run metadata saved to runs/run_20260526_161610/run_metadata.json
2026-05-26 16:16:10 | flow.main | INFO     | main.py:64 | Starting Flow execution for task: Perform interview and candidate evaluation for a candidate.
- Analyze job descriptions and candidate...
2026-05-26 16:16:10 | flow.main | INFO     | main.py:65 | Run ID: 20260526_161610
2026-05-26 16:16:10 | flow.main | INFO     | main.py:66 | Run Directory: runs/run_20260526_161610
2026-05-26 16:16:10 | flow.main | INFO     | main.py:67 | Configuration: 5 candidates, refine_threshold=3, max_validation_itt=5
2026-05-26 16:16:28 | flow.main | INFO     | logging_config.py:431 | Intermediate snapshot saved: 20260526_161628_task0_iter0_task_execution_task0.json
2026-05-26 16:16:31 | flow.main | INFO     | logging_config.py:431 | Intermediate snapshot saved: 20260526_161631_task0_iter1_validation_task0.json
2026-05-26 16:16:36 | flow.main | INFO     | logging_config.py:431 | Intermediate snapshot saved: 20260526_161636_task1_iter0_task_execution_task1.json
2026-05-26 16:16:37 | flow.main | INFO     | logging_config.py:431 | Intermediate snapshot saved: 20260526_161637_task1_iter1_validation_task1.json
2026-05-26 16:16:39 | flow.main | INFO     | logging_config.py:431 | Intermediate snapshot saved: 20260526_161639_task2_iter0_task_execution_task2.json
2026-05-26 16:16:42 | flow.main | INFO     | logging_config.py:431 | Intermediate snapshot saved: 20260526_161642_task2_iter1_validation_task2.json
2026-05-26 16:16:42 | flow.main | INFO     | logging_config.py:431 | Intermediate snapshot saved: 20260526_161642_workflow_refinement_iter1_workflow_pre_refinement.json
2026-05-26 16:16:55 | flow.main | INFO     | logging_config.py:431 | Intermediate snapshot saved: 20260526_161655_workflow_refinement_iter2_workflow_post_refinement.json
2026-05-26 16:17:04 | flow.main | INFO     | logging_config.py:431 | Intermediate snapshot saved: 20260526_161704_task2_iter0_task_execution_task2.json
2026-05-26 16:17:06 | flow.main | INFO     | logging_config.py:431 | Intermediate snapshot saved: 20260526_161706_task2_iter1_validation_task2.json
2026-05-26 16:17:10 | flow.main | INFO     | logging_config.py:431 | Intermediate snapshot saved: 20260526_161710_task4_iter0_task_execution_task4.json
2026-05-26 16:17:15 | flow.main | INFO     | logging_config.py:431 | Intermediate snapshot saved: 20260526_161715_task4_iter1_validation_task4.json
2026-05-26 16:17:25 | flow.main | INFO     | logging_config.py:431 | Intermediate snapshot saved: 20260526_161725_task3_iter0_task_execution_task3.json
2026-05-26 16:17:35 | flow.main | INFO     | logging_config.py:431 | Intermediate snapshot saved: 20260526_161735_task3_iter1_validation_task3.json
2026-05-26 16:18:00 | flow.main | INFO     | logging_config.py:431 | Intermediate snapshot saved: 20260526_161800_task3_iter2_re_execution_task3.json
2026-05-26 16:18:03 | flow.main | INFO     | logging_config.py:431 | Intermediate snapshot saved: 20260526_161803_task3_iter2_validation_task3.json
2026-05-26 16:18:03 | flow.main | INFO     | logging_config.py:431 | Intermediate snapshot saved: 20260526_161803_workflow_refinement_iter1_workflow_pre_refinement.json
2026-05-26 16:18:06 | flow.main | INFO     | logging_config.py:431 | Intermediate snapshot saved: 20260526_161806_workflow_refinement_iter2_workflow_post_refinement.json
2026-05-26 16:18:23 | flow.main | INFO     | logging_config.py:431 | Intermediate snapshot saved: 20260526_161823_task5_iter0_task_execution_task5.json
2026-05-26 16:18:26 | flow.main | INFO     | logging_config.py:431 | Intermediate snapshot saved: 20260526_161826_task5_iter1_validation_task5.json
2026-05-26 16:18:26 | flow.main | INFO     | main.py:75 | Flow execution completed in 136.60 seconds
2026-05-26 16:18:26 | flow.main | INFO     | logging_config.py:215 | Results saved to runs/run_20260526_161610/results/workflow_final_state.json
2026-05-26 16:19:20 | flow.main | INFO     | logging_config.py:215 | Results saved to runs/run_20260526_161610/results/final_summary.json
2026-05-26 16:19:20 | flow.main | INFO     | logging_config.py:215 | Results saved to runs/run_20260526_161610/results/workflow_run_20260526_161920.json
2026-05-26 16:19:20 | flow.main | INFO     | main.py:105 | All results saved successfully to run directory: runs/run_20260526_161610
2026-05-26 16:19:20 | flow.main | INFO     | main.py:106 | Run completed! Check runs/run_20260526_161610 for all files from this execution.
