2026-05-22 15:44:22 | flow.main | INFO     | logging_config.py:282 | Run metadata saved to runs/run_20260522_154422/run_metadata.json
2026-05-22 15:44:22 | flow.main | INFO     | main.py:56 | Starting Flow execution for task: Develop a game that fuses Tetris and Bejeweled mechanics. 
This game needs to add keyboard control f...
2026-05-22 15:44:22 | flow.main | INFO     | main.py:57 | Run ID: 20260522_154422
2026-05-22 15:44:22 | flow.main | INFO     | main.py:58 | Run Directory: runs/run_20260522_154422
2026-05-22 15:44:22 | flow.main | INFO     | main.py:59 | Configuration: 5 candidates, refine_threshold=3, max_validation_itt=5
2026-05-22 15:44:44 | flow.main | INFO     | logging_config.py:431 | Intermediate snapshot saved: 20260522_154444_task0_iter0_task_execution_task0.json
2026-05-22 15:44:58 | flow.main | INFO     | logging_config.py:431 | Intermediate snapshot saved: 20260522_154458_task0_iter1_validation_task0.json
2026-05-22 15:45:08 | flow.main | INFO     | logging_config.py:431 | Intermediate snapshot saved: 20260522_154508_task0_iter2_re_execution_task0.json
2026-05-22 15:45:11 | flow.main | INFO     | logging_config.py:431 | Intermediate snapshot saved: 20260522_154511_task0_iter2_validation_task0.json
2026-05-22 15:45:24 | flow.main | INFO     | logging_config.py:431 | Intermediate snapshot saved: 20260522_154524_task3_iter0_task_execution_task3.json
2026-05-22 15:45:25 | flow.main | INFO     | logging_config.py:431 | Intermediate snapshot saved: 20260522_154525_task1_iter0_task_execution_task1.json
2026-05-22 15:45:28 | flow.main | INFO     | logging_config.py:431 | Intermediate snapshot saved: 20260522_154528_task2_iter0_task_execution_task2.json
2026-05-22 15:45:28 | flow.main | INFO     | logging_config.py:431 | Intermediate snapshot saved: 20260522_154528_task3_iter1_validation_task3.json
2026-05-22 15:45:42 | flow.main | INFO     | logging_config.py:431 | Intermediate snapshot saved: 20260522_154542_task1_iter1_validation_task1.json
2026-05-22 15:45:50 | flow.main | INFO     | logging_config.py:431 | Intermediate snapshot saved: 20260522_154550_task2_iter1_validation_task2.json
2026-05-22 15:45:55 | flow.main | INFO     | logging_config.py:431 | Intermediate snapshot saved: 20260522_154555_task1_iter2_re_execution_task1.json
2026-05-22 15:46:03 | flow.main | INFO     | logging_config.py:431 | Intermediate snapshot saved: 20260522_154603_task2_iter2_re_execution_task2.json
2026-05-22 15:46:06 | flow.main | INFO     | logging_config.py:431 | Intermediate snapshot saved: 20260522_154606_task2_iter2_validation_task2.json
2026-05-22 15:46:16 | flow.main | INFO     | logging_config.py:431 | Intermediate snapshot saved: 20260522_154616_task1_iter2_validation_task1.json
2026-05-22 15:46:32 | flow.main | INFO     | logging_config.py:431 | Intermediate snapshot saved: 20260522_154632_task1_iter3_re_execution_task1.json
2026-05-22 15:46:51 | flow.main | INFO     | logging_config.py:431 | Intermediate snapshot saved: 20260522_154651_task1_iter3_validation_task1.json
2026-05-22 15:47:09 | flow.main | INFO     | logging_config.py:431 | Intermediate snapshot saved: 20260522_154709_task1_iter4_re_execution_task1.json
2026-05-22 15:47:26 | flow.main | INFO     | logging_config.py:431 | Intermediate snapshot saved: 20260522_154726_task1_iter4_validation_task1.json
2026-05-22 15:58:28 | flow.main | INFO     | logging_config.py:431 | Intermediate snapshot saved: 20260522_155828_workflow_refinement_iter1_workflow_pre_refinement.json
2026-05-22 15:58:32 | flow.main | INFO     | logging_config.py:431 | Intermediate snapshot saved: 20260522_155832_workflow_refinement_iter2_workflow_post_refinement.json
2026-05-22 15:58:43 | flow.main | INFO     | logging_config.py:431 | Intermediate snapshot saved: 20260522_155843_task1_iter0_task_execution_task1.json
2026-05-22 15:59:03 | flow.main | INFO     | logging_config.py:431 | Intermediate snapshot saved: 20260522_155903_task1_iter1_validation_task1.json
2026-05-22 15:59:17 | flow.main | INFO     | logging_config.py:431 | Intermediate snapshot saved: 20260522_155917_task1_iter2_re_execution_task1.json
2026-05-22 15:59:44 | flow.main | INFO     | logging_config.py:431 | Intermediate snapshot saved: 20260522_155944_task1_iter2_validation_task1.json
2026-05-22 15:59:58 | flow.main | INFO     | logging_config.py:431 | Intermediate snapshot saved: 20260522_155958_task1_iter3_re_execution_task1.json
2026-05-22 16:00:20 | flow.main | INFO     | logging_config.py:431 | Intermediate snapshot saved: 20260522_160020_task1_iter3_validation_task1.json
2026-05-22 16:00:33 | flow.main | INFO     | logging_config.py:431 | Intermediate snapshot saved: 20260522_160033_task1_iter4_re_execution_task1.json
2026-05-22 16:00:55 | flow.main | INFO     | logging_config.py:431 | Intermediate snapshot saved: 20260522_160055_task1_iter4_validation_task1.json
2026-05-22 16:01:10 | flow.main | INFO     | logging_config.py:431 | Intermediate snapshot saved: 20260522_160110_task1_iter5_re_execution_task1.json
2026-05-22 16:01:16 | flow.main | INFO     | logging_config.py:431 | Intermediate snapshot saved: 20260522_160116_task1_iter5_validation_task1.json
2026-05-22 16:01:33 | flow.main | INFO     | logging_config.py:431 | Intermediate snapshot saved: 20260522_160133_task4_iter0_task_execution_task4.json
2026-05-22 16:01:40 | flow.main | INFO     | logging_config.py:431 | Intermediate snapshot saved: 20260522_160140_task4_iter1_validation_task4.json
2026-05-22 16:01:57 | flow.main | INFO     | logging_config.py:431 | Intermediate snapshot saved: 20260522_160157_task5_iter0_task_execution_task5.json
2026-05-22 16:02:15 | flow.main | INFO     | logging_config.py:431 | Intermediate snapshot saved: 20260522_160215_task5_iter1_validation_task5.json
2026-05-22 16:02:30 | flow.main | INFO     | logging_config.py:431 | Intermediate snapshot saved: 20260522_160230_task5_iter2_re_execution_task5.json
2026-05-22 16:02:33 | flow.main | INFO     | logging_config.py:431 | Intermediate snapshot saved: 20260522_160233_task5_iter2_validation_task5.json
2026-05-22 16:02:33 | flow.main | INFO     | logging_config.py:431 | Intermediate snapshot saved: 20260522_160233_workflow_refinement_iter1_workflow_pre_refinement.json
2026-05-22 16:02:33 | flow.main | INFO     | main.py:67 | Flow execution completed in 1091.01 seconds
2026-05-22 16:02:33 | flow.main | INFO     | logging_config.py:215 | Results saved to runs/run_20260522_154422/results/workflow_final_state.json
2026-05-22 16:03:28 | flow.main | INFO     | logging_config.py:215 | Results saved to runs/run_20260522_154422/results/final_summary.json
2026-05-22 16:03:28 | flow.main | INFO     | logging_config.py:215 | Results saved to runs/run_20260522_154422/results/workflow_run_20260522_160328.json
2026-05-22 16:03:28 | flow.main | INFO     | main.py:97 | All results saved successfully to run directory: runs/run_20260522_154422
2026-05-22 16:03:28 | flow.main | INFO     | main.py:98 | Run completed! Check runs/run_20260522_154422 for all files from this execution.
