2026-05-26 17:29:27 | flow.main | INFO     | logging_config.py:282 | Run metadata saved to runs/run_20260526_172927/run_metadata.json
2026-05-26 17:29:27 | flow.main | INFO     | main.py:68 | Starting Flow execution for task: You are a workflow planning agent.

Your task is to:
- Analyze a user objective
- Break it into atom...
2026-05-26 17:29:27 | flow.main | INFO     | main.py:69 | Run ID: 20260526_172927
2026-05-26 17:29:27 | flow.main | INFO     | main.py:70 | Run Directory: runs/run_20260526_172927
2026-05-26 17:29:27 | flow.main | INFO     | main.py:71 | Configuration: 5 candidates, refine_threshold=3, max_validation_itt=5
2026-05-26 17:29:44 | flow.main | INFO     | logging_config.py:431 | Intermediate snapshot saved: 20260526_172944_task0_iter0_task_execution_task0.json
2026-05-26 17:29:45 | flow.main | INFO     | logging_config.py:431 | Intermediate snapshot saved: 20260526_172945_task1_iter0_task_execution_task1.json
2026-05-26 17:29:52 | flow.main | INFO     | logging_config.py:431 | Intermediate snapshot saved: 20260526_172952_task1_iter1_validation_task1.json
2026-05-26 17:29:54 | flow.main | INFO     | logging_config.py:431 | Intermediate snapshot saved: 20260526_172954_task1_iter2_re_execution_task1.json
2026-05-26 17:30:00 | flow.main | INFO     | logging_config.py:431 | Intermediate snapshot saved: 20260526_173000_task1_iter2_validation_task1.json
2026-05-26 17:30:02 | flow.main | INFO     | logging_config.py:431 | Intermediate snapshot saved: 20260526_173002_task1_iter3_re_execution_task1.json
2026-05-26 17:30:04 | flow.main | INFO     | logging_config.py:431 | Intermediate snapshot saved: 20260526_173004_task1_iter3_validation_task1.json
2026-05-26 17:30:06 | flow.main | INFO     | logging_config.py:431 | Intermediate snapshot saved: 20260526_173006_task0_iter1_validation_task0.json
2026-05-26 17:30:08 | flow.main | INFO     | logging_config.py:431 | Intermediate snapshot saved: 20260526_173008_task0_iter2_re_execution_task0.json
2026-05-26 17:30:15 | flow.main | INFO     | logging_config.py:431 | Intermediate snapshot saved: 20260526_173015_task0_iter2_validation_task0.json
2026-05-26 17:30:17 | flow.main | INFO     | logging_config.py:431 | Intermediate snapshot saved: 20260526_173017_task0_iter3_re_execution_task0.json
2026-05-26 17:30:26 | flow.main | INFO     | logging_config.py:431 | Intermediate snapshot saved: 20260526_173026_task0_iter3_validation_task0.json
2026-05-26 17:30:28 | flow.main | INFO     | logging_config.py:431 | Intermediate snapshot saved: 20260526_173028_task0_iter4_re_execution_task0.json
2026-05-26 17:30:38 | flow.main | INFO     | logging_config.py:431 | Intermediate snapshot saved: 20260526_173038_task0_iter4_validation_task0.json
2026-05-26 17:30:40 | flow.main | INFO     | logging_config.py:431 | Intermediate snapshot saved: 20260526_173040_task0_iter5_re_execution_task0.json
2026-05-26 17:30:49 | flow.main | INFO     | logging_config.py:431 | Intermediate snapshot saved: 20260526_173049_task0_iter5_validation_task0.json
2026-05-26 17:30:52 | flow.main | INFO     | logging_config.py:431 | Intermediate snapshot saved: 20260526_173052_task0_iter0_task_execution_task0.json
2026-05-26 17:30:56 | flow.main | INFO     | logging_config.py:431 | Intermediate snapshot saved: 20260526_173056_task0_iter1_validation_task0.json
2026-05-26 17:30:56 | flow.main | INFO     | logging_config.py:431 | Intermediate snapshot saved: 20260526_173056_workflow_refinement_iter1_workflow_pre_refinement.json
2026-05-26 17:31:00 | flow.main | INFO     | logging_config.py:431 | Intermediate snapshot saved: 20260526_173100_workflow_refinement_iter2_workflow_post_refinement.json
2026-05-26 17:31:04 | flow.main | INFO     | logging_config.py:431 | Intermediate snapshot saved: 20260526_173104_task2_iter0_task_execution_task2.json
2026-05-26 17:31:14 | flow.main | INFO     | logging_config.py:431 | Intermediate snapshot saved: 20260526_173114_task2_iter1_validation_task2.json
2026-05-26 17:31:19 | flow.main | INFO     | logging_config.py:431 | Intermediate snapshot saved: 20260526_173119_task2_iter2_re_execution_task2.json
