2026-05-27 18:08:08 | flow.main | INFO     | logging_config.py:282 | Run metadata saved to runs/run_20260527_180808/run_metadata.json
2026-05-27 18:08:08 | flow.main | INFO     | main.py:59 | Starting Flow execution for task: 
Your task is to take interview. The following are the steps
-"Analyze the job description",
    "An...
2026-05-27 18:08:08 | flow.main | INFO     | main.py:60 | Run ID: 20260527_180808
2026-05-27 18:08:08 | flow.main | INFO     | main.py:61 | Run Directory: runs/run_20260527_180808
2026-05-27 18:08:08 | flow.main | INFO     | main.py:62 | Configuration: 5 candidates, refine_threshold=3, max_validation_itt=5
2026-05-27 18:09:29 | flow.main | INFO     | logging_config.py:431 | Intermediate snapshot saved: 20260527_180929_task0_iter0_task_execution_task0.json
2026-05-27 18:09:30 | flow.main | INFO     | logging_config.py:431 | Intermediate snapshot saved: 20260527_180930_task1_iter0_task_execution_task1.json
2026-05-27 18:09:34 | flow.main | INFO     | logging_config.py:431 | Intermediate snapshot saved: 20260527_180934_task1_iter1_validation_task1.json
2026-05-27 18:09:38 | flow.main | INFO     | logging_config.py:431 | Intermediate snapshot saved: 20260527_180938_task6_iter0_task_execution_task6.json
2026-05-27 18:09:48 | flow.main | INFO     | logging_config.py:431 | Intermediate snapshot saved: 20260527_180948_task0_iter1_validation_task0.json
2026-05-27 18:09:51 | flow.main | INFO     | logging_config.py:431 | Intermediate snapshot saved: 20260527_180951_task6_iter1_validation_task6.json
2026-05-27 18:09:51 | flow.main | INFO     | logging_config.py:431 | Intermediate snapshot saved: 20260527_180951_task2_iter0_task_execution_task2.json
2026-05-27 18:10:04 | flow.main | INFO     | logging_config.py:431 | Intermediate snapshot saved: 20260527_181004_task2_iter1_validation_task2.json
2026-05-27 18:10:19 | flow.main | INFO     | logging_config.py:431 | Intermediate snapshot saved: 20260527_181019_task2_iter2_re_execution_task2.json
2026-05-27 18:10:30 | flow.main | INFO     | logging_config.py:431 | Intermediate snapshot saved: 20260527_181030_task2_iter2_validation_task2.json
2026-05-27 18:10:43 | flow.main | INFO     | logging_config.py:431 | Intermediate snapshot saved: 20260527_181043_task2_iter3_re_execution_task2.json
2026-05-27 18:10:53 | flow.main | INFO     | logging_config.py:431 | Intermediate snapshot saved: 20260527_181053_task2_iter3_validation_task2.json
2026-05-27 18:11:08 | flow.main | INFO     | logging_config.py:431 | Intermediate snapshot saved: 20260527_181108_task2_iter4_re_execution_task2.json
2026-05-27 18:11:20 | flow.main | INFO     | logging_config.py:431 | Intermediate snapshot saved: 20260527_181120_task2_iter4_validation_task2.json
2026-05-27 18:11:34 | flow.main | INFO     | logging_config.py:431 | Intermediate snapshot saved: 20260527_181134_task2_iter5_re_execution_task2.json
2026-05-27 18:11:44 | flow.main | INFO     | logging_config.py:431 | Intermediate snapshot saved: 20260527_181144_task2_iter5_validation_task2.json
2026-05-27 18:11:44 | flow.main | INFO     | logging_config.py:431 | Intermediate snapshot saved: 20260527_181144_workflow_refinement_iter1_workflow_pre_refinement.json
2026-05-27 18:11:55 | flow.main | INFO     | logging_config.py:431 | Intermediate snapshot saved: 20260527_181155_workflow_refinement_iter2_workflow_post_refinement.json
2026-05-27 18:11:58 | flow.main | INFO     | logging_config.py:431 | Intermediate snapshot saved: 20260527_181158_task2_iter0_task_execution_task2.json
2026-05-27 18:12:08 | flow.main | INFO     | logging_config.py:431 | Intermediate snapshot saved: 20260527_181208_task2_iter1_validation_task2.json
2026-05-27 18:12:13 | flow.main | INFO     | logging_config.py:431 | Intermediate snapshot saved: 20260527_181213_task3_iter0_task_execution_task3.json
2026-05-27 18:12:23 | flow.main | INFO     | logging_config.py:431 | Intermediate snapshot saved: 20260527_181223_task3_iter1_validation_task3.json
2026-05-27 18:12:41 | flow.main | INFO     | logging_config.py:431 | Intermediate snapshot saved: 20260527_181241_task3_iter2_re_execution_task3.json
2026-05-27 18:13:11 | flow.main | INFO     | logging_config.py:431 | Intermediate snapshot saved: 20260527_181311_task3_iter2_validation_task3.json
2026-05-27 18:13:25 | flow.main | INFO     | logging_config.py:431 | Intermediate snapshot saved: 20260527_181325_task3_iter3_re_execution_task3.json
2026-05-27 18:13:30 | flow.main | INFO     | logging_config.py:431 | Intermediate snapshot saved: 20260527_181330_task3_iter3_validation_task3.json
2026-05-27 18:13:30 | flow.main | INFO     | logging_config.py:431 | Intermediate snapshot saved: 20260527_181330_workflow_refinement_iter1_workflow_pre_refinement.json
2026-05-27 18:13:33 | flow.main | INFO     | logging_config.py:431 | Intermediate snapshot saved: 20260527_181333_workflow_refinement_iter2_workflow_post_refinement.json
2026-05-27 18:13:35 | flow.main | INFO     | logging_config.py:431 | Intermediate snapshot saved: 20260527_181335_task4_iter0_task_execution_task4.json
2026-05-27 18:13:47 | flow.main | INFO     | logging_config.py:431 | Intermediate snapshot saved: 20260527_181347_task4_iter1_validation_task4.json
2026-05-27 18:14:02 | flow.main | INFO     | logging_config.py:431 | Intermediate snapshot saved: 20260527_181402_task4_iter2_re_execution_task4.json
2026-05-27 18:14:25 | flow.main | INFO     | logging_config.py:431 | Intermediate snapshot saved: 20260527_181425_task4_iter2_validation_task4.json
2026-05-27 18:14:41 | flow.main | INFO     | logging_config.py:431 | Intermediate snapshot saved: 20260527_181441_task4_iter3_re_execution_task4.json
2026-05-27 18:14:45 | flow.main | INFO     | logging_config.py:431 | Intermediate snapshot saved: 20260527_181445_task4_iter3_validation_task4.json
2026-05-27 18:14:46 | flow.main | INFO     | logging_config.py:431 | Intermediate snapshot saved: 20260527_181446_task5_iter0_task_execution_task5.json
2026-05-27 18:14:54 | flow.main | INFO     | logging_config.py:431 | Intermediate snapshot saved: 20260527_181454_task5_iter1_validation_task5.json
2026-05-27 18:14:58 | flow.main | INFO     | logging_config.py:431 | Intermediate snapshot saved: 20260527_181458_task5_iter2_re_execution_task5.json
2026-05-27 18:15:12 | flow.main | INFO     | logging_config.py:431 | Intermediate snapshot saved: 20260527_181512_task5_iter2_validation_task5.json
2026-05-27 18:15:22 | flow.main | INFO     | logging_config.py:431 | Intermediate snapshot saved: 20260527_181522_task5_iter3_re_execution_task5.json
2026-05-27 18:15:31 | flow.main | INFO     | logging_config.py:431 | Intermediate snapshot saved: 20260527_181531_task5_iter3_validation_task5.json
2026-05-27 18:15:40 | flow.main | INFO     | logging_config.py:431 | Intermediate snapshot saved: 20260527_181540_task5_iter4_re_execution_task5.json
2026-05-27 18:15:48 | flow.main | INFO     | logging_config.py:431 | Intermediate snapshot saved: 20260527_181548_task5_iter4_validation_task5.json
2026-05-27 18:15:57 | flow.main | INFO     | logging_config.py:431 | Intermediate snapshot saved: 20260527_181557_task5_iter5_re_execution_task5.json
2026-05-27 18:16:05 | flow.main | INFO     | logging_config.py:431 | Intermediate snapshot saved: 20260527_181605_task5_iter5_validation_task5.json
2026-05-27 18:16:07 | flow.main | INFO     | logging_config.py:431 | Intermediate snapshot saved: 20260527_181607_task5_iter0_task_execution_task5.json
2026-05-27 18:16:18 | flow.main | INFO     | logging_config.py:431 | Intermediate snapshot saved: 20260527_181618_task5_iter1_validation_task5.json
2026-05-27 18:16:24 | flow.main | INFO     | logging_config.py:431 | Intermediate snapshot saved: 20260527_181624_task5_iter2_re_execution_task5.json
2026-05-27 18:16:35 | flow.main | INFO     | logging_config.py:431 | Intermediate snapshot saved: 20260527_181635_task5_iter2_validation_task5.json
2026-05-27 18:16:41 | flow.main | INFO     | logging_config.py:431 | Intermediate snapshot saved: 20260527_181641_task5_iter3_re_execution_task5.json
2026-05-27 18:16:53 | flow.main | INFO     | logging_config.py:431 | Intermediate snapshot saved: 20260527_181653_task5_iter3_validation_task5.json
2026-05-27 18:16:59 | flow.main | INFO     | logging_config.py:431 | Intermediate snapshot saved: 20260527_181659_task5_iter4_re_execution_task5.json
2026-05-27 18:17:13 | flow.main | INFO     | logging_config.py:431 | Intermediate snapshot saved: 20260527_181713_task5_iter4_validation_task5.json
2026-05-27 18:17:20 | flow.main | INFO     | logging_config.py:431 | Intermediate snapshot saved: 20260527_181720_task5_iter5_re_execution_task5.json
2026-05-27 18:17:28 | flow.main | INFO     | logging_config.py:431 | Intermediate snapshot saved: 20260527_181728_task5_iter5_validation_task5.json
2026-05-27 18:17:28 | flow.main | INFO     | logging_config.py:431 | Intermediate snapshot saved: 20260527_181728_workflow_refinement_iter1_workflow_pre_refinement.json
2026-05-27 18:17:37 | flow.main | INFO     | logging_config.py:431 | Intermediate snapshot saved: 20260527_181737_workflow_refinement_iter2_workflow_post_refinement.json
2026-05-27 18:17:45 | flow.main | INFO     | logging_config.py:431 | Intermediate snapshot saved: 20260527_181745_task5_iter0_task_execution_task5.json
2026-05-27 18:17:52 | flow.main | INFO     | logging_config.py:431 | Intermediate snapshot saved: 20260527_181752_task5_iter1_validation_task5.json
2026-05-27 18:17:57 | flow.main | INFO     | logging_config.py:431 | Intermediate snapshot saved: 20260527_181757_task5_iter2_re_execution_task5.json
2026-05-27 18:18:00 | flow.main | INFO     | logging_config.py:431 | Intermediate snapshot saved: 20260527_181759_task5_iter2_validation_task5.json
2026-05-27 18:18:00 | flow.main | INFO     | main.py:70 | Flow execution completed in 591.50 seconds
2026-05-27 18:18:00 | flow.main | INFO     | logging_config.py:215 | Results saved to runs/run_20260527_180808/results/workflow_final_state.json
2026-05-27 18:18:17 | flow.main | INFO     | logging_config.py:215 | Results saved to runs/run_20260527_180808/results/final_summary.json
2026-05-27 18:18:17 | flow.main | INFO     | logging_config.py:215 | Results saved to runs/run_20260527_180808/results/workflow_run_20260527_181817.json
2026-05-27 18:18:17 | flow.main | INFO     | main.py:100 | All results saved successfully to run directory: runs/run_20260527_180808
2026-05-27 18:18:17 | flow.main | INFO     | main.py:101 | Run completed! Check runs/run_20260527_180808 for all files from this execution.
