2026-05-22 17:14:43 | flow.main | INFO     | logging_config.py:282 | Run metadata saved to runs/run_20260522_171443/run_metadata.json
2026-05-22 17:14:43 | flow.main | INFO     | main.py:56 | Starting Flow execution for task: Develop a game that fuses Tetris and Bejeweled mechanics. 
This game needs to add keyboard control f...
2026-05-22 17:14:43 | flow.main | INFO     | main.py:57 | Run ID: 20260522_171443
2026-05-22 17:14:43 | flow.main | INFO     | main.py:58 | Run Directory: runs/run_20260522_171443
2026-05-22 17:14:43 | flow.main | INFO     | main.py:59 | Configuration: 5 candidates, refine_threshold=3, max_validation_itt=5
2026-05-22 17:15:03 | flow.main | INFO     | logging_config.py:431 | Intermediate snapshot saved: 20260522_171503_task0_iter0_task_execution_task0.json
2026-05-22 17:15:15 | flow.main | INFO     | logging_config.py:431 | Intermediate snapshot saved: 20260522_171515_task0_iter1_validation_task0.json
2026-05-22 17:15:24 | flow.main | INFO     | logging_config.py:431 | Intermediate snapshot saved: 20260522_171524_task0_iter2_re_execution_task0.json
2026-05-22 17:15:26 | flow.main | INFO     | logging_config.py:431 | Intermediate snapshot saved: 20260522_171526_task0_iter2_validation_task0.json
2026-05-22 17:15:43 | flow.main | INFO     | logging_config.py:431 | Intermediate snapshot saved: 20260522_171543_task1_iter0_task_execution_task1.json
2026-05-22 17:16:08 | flow.main | INFO     | logging_config.py:431 | Intermediate snapshot saved: 20260522_171608_task1_iter1_validation_task1.json
2026-05-22 17:16:24 | flow.main | INFO     | logging_config.py:431 | Intermediate snapshot saved: 20260522_171624_task1_iter2_re_execution_task1.json
2026-05-22 17:16:27 | flow.main | INFO     | logging_config.py:431 | Intermediate snapshot saved: 20260522_171627_task1_iter2_validation_task1.json
2026-05-22 17:16:48 | flow.main | INFO     | logging_config.py:431 | Intermediate snapshot saved: 20260522_171648_task2_iter0_task_execution_task2.json
2026-05-22 17:17:13 | flow.main | INFO     | logging_config.py:431 | Intermediate snapshot saved: 20260522_171713_task2_iter1_validation_task2.json
2026-05-22 17:17:34 | flow.main | INFO     | logging_config.py:431 | Intermediate snapshot saved: 20260522_171734_task2_iter2_re_execution_task2.json
2026-05-22 17:17:54 | flow.main | INFO     | logging_config.py:431 | Intermediate snapshot saved: 20260522_171754_task2_iter2_validation_task2.json
2026-05-22 17:18:14 | flow.main | INFO     | logging_config.py:431 | Intermediate snapshot saved: 20260522_171814_task2_iter3_re_execution_task2.json
2026-05-22 17:18:17 | flow.main | INFO     | logging_config.py:431 | Intermediate snapshot saved: 20260522_171817_task2_iter3_validation_task2.json
2026-05-22 17:18:17 | flow.main | INFO     | logging_config.py:431 | Intermediate snapshot saved: 20260522_171817_workflow_refinement_iter1_workflow_pre_refinement.json
2026-05-22 17:18:21 | flow.main | INFO     | logging_config.py:431 | Intermediate snapshot saved: 20260522_171821_workflow_refinement_iter2_workflow_post_refinement.json
2026-05-22 17:18:47 | flow.main | INFO     | logging_config.py:431 | Intermediate snapshot saved: 20260522_171847_task3_iter0_task_execution_task3.json
2026-05-22 17:19:13 | flow.main | INFO     | logging_config.py:431 | Intermediate snapshot saved: 20260522_171913_task3_iter1_validation_task3.json
2026-05-22 17:19:38 | flow.main | INFO     | logging_config.py:431 | Intermediate snapshot saved: 20260522_171938_task3_iter2_re_execution_task3.json
2026-05-22 17:19:42 | flow.main | INFO     | logging_config.py:431 | Intermediate snapshot saved: 20260522_171942_task3_iter2_validation_task3.json
2026-05-22 17:20:07 | flow.main | INFO     | logging_config.py:431 | Intermediate snapshot saved: 20260522_172007_task4_iter0_task_execution_task4.json
2026-05-22 17:20:11 | flow.main | INFO     | logging_config.py:431 | Intermediate snapshot saved: 20260522_172011_task4_iter1_validation_task4.json
2026-05-22 17:20:11 | flow.main | INFO     | main.py:67 | Flow execution completed in 327.53 seconds
2026-05-22 17:20:11 | flow.main | INFO     | logging_config.py:215 | Results saved to runs/run_20260522_171443/results/workflow_final_state.json
2026-05-22 17:22:29 | flow.main | INFO     | logging_config.py:215 | Results saved to runs/run_20260522_171443/results/final_summary.json
2026-05-22 17:22:29 | flow.main | INFO     | logging_config.py:215 | Results saved to runs/run_20260522_171443/results/workflow_run_20260522_172229.json
2026-05-22 17:22:29 | flow.main | INFO     | main.py:97 | All results saved successfully to run directory: runs/run_20260522_171443
2026-05-22 17:22:29 | flow.main | INFO     | main.py:98 | Run completed! Check runs/run_20260522_171443 for all files from this execution.
