2026-05-26 17:35:55 | flow.main | INFO     | logging_config.py:282 | Run metadata saved to runs/run_20260526_173555/run_metadata.json
2026-05-26 17:35:55 | flow.main | INFO     | main.py:59 | Starting Flow execution for task: You are a workflow planning agent.
Your task is to:
-"Analyze the job description",
    "Analyze the...
2026-05-26 17:35:55 | flow.main | INFO     | main.py:60 | Run ID: 20260526_173555
2026-05-26 17:35:55 | flow.main | INFO     | main.py:61 | Run Directory: runs/run_20260526_173555
2026-05-26 17:35:55 | flow.main | INFO     | main.py:62 | Configuration: 5 candidates, refine_threshold=3, max_validation_itt=5
2026-05-26 17:36:16 | flow.main | INFO     | logging_config.py:431 | Intermediate snapshot saved: 20260526_173616_task2_iter0_task_execution_task2.json
2026-05-26 17:36:17 | flow.main | INFO     | logging_config.py:431 | Intermediate snapshot saved: 20260526_173617_task1_iter0_task_execution_task1.json
2026-05-26 17:36:18 | flow.main | INFO     | logging_config.py:431 | Intermediate snapshot saved: 20260526_173618_task0_iter0_task_execution_task0.json
2026-05-26 17:36:26 | flow.main | INFO     | logging_config.py:431 | Intermediate snapshot saved: 20260526_173626_task2_iter1_validation_task2.json
2026-05-26 17:36:29 | flow.main | INFO     | logging_config.py:431 | Intermediate snapshot saved: 20260526_173629_task1_iter1_validation_task1.json
2026-05-26 17:36:29 | flow.main | INFO     | logging_config.py:431 | Intermediate snapshot saved: 20260526_173629_task0_iter1_validation_task0.json
2026-05-26 17:36:31 | flow.main | INFO     | logging_config.py:431 | Intermediate snapshot saved: 20260526_173631_task2_iter2_re_execution_task2.json
2026-05-26 17:36:32 | flow.main | INFO     | logging_config.py:431 | Intermediate snapshot saved: 20260526_173632_task1_iter2_re_execution_task1.json
2026-05-26 17:36:34 | flow.main | INFO     | logging_config.py:431 | Intermediate snapshot saved: 20260526_173634_task0_iter2_re_execution_task0.json
2026-05-26 17:36:34 | flow.main | INFO     | logging_config.py:431 | Intermediate snapshot saved: 20260526_173634_task1_iter2_validation_task1.json
2026-05-26 17:36:36 | flow.main | INFO     | logging_config.py:431 | Intermediate snapshot saved: 20260526_173636_task2_iter2_validation_task2.json
2026-05-26 17:36:46 | flow.main | INFO     | logging_config.py:431 | Intermediate snapshot saved: 20260526_173646_task0_iter2_validation_task0.json
2026-05-26 17:36:46 | flow.main | INFO     | logging_config.py:431 | Intermediate snapshot saved: 20260526_173646_workflow_refinement_iter1_workflow_pre_refinement.json
2026-05-26 17:36:53 | flow.main | INFO     | logging_config.py:431 | Intermediate snapshot saved: 20260526_173653_workflow_refinement_iter2_workflow_post_refinement.json
2026-05-26 17:36:57 | flow.main | INFO     | logging_config.py:431 | Intermediate snapshot saved: 20260526_173657_task3_iter0_task_execution_task3.json
2026-05-26 17:37:00 | flow.main | INFO     | logging_config.py:431 | Intermediate snapshot saved: 20260526_173700_task3_iter1_validation_task3.json
2026-05-26 17:37:07 | flow.main | INFO     | logging_config.py:431 | Intermediate snapshot saved: 20260526_173707_task4_iter0_task_execution_task4.json
2026-05-26 17:37:23 | flow.main | INFO     | logging_config.py:431 | Intermediate snapshot saved: 20260526_173723_task4_iter1_validation_task4.json
2026-05-26 17:37:34 | flow.main | INFO     | logging_config.py:431 | Intermediate snapshot saved: 20260526_173734_task4_iter2_re_execution_task4.json
2026-05-26 17:37:39 | flow.main | INFO     | logging_config.py:431 | Intermediate snapshot saved: 20260526_173739_task4_iter2_validation_task4.json
2026-05-26 17:37:46 | flow.main | INFO     | logging_config.py:431 | Intermediate snapshot saved: 20260526_173746_task5_iter0_task_execution_task5.json
2026-05-26 17:37:56 | flow.main | INFO     | logging_config.py:431 | Intermediate snapshot saved: 20260526_173756_task5_iter1_validation_task5.json
2026-05-26 17:38:03 | flow.main | INFO     | logging_config.py:431 | Intermediate snapshot saved: 20260526_173803_task5_iter2_re_execution_task5.json
2026-05-26 17:38:18 | flow.main | INFO     | logging_config.py:431 | Intermediate snapshot saved: 20260526_173818_task5_iter2_validation_task5.json
2026-05-26 17:38:36 | flow.main | INFO     | logging_config.py:431 | Intermediate snapshot saved: 20260526_173836_task5_iter3_re_execution_task5.json
2026-05-26 17:38:53 | flow.main | INFO     | logging_config.py:431 | Intermediate snapshot saved: 20260526_173853_task5_iter3_validation_task5.json
2026-05-26 17:39:08 | flow.main | INFO     | logging_config.py:431 | Intermediate snapshot saved: 20260526_173908_task5_iter4_re_execution_task5.json
2026-05-26 17:39:10 | flow.main | INFO     | logging_config.py:431 | Intermediate snapshot saved: 20260526_173910_task5_iter4_validation_task5.json
2026-05-26 17:39:10 | flow.main | INFO     | logging_config.py:431 | Intermediate snapshot saved: 20260526_173910_workflow_refinement_iter1_workflow_pre_refinement.json
2026-05-26 17:39:10 | flow.main | INFO     | main.py:70 | Flow execution completed in 195.14 seconds
2026-05-26 17:39:10 | flow.main | INFO     | logging_config.py:215 | Results saved to runs/run_20260526_173555/results/workflow_final_state.json
2026-05-26 17:39:49 | flow.main | INFO     | logging_config.py:215 | Results saved to runs/run_20260526_173555/results/final_summary.json
2026-05-26 17:39:49 | flow.main | INFO     | logging_config.py:215 | Results saved to runs/run_20260526_173555/results/workflow_run_20260526_173949.json
2026-05-26 17:39:49 | flow.main | INFO     | main.py:100 | All results saved successfully to run directory: runs/run_20260526_173555
2026-05-26 17:39:49 | flow.main | INFO     | main.py:101 | Run completed! Check runs/run_20260526_173555 for all files from this execution.
