2026-05-27 16:48:17 | flow.main | INFO     | logging_config.py:282 | Run metadata saved to runs/run_20260527_164817/run_metadata.json
2026-05-27 16:48:17 | flow.main | INFO     | main.py:59 | Starting Flow execution for task: You are a workflow planning agent.
Your task is to:
-"Analyze the job description",
    "Analyze the...
2026-05-27 16:48:17 | flow.main | INFO     | main.py:60 | Run ID: 20260527_164817
2026-05-27 16:48:17 | flow.main | INFO     | main.py:61 | Run Directory: runs/run_20260527_164817
2026-05-27 16:48:17 | flow.main | INFO     | main.py:62 | Configuration: 5 candidates, refine_threshold=3, max_validation_itt=5
2026-05-27 16:49:13 | flow.main | INFO     | logging_config.py:431 | Intermediate snapshot saved: 20260527_164913_task0_iter0_task_execution_task0.json
2026-05-27 16:49:15 | flow.main | INFO     | logging_config.py:431 | Intermediate snapshot saved: 20260527_164915_task1_iter0_task_execution_task1.json
2026-05-27 16:49:23 | flow.main | INFO     | logging_config.py:431 | Intermediate snapshot saved: 20260527_164923_task0_iter1_validation_task0.json
2026-05-27 16:49:25 | flow.main | INFO     | logging_config.py:431 | Intermediate snapshot saved: 20260527_164925_task0_iter2_re_execution_task0.json
2026-05-27 16:49:26 | flow.main | INFO     | logging_config.py:431 | Intermediate snapshot saved: 20260527_164926_task1_iter1_validation_task1.json
2026-05-27 16:49:28 | flow.main | INFO     | logging_config.py:431 | Intermediate snapshot saved: 20260527_164928_task1_iter2_re_execution_task1.json
2026-05-27 16:49:30 | flow.main | INFO     | logging_config.py:431 | Intermediate snapshot saved: 20260527_164930_task0_iter2_validation_task0.json
2026-05-27 16:49:35 | flow.main | INFO     | logging_config.py:431 | Intermediate snapshot saved: 20260527_164935_task1_iter2_validation_task1.json
2026-05-27 16:49:37 | flow.main | INFO     | logging_config.py:431 | Intermediate snapshot saved: 20260527_164937_task1_iter3_re_execution_task1.json
2026-05-27 16:49:39 | flow.main | INFO     | logging_config.py:431 | Intermediate snapshot saved: 20260527_164939_task2_iter0_task_execution_task2.json
2026-05-27 16:49:40 | flow.main | INFO     | logging_config.py:431 | Intermediate snapshot saved: 20260527_164940_task1_iter3_validation_task1.json
2026-05-27 16:49:41 | flow.main | INFO     | logging_config.py:431 | Intermediate snapshot saved: 20260527_164941_task3_iter0_task_execution_task3.json
2026-05-27 16:49:42 | flow.main | INFO     | logging_config.py:431 | Intermediate snapshot saved: 20260527_164942_task2_iter1_validation_task2.json
2026-05-27 16:49:49 | flow.main | INFO     | logging_config.py:431 | Intermediate snapshot saved: 20260527_164949_task3_iter1_validation_task3.json
2026-05-27 16:49:49 | flow.main | INFO     | logging_config.py:431 | Intermediate snapshot saved: 20260527_164949_workflow_refinement_iter1_workflow_pre_refinement.json
2026-05-27 16:50:03 | flow.main | INFO     | logging_config.py:431 | Intermediate snapshot saved: 20260527_165003_workflow_refinement_iter2_workflow_post_refinement.json
2026-05-27 16:50:05 | flow.main | INFO     | logging_config.py:431 | Intermediate snapshot saved: 20260527_165005_task4_iter0_task_execution_task4.json
2026-05-27 16:50:13 | flow.main | INFO     | logging_config.py:431 | Intermediate snapshot saved: 20260527_165013_task4_iter1_validation_task4.json
2026-05-27 16:50:23 | flow.main | INFO     | logging_config.py:431 | Intermediate snapshot saved: 20260527_165023_task4_iter2_re_execution_task4.json
2026-05-27 16:50:26 | flow.main | INFO     | logging_config.py:431 | Intermediate snapshot saved: 20260527_165026_task4_iter2_validation_task4.json
2026-05-27 16:50:37 | flow.main | INFO     | logging_config.py:431 | Intermediate snapshot saved: 20260527_165037_task5_iter0_task_execution_task5.json
2026-05-27 16:50:41 | flow.main | INFO     | logging_config.py:431 | Intermediate snapshot saved: 20260527_165041_task5_iter1_validation_task5.json
2026-05-27 16:50:41 | flow.main | INFO     | logging_config.py:431 | Intermediate snapshot saved: 20260527_165041_workflow_refinement_iter1_workflow_pre_refinement.json
2026-05-27 16:50:44 | flow.main | INFO     | logging_config.py:431 | Intermediate snapshot saved: 20260527_165044_workflow_refinement_iter2_workflow_post_refinement.json
2026-05-27 16:50:47 | flow.main | INFO     | logging_config.py:431 | Intermediate snapshot saved: 20260527_165047_task6_iter0_task_execution_task6.json
2026-05-27 16:50:58 | flow.main | INFO     | logging_config.py:431 | Intermediate snapshot saved: 20260527_165058_task6_iter1_validation_task6.json
2026-05-27 16:51:00 | flow.main | INFO     | logging_config.py:431 | Intermediate snapshot saved: 20260527_165100_task7_iter0_task_execution_task7.json
2026-05-27 16:51:14 | flow.main | INFO     | logging_config.py:431 | Intermediate snapshot saved: 20260527_165114_task7_iter1_validation_task7.json
2026-05-27 16:51:21 | flow.main | INFO     | logging_config.py:431 | Intermediate snapshot saved: 20260527_165121_task7_iter2_re_execution_task7.json
2026-05-27 16:51:27 | flow.main | INFO     | logging_config.py:431 | Intermediate snapshot saved: 20260527_165127_task7_iter2_validation_task7.json
2026-05-27 16:51:27 | flow.main | INFO     | main.py:70 | Flow execution completed in 189.36 seconds
2026-05-27 16:51:27 | flow.main | INFO     | logging_config.py:215 | Results saved to runs/run_20260527_164817/results/workflow_final_state.json
2026-05-27 16:51:44 | flow.main | INFO     | logging_config.py:215 | Results saved to runs/run_20260527_164817/results/final_summary.json
2026-05-27 16:51:44 | flow.main | INFO     | logging_config.py:215 | Results saved to runs/run_20260527_164817/results/workflow_run_20260527_165144.json
2026-05-27 16:51:44 | flow.main | INFO     | main.py:100 | All results saved successfully to run directory: runs/run_20260527_164817
2026-05-27 16:51:44 | flow.main | INFO     | main.py:101 | Run completed! Check runs/run_20260527_164817 for all files from this execution.
