2026-05-28 11:09:21 | flow.main | INFO     | logging_config.py:282 | Run metadata saved to runs/run_20260528_110921/run_metadata.json
2026-05-28 11:09:21 | flow.main | INFO     | main.py:59 | Starting Flow execution for task: 
Your task is to take interview. The following are the steps
-"Analyze the job description",
    "An...
2026-05-28 11:09:21 | flow.main | INFO     | main.py:60 | Run ID: 20260528_110921
2026-05-28 11:09:21 | flow.main | INFO     | main.py:61 | Run Directory: runs/run_20260528_110921
2026-05-28 11:09:21 | flow.main | INFO     | main.py:62 | Configuration: 5 candidates, refine_threshold=3, max_validation_itt=5
2026-05-28 11:10:30 | flow.main | INFO     | logging_config.py:431 | Intermediate snapshot saved: 20260528_111030_task0_iter0_task_execution_task0.json
2026-05-28 11:10:33 | flow.main | INFO     | logging_config.py:431 | Intermediate snapshot saved: 20260528_111033_task0_iter1_validation_task0.json
2026-05-28 11:10:37 | flow.main | INFO     | logging_config.py:431 | Intermediate snapshot saved: 20260528_111037_task1_iter0_task_execution_task1.json
2026-05-28 11:10:39 | flow.main | INFO     | logging_config.py:431 | Intermediate snapshot saved: 20260528_111039_task3_iter0_task_execution_task3.json
2026-05-28 11:10:40 | flow.main | INFO     | logging_config.py:431 | Intermediate snapshot saved: 20260528_111040_task1_iter1_validation_task1.json
2026-05-28 11:10:43 | flow.main | INFO     | logging_config.py:431 | Intermediate snapshot saved: 20260528_111043_task2_iter0_task_execution_task2.json
2026-05-28 11:10:44 | flow.main | INFO     | logging_config.py:431 | Intermediate snapshot saved: 20260528_111044_task3_iter1_validation_task3.json
2026-05-28 11:10:53 | flow.main | INFO     | logging_config.py:431 | Intermediate snapshot saved: 20260528_111053_task2_iter1_validation_task2.json
2026-05-28 11:11:13 | flow.main | INFO     | logging_config.py:431 | Intermediate snapshot saved: 20260528_111113_task2_iter2_re_execution_task2.json
2026-05-28 11:11:18 | flow.main | INFO     | logging_config.py:431 | Intermediate snapshot saved: 20260528_111118_task2_iter2_validation_task2.json
2026-05-28 11:11:18 | flow.main | INFO     | logging_config.py:431 | Intermediate snapshot saved: 20260528_111118_workflow_refinement_iter1_workflow_pre_refinement.json
2026-05-28 11:11:22 | flow.main | INFO     | logging_config.py:431 | Intermediate snapshot saved: 20260528_111122_workflow_refinement_iter2_workflow_post_refinement.json
2026-05-28 11:11:31 | flow.main | INFO     | logging_config.py:431 | Intermediate snapshot saved: 20260528_111131_task4_iter0_task_execution_task4.json
2026-05-28 11:11:44 | flow.main | INFO     | logging_config.py:431 | Intermediate snapshot saved: 20260528_111144_task4_iter1_validation_task4.json
2026-05-28 11:12:07 | flow.main | INFO     | logging_config.py:431 | Intermediate snapshot saved: 20260528_111207_task4_iter2_re_execution_task4.json
2026-05-28 11:12:23 | flow.main | INFO     | logging_config.py:431 | Intermediate snapshot saved: 20260528_111223_task4_iter2_validation_task4.json
2026-05-28 11:12:25 | flow.main | INFO     | logging_config.py:431 | Intermediate snapshot saved: 20260528_111225_task4_iter3_re_execution_task4.json
2026-05-28 11:12:36 | flow.main | INFO     | logging_config.py:431 | Intermediate snapshot saved: 20260528_111236_task4_iter3_validation_task4.json
2026-05-28 11:12:38 | flow.main | INFO     | logging_config.py:431 | Intermediate snapshot saved: 20260528_111238_task4_iter4_re_execution_task4.json
2026-05-28 11:12:49 | flow.main | INFO     | logging_config.py:431 | Intermediate snapshot saved: 20260528_111249_task4_iter4_validation_task4.json
2026-05-28 11:12:51 | flow.main | INFO     | logging_config.py:431 | Intermediate snapshot saved: 20260528_111251_task4_iter5_re_execution_task4.json
2026-05-28 11:13:02 | flow.main | INFO     | logging_config.py:431 | Intermediate snapshot saved: 20260528_111302_task4_iter5_validation_task4.json
2026-05-28 11:13:12 | flow.main | INFO     | logging_config.py:431 | Intermediate snapshot saved: 20260528_111312_task4_iter0_task_execution_task4.json
2026-05-28 11:13:36 | flow.main | INFO     | logging_config.py:431 | Intermediate snapshot saved: 20260528_111336_task4_iter1_validation_task4.json
2026-05-28 11:13:36 | flow.main | INFO     | logging_config.py:431 | Intermediate snapshot saved: 20260528_111336_workflow_refinement_iter1_workflow_pre_refinement.json
2026-05-28 11:13:42 | flow.main | INFO     | logging_config.py:431 | Intermediate snapshot saved: 20260528_111342_workflow_refinement_iter2_workflow_post_refinement.json
2026-05-28 11:13:46 | flow.main | INFO     | logging_config.py:431 | Intermediate snapshot saved: 20260528_111346_task5_iter0_task_execution_task5.json
2026-05-28 11:13:56 | flow.main | INFO     | logging_config.py:431 | Intermediate snapshot saved: 20260528_111356_task5_iter1_validation_task5.json
2026-05-28 11:13:56 | flow.main | INFO     | main.py:70 | Flow execution completed in 275.15 seconds
2026-05-28 11:13:56 | flow.main | INFO     | logging_config.py:215 | Results saved to runs/run_20260528_110921/results/workflow_final_state.json
2026-05-28 11:14:27 | flow.main | INFO     | logging_config.py:215 | Results saved to runs/run_20260528_110921/results/final_summary.json
2026-05-28 11:14:27 | flow.main | INFO     | logging_config.py:215 | Results saved to runs/run_20260528_110921/results/workflow_run_20260528_111427.json
2026-05-28 11:14:27 | flow.main | INFO     | main.py:100 | All results saved successfully to run directory: runs/run_20260528_110921
2026-05-28 11:14:27 | flow.main | INFO     | main.py:101 | Run completed! Check runs/run_20260528_110921 for all files from this execution.
