2026-07-18 18:26:50 | flow.main | INFO     | logging_config.py:282 | Run metadata saved to runs/run_20260718_182650/run_metadata.json
2026-07-18 18:26:50 | flow.main | INFO     | main.py:80 | Starting Flow execution for task: 
Your task is to take interview. The following are the steps
-"Analyze the job description",
    "An...
2026-07-18 18:26:50 | flow.main | INFO     | main.py:81 | Run ID: 20260718_182650
2026-07-18 18:26:50 | flow.main | INFO     | main.py:82 | Run Directory: runs/run_20260718_182650
2026-07-18 18:26:50 | flow.main | INFO     | main.py:83 | Configuration: 5 candidates, refine_threshold=3, max_validation_itt=5
2026-07-18 18:26:50 | flow.main | INFO     | main.py:44 | [flow] Planning workflow for: 
Your task is to take interview. The following are the steps
-"Analyze the job d...
2026-07-18 18:27:09 | flow.main | INFO     | main.py:44 | [flow] Workflow planned with 6 tasks.
2026-07-18 18:27:27 | flow.main | INFO     | main.py:44 | [attempt_task1] Task task1 validated after 1 attempt(s).
2026-07-18 18:27:32 | flow.main | INFO     | main.py:44 | [attempt_task0] Task task0 validated after 1 attempt(s).
2026-07-18 18:27:43 | flow.main | INFO     | main.py:44 | [attempt_task3] Task task3 validated after 1 attempt(s).
2026-07-18 18:28:21 | flow.main | INFO     | main.py:44 | [attempt_task2] Task task2 validated after 2 attempt(s).
2026-07-18 18:28:24 | flow.main | INFO     | main.py:44 | [flow] Workflow refined (remaining refine iterations: 4).
2026-07-18 18:29:09 | flow.main | INFO     | main.py:44 | [attempt_task4] Task task4 validated after 2 attempt(s).
2026-07-18 18:29:18 | flow.main | INFO     | main.py:44 | [attempt_task5] Task task5 validated after 1 attempt(s).
2026-07-18 18:29:18 | flow.main | INFO     | main.py:44 | [flow] All tasks completed.
2026-07-18 18:29:18 | flow.main | INFO     | main.py:101 | Flow execution completed in 147.26 seconds
2026-07-18 18:29:18 | flow.main | INFO     | logging_config.py:215 | Results saved to runs/run_20260718_182650/results/workflow_final_state.json
2026-07-18 18:29:28 | flow.main | INFO     | logging_config.py:215 | Results saved to runs/run_20260718_182650/results/final_summary.json
2026-07-18 18:29:28 | flow.main | INFO     | logging_config.py:215 | Results saved to runs/run_20260718_182650/results/workflow_run_20260718_182928.json
2026-07-18 18:29:28 | flow.main | INFO     | main.py:125 | All results saved successfully to run directory: runs/run_20260718_182650
2026-07-18 18:29:28 | flow.main | INFO     | main.py:126 | Run completed! Check runs/run_20260718_182650 for all files from this execution.
