2026-05-23 11:06:10 | flow.main | INFO     | logging_config.py:282 | Run metadata saved to runs/run_20260523_110610/run_metadata.json
2026-05-23 11:06:10 | flow.main | INFO     | main.py:56 | Starting Flow execution for task: Develop a game that fuses Tetris and Bejeweled mechanics. 
This game needs to add keyboard control f...
2026-05-23 11:06:10 | flow.main | INFO     | main.py:57 | Run ID: 20260523_110610
2026-05-23 11:06:10 | flow.main | INFO     | main.py:58 | Run Directory: runs/run_20260523_110610
2026-05-23 11:06:10 | flow.main | INFO     | main.py:59 | Configuration: 5 candidates, refine_threshold=3, max_validation_itt=5
2026-05-23 11:06:38 | flow.main | INFO     | logging_config.py:431 | Intermediate snapshot saved: 20260523_110638_task0_iter0_task_execution_task0.json
2026-05-23 11:06:48 | flow.main | INFO     | logging_config.py:431 | Intermediate snapshot saved: 20260523_110648_task0_iter1_validation_task0.json
2026-05-23 11:06:56 | flow.main | INFO     | logging_config.py:431 | Intermediate snapshot saved: 20260523_110656_task0_iter2_re_execution_task0.json
2026-05-23 11:07:03 | flow.main | INFO     | logging_config.py:431 | Intermediate snapshot saved: 20260523_110703_task0_iter2_validation_task0.json
2026-05-23 11:07:15 | flow.main | INFO     | logging_config.py:431 | Intermediate snapshot saved: 20260523_110715_task2_iter0_task_execution_task2.json
2026-05-23 11:07:20 | flow.main | INFO     | logging_config.py:431 | Intermediate snapshot saved: 20260523_110720_task1_iter0_task_execution_task1.json
2026-05-23 11:07:23 | flow.main | INFO     | logging_config.py:431 | Intermediate snapshot saved: 20260523_110723_task3_iter0_task_execution_task3.json
2026-05-23 11:07:36 | flow.main | INFO     | logging_config.py:431 | Intermediate snapshot saved: 20260523_110736_task2_iter1_validation_task2.json
2026-05-23 11:07:46 | flow.main | INFO     | logging_config.py:431 | Intermediate snapshot saved: 20260523_110746_task2_iter2_re_execution_task2.json
2026-05-23 11:07:47 | flow.main | INFO     | logging_config.py:431 | Intermediate snapshot saved: 20260523_110747_task1_iter1_validation_task1.json
2026-05-23 11:07:49 | flow.main | INFO     | logging_config.py:431 | Intermediate snapshot saved: 20260523_110749_task2_iter2_validation_task2.json
2026-05-23 11:07:52 | flow.main | INFO     | logging_config.py:431 | Intermediate snapshot saved: 20260523_110752_task3_iter1_validation_task3.json
2026-05-23 11:08:00 | flow.main | INFO     | logging_config.py:431 | Intermediate snapshot saved: 20260523_110800_task1_iter2_re_execution_task1.json
2026-05-23 11:08:05 | flow.main | INFO     | logging_config.py:431 | Intermediate snapshot saved: 20260523_110805_task1_iter2_validation_task1.json
2026-05-23 11:08:10 | flow.main | INFO     | logging_config.py:431 | Intermediate snapshot saved: 20260523_110810_task3_iter2_re_execution_task3.json
2026-05-23 11:08:14 | flow.main | INFO     | logging_config.py:431 | Intermediate snapshot saved: 20260523_110814_task3_iter2_validation_task3.json
2026-05-23 11:08:14 | flow.main | INFO     | logging_config.py:431 | Intermediate snapshot saved: 20260523_110814_workflow_refinement_iter1_workflow_pre_refinement.json
2026-05-23 11:08:19 | flow.main | INFO     | logging_config.py:431 | Intermediate snapshot saved: 20260523_110819_workflow_refinement_iter2_workflow_post_refinement.json
2026-05-23 11:08:42 | flow.main | INFO     | logging_config.py:431 | Intermediate snapshot saved: 20260523_110842_task4_iter0_task_execution_task4.json
2026-05-23 11:08:46 | flow.main | INFO     | logging_config.py:431 | Intermediate snapshot saved: 20260523_110846_task4_iter1_validation_task4.json
2026-05-23 11:08:46 | flow.main | INFO     | main.py:67 | Flow execution completed in 155.66 seconds
2026-05-23 11:08:46 | flow.main | INFO     | logging_config.py:215 | Results saved to runs/run_20260523_110610/results/workflow_final_state.json
2026-05-23 11:09:36 | flow.main | INFO     | logging_config.py:215 | Results saved to runs/run_20260523_110610/results/final_summary.json
2026-05-23 11:09:36 | flow.main | INFO     | logging_config.py:215 | Results saved to runs/run_20260523_110610/results/workflow_run_20260523_110936.json
2026-05-23 11:09:36 | flow.main | INFO     | main.py:97 | All results saved successfully to run directory: runs/run_20260523_110610
2026-05-23 11:09:36 | flow.main | INFO     | main.py:98 | Run completed! Check runs/run_20260523_110610 for all files from this execution.
