2026-05-27 16:58:23 | flow.main | INFO     | logging_config.py:282 | Run metadata saved to runs/run_20260527_165823/run_metadata.json
2026-05-27 16:58:23 | flow.main | INFO     | main.py:59 | Starting Flow execution for task: You are a workflow planning agent.
Your task is to:
-"Analyze the job description",
    "Analyze the...
2026-05-27 16:58:23 | flow.main | INFO     | main.py:60 | Run ID: 20260527_165823
2026-05-27 16:58:23 | flow.main | INFO     | main.py:61 | Run Directory: runs/run_20260527_165823
2026-05-27 16:58:23 | flow.main | INFO     | main.py:62 | Configuration: 5 candidates, refine_threshold=3, max_validation_itt=5
2026-05-27 16:59:37 | flow.main | INFO     | logging_config.py:431 | Intermediate snapshot saved: 20260527_165937_task1_iter0_task_execution_task1.json
2026-05-27 16:59:37 | flow.main | INFO     | logging_config.py:431 | Intermediate snapshot saved: 20260527_165937_task0_iter0_task_execution_task0.json
2026-05-27 16:59:45 | flow.main | INFO     | logging_config.py:431 | Intermediate snapshot saved: 20260527_165945_task1_iter1_validation_task1.json
2026-05-27 16:59:47 | flow.main | INFO     | logging_config.py:431 | Intermediate snapshot saved: 20260527_165947_task4_iter0_task_execution_task4.json
2026-05-27 16:59:50 | flow.main | INFO     | logging_config.py:431 | Intermediate snapshot saved: 20260527_165950_task4_iter1_validation_task4.json
2026-05-27 16:59:50 | flow.main | INFO     | logging_config.py:431 | Intermediate snapshot saved: 20260527_165950_task1_iter2_re_execution_task1.json
2026-05-27 16:59:52 | flow.main | INFO     | logging_config.py:431 | Intermediate snapshot saved: 20260527_165952_task0_iter1_validation_task0.json
2026-05-27 16:59:53 | flow.main | INFO     | logging_config.py:431 | Intermediate snapshot saved: 20260527_165953_task1_iter2_validation_task1.json
2026-05-27 16:59:56 | flow.main | INFO     | logging_config.py:431 | Intermediate snapshot saved: 20260527_165956_task2_iter0_task_execution_task2.json
2026-05-27 17:00:10 | flow.main | INFO     | logging_config.py:431 | Intermediate snapshot saved: 20260527_170010_task2_iter1_validation_task2.json
2026-05-27 17:00:10 | flow.main | INFO     | logging_config.py:431 | Intermediate snapshot saved: 20260527_170010_workflow_refinement_iter1_workflow_pre_refinement.json
2026-05-27 17:00:29 | flow.main | INFO     | logging_config.py:431 | Intermediate snapshot saved: 20260527_170029_workflow_refinement_iter2_workflow_post_refinement.json
2026-05-27 17:00:39 | flow.main | INFO     | logging_config.py:431 | Intermediate snapshot saved: 20260527_170039_task3_iter0_task_execution_task3.json
2026-05-27 17:00:50 | flow.main | INFO     | logging_config.py:431 | Intermediate snapshot saved: 20260527_170050_task3_iter1_validation_task3.json
2026-05-27 17:01:00 | flow.main | INFO     | logging_config.py:431 | Intermediate snapshot saved: 20260527_170100_task3_iter2_re_execution_task3.json
2026-05-27 17:01:16 | flow.main | INFO     | logging_config.py:431 | Intermediate snapshot saved: 20260527_170116_task3_iter2_validation_task3.json
2026-05-27 17:01:26 | flow.main | INFO     | logging_config.py:431 | Intermediate snapshot saved: 20260527_170126_task3_iter3_re_execution_task3.json
2026-05-27 17:01:30 | flow.main | INFO     | logging_config.py:431 | Intermediate snapshot saved: 20260527_170130_task3_iter3_validation_task3.json
2026-05-27 17:01:33 | flow.main | INFO     | logging_config.py:431 | Intermediate snapshot saved: 20260527_170133_task5_iter0_task_execution_task5.json
2026-05-27 17:01:51 | flow.main | INFO     | logging_config.py:431 | Intermediate snapshot saved: 20260527_170151_task5_iter1_validation_task5.json
2026-05-27 17:01:51 | flow.main | INFO     | logging_config.py:431 | Intermediate snapshot saved: 20260527_170151_workflow_refinement_iter1_workflow_pre_refinement.json
2026-05-27 17:01:51 | flow.main | INFO     | main.py:70 | Flow execution completed in 207.43 seconds
2026-05-27 17:01:51 | flow.main | INFO     | logging_config.py:215 | Results saved to runs/run_20260527_165823/results/workflow_final_state.json
2026-05-27 17:02:08 | flow.main | INFO     | logging_config.py:215 | Results saved to runs/run_20260527_165823/results/final_summary.json
2026-05-27 17:02:08 | flow.main | INFO     | logging_config.py:215 | Results saved to runs/run_20260527_165823/results/workflow_run_20260527_170208.json
2026-05-27 17:02:08 | flow.main | INFO     | main.py:100 | All results saved successfully to run directory: runs/run_20260527_165823
2026-05-27 17:02:08 | flow.main | INFO     | main.py:101 | Run completed! Check runs/run_20260527_165823 for all files from this execution.
