2026-05-26 18:01:13 | flow.main | INFO     | logging_config.py:282 | Run metadata saved to runs/run_20260526_180113/run_metadata.json
2026-05-26 18:01:13 | flow.main | INFO     | main.py:59 | Starting Flow execution for task: You are a workflow planning agent.
Your task is to:
-"Analyze the job description",
    "Analyze the...
2026-05-26 18:01:13 | flow.main | INFO     | main.py:60 | Run ID: 20260526_180113
2026-05-26 18:01:13 | flow.main | INFO     | main.py:61 | Run Directory: runs/run_20260526_180113
2026-05-26 18:01:13 | flow.main | INFO     | main.py:62 | Configuration: 5 candidates, refine_threshold=3, max_validation_itt=5
2026-05-26 18:03:06 | flow.main | INFO     | logging_config.py:431 | Intermediate snapshot saved: 20260526_180306_task0_iter0_task_execution_task0.json
2026-05-26 18:03:14 | flow.main | INFO     | logging_config.py:431 | Intermediate snapshot saved: 20260526_180314_task0_iter1_validation_task0.json
2026-05-26 18:03:17 | flow.main | INFO     | logging_config.py:431 | Intermediate snapshot saved: 20260526_180317_task0_iter2_re_execution_task0.json
2026-05-26 18:03:25 | flow.main | INFO     | logging_config.py:431 | Intermediate snapshot saved: 20260526_180325_task0_iter2_validation_task0.json
2026-05-26 18:03:27 | flow.main | INFO     | logging_config.py:431 | Intermediate snapshot saved: 20260526_180327_task0_iter3_re_execution_task0.json
2026-05-26 18:03:29 | flow.main | INFO     | logging_config.py:431 | Intermediate snapshot saved: 20260526_180329_task0_iter3_validation_task0.json
2026-05-26 18:03:31 | flow.main | INFO     | logging_config.py:431 | Intermediate snapshot saved: 20260526_180331_task2_iter0_task_execution_task2.json
2026-05-26 18:03:32 | flow.main | INFO     | logging_config.py:431 | Intermediate snapshot saved: 20260526_180332_task1_iter0_task_execution_task1.json
2026-05-26 18:03:39 | flow.main | INFO     | logging_config.py:431 | Intermediate snapshot saved: 20260526_180339_task1_iter1_validation_task1.json
2026-05-26 18:03:41 | flow.main | INFO     | logging_config.py:431 | Intermediate snapshot saved: 20260526_180341_task2_iter1_validation_task2.json
2026-05-26 18:03:42 | flow.main | INFO     | logging_config.py:431 | Intermediate snapshot saved: 20260526_180342_task1_iter2_re_execution_task1.json
2026-05-26 18:03:45 | flow.main | INFO     | logging_config.py:431 | Intermediate snapshot saved: 20260526_180345_task1_iter2_validation_task1.json
2026-05-26 18:03:45 | flow.main | INFO     | logging_config.py:431 | Intermediate snapshot saved: 20260526_180345_workflow_refinement_iter1_workflow_pre_refinement.json
2026-05-26 18:03:50 | flow.main | INFO     | logging_config.py:431 | Intermediate snapshot saved: 20260526_180350_workflow_refinement_iter2_workflow_post_refinement.json
2026-05-26 18:03:52 | flow.main | INFO     | logging_config.py:431 | Intermediate snapshot saved: 20260526_180352_task3_iter0_task_execution_task3.json
2026-05-26 18:04:01 | flow.main | INFO     | logging_config.py:431 | Intermediate snapshot saved: 20260526_180401_task3_iter1_validation_task3.json
2026-05-26 18:04:03 | flow.main | INFO     | logging_config.py:431 | Intermediate snapshot saved: 20260526_180403_task4_iter0_task_execution_task4.json
2026-05-26 18:04:10 | flow.main | INFO     | logging_config.py:431 | Intermediate snapshot saved: 20260526_180410_task4_iter1_validation_task4.json
2026-05-26 18:04:12 | flow.main | INFO     | logging_config.py:431 | Intermediate snapshot saved: 20260526_180412_task4_iter2_re_execution_task4.json
2026-05-26 18:04:24 | flow.main | INFO     | logging_config.py:431 | Intermediate snapshot saved: 20260526_180424_task4_iter2_validation_task4.json
2026-05-26 18:04:26 | flow.main | INFO     | logging_config.py:431 | Intermediate snapshot saved: 20260526_180426_task4_iter3_re_execution_task4.json
2026-05-26 18:04:34 | flow.main | INFO     | logging_config.py:431 | Intermediate snapshot saved: 20260526_180434_task4_iter3_validation_task4.json
2026-05-26 18:04:36 | flow.main | INFO     | logging_config.py:431 | Intermediate snapshot saved: 20260526_180436_task4_iter4_re_execution_task4.json
2026-05-26 18:04:40 | flow.main | INFO     | logging_config.py:431 | Intermediate snapshot saved: 20260526_180440_task4_iter4_validation_task4.json
2026-05-26 18:04:44 | flow.main | INFO     | logging_config.py:431 | Intermediate snapshot saved: 20260526_180444_task5_iter0_task_execution_task5.json
2026-05-26 18:04:47 | flow.main | INFO     | logging_config.py:431 | Intermediate snapshot saved: 20260526_180447_task5_iter1_validation_task5.json
2026-05-26 18:04:47 | flow.main | INFO     | logging_config.py:431 | Intermediate snapshot saved: 20260526_180447_workflow_refinement_iter1_workflow_pre_refinement.json
2026-05-26 18:04:47 | flow.main | INFO     | main.py:70 | Flow execution completed in 214.46 seconds
2026-05-26 18:04:47 | flow.main | INFO     | logging_config.py:215 | Results saved to runs/run_20260526_180113/results/workflow_final_state.json
2026-05-26 18:05:06 | flow.main | INFO     | logging_config.py:215 | Results saved to runs/run_20260526_180113/results/final_summary.json
2026-05-26 18:05:06 | flow.main | INFO     | logging_config.py:215 | Results saved to runs/run_20260526_180113/results/workflow_run_20260526_180506.json
2026-05-26 18:05:06 | flow.main | INFO     | main.py:100 | All results saved successfully to run directory: runs/run_20260526_180113
2026-05-26 18:05:06 | flow.main | INFO     | main.py:101 | Run completed! Check runs/run_20260526_180113 for all files from this execution.
