2026-05-27 17:56:07 | flow.main | INFO     | logging_config.py:282 | Run metadata saved to runs/run_20260527_175607/run_metadata.json
2026-05-27 17:56:07 | flow.main | INFO     | main.py:59 | Starting Flow execution for task: You are a workflow planning agent.
Your task is to:
-"Analyze the job description",
    "Analyze the...
2026-05-27 17:56:07 | flow.main | INFO     | main.py:60 | Run ID: 20260527_175607
2026-05-27 17:56:07 | flow.main | INFO     | main.py:61 | Run Directory: runs/run_20260527_175607
2026-05-27 17:56:07 | flow.main | INFO     | main.py:62 | Configuration: 5 candidates, refine_threshold=3, max_validation_itt=5
2026-05-27 17:57:21 | flow.main | INFO     | logging_config.py:431 | Intermediate snapshot saved: 20260527_175721_task0_iter0_task_execution_task0.json
2026-05-27 17:57:21 | flow.main | INFO     | logging_config.py:431 | Intermediate snapshot saved: 20260527_175721_task1_iter0_task_execution_task1.json
2026-05-27 17:57:33 | flow.main | INFO     | logging_config.py:431 | Intermediate snapshot saved: 20260527_175733_task0_iter1_validation_task0.json
2026-05-27 17:57:34 | flow.main | INFO     | logging_config.py:431 | Intermediate snapshot saved: 20260527_175734_task1_iter1_validation_task1.json
2026-05-27 17:57:36 | flow.main | INFO     | logging_config.py:431 | Intermediate snapshot saved: 20260527_175736_task1_iter2_re_execution_task1.json
2026-05-27 17:57:37 | flow.main | INFO     | logging_config.py:431 | Intermediate snapshot saved: 20260527_175737_task0_iter2_re_execution_task0.json
2026-05-27 17:57:47 | flow.main | INFO     | logging_config.py:431 | Intermediate snapshot saved: 20260527_175747_task1_iter2_validation_task1.json
2026-05-27 17:57:47 | flow.main | INFO     | logging_config.py:431 | Intermediate snapshot saved: 20260527_175747_task0_iter2_validation_task0.json
2026-05-27 17:57:50 | flow.main | INFO     | logging_config.py:431 | Intermediate snapshot saved: 20260527_175750_task1_iter3_re_execution_task1.json
2026-05-27 17:57:51 | flow.main | INFO     | logging_config.py:431 | Intermediate snapshot saved: 20260527_175751_task0_iter3_re_execution_task0.json
2026-05-27 17:58:00 | flow.main | INFO     | logging_config.py:431 | Intermediate snapshot saved: 20260527_175800_task1_iter3_validation_task1.json
2026-05-27 17:58:04 | flow.main | INFO     | logging_config.py:431 | Intermediate snapshot saved: 20260527_175804_task0_iter3_validation_task0.json
2026-05-27 17:58:05 | flow.main | INFO     | logging_config.py:431 | Intermediate snapshot saved: 20260527_175805_task1_iter4_re_execution_task1.json
2026-05-27 17:58:09 | flow.main | INFO     | logging_config.py:431 | Intermediate snapshot saved: 20260527_175809_task1_iter4_validation_task1.json
2026-05-27 17:58:13 | flow.main | INFO     | logging_config.py:431 | Intermediate snapshot saved: 20260527_175813_task2_iter0_task_execution_task2.json
2026-05-27 17:58:17 | flow.main | INFO     | logging_config.py:431 | Intermediate snapshot saved: 20260527_175817_task3_iter0_task_execution_task3.json
2026-05-27 17:58:26 | flow.main | INFO     | logging_config.py:431 | Intermediate snapshot saved: 20260527_175826_task2_iter1_validation_task2.json
2026-05-27 17:58:39 | flow.main | INFO     | logging_config.py:431 | Intermediate snapshot saved: 20260527_175839_task3_iter1_validation_task3.json
2026-05-27 17:58:39 | flow.main | INFO     | logging_config.py:431 | Intermediate snapshot saved: 20260527_175839_workflow_refinement_iter1_workflow_pre_refinement.json
2026-05-27 17:58:57 | flow.main | INFO     | logging_config.py:431 | Intermediate snapshot saved: 20260527_175857_workflow_refinement_iter2_workflow_post_refinement.json
2026-05-27 17:59:04 | flow.main | INFO     | logging_config.py:431 | Intermediate snapshot saved: 20260527_175904_task3_iter0_task_execution_task3.json
2026-05-27 17:59:22 | flow.main | INFO     | logging_config.py:431 | Intermediate snapshot saved: 20260527_175922_task3_iter1_validation_task3.json
2026-05-27 17:59:29 | flow.main | INFO     | logging_config.py:431 | Intermediate snapshot saved: 20260527_175929_task5_iter0_task_execution_task5.json
2026-05-27 17:59:30 | flow.main | INFO     | logging_config.py:431 | Intermediate snapshot saved: 20260527_175930_task4_iter0_task_execution_task4.json
2026-05-27 17:59:34 | flow.main | INFO     | logging_config.py:431 | Intermediate snapshot saved: 20260527_175934_task5_iter1_validation_task5.json
2026-05-27 17:59:43 | flow.main | INFO     | logging_config.py:431 | Intermediate snapshot saved: 20260527_175943_task4_iter1_validation_task4.json
2026-05-27 17:59:43 | flow.main | INFO     | logging_config.py:431 | Intermediate snapshot saved: 20260527_175943_workflow_refinement_iter1_workflow_pre_refinement.json
2026-05-27 18:00:00 | flow.main | INFO     | logging_config.py:431 | Intermediate snapshot saved: 20260527_180000_workflow_refinement_iter2_workflow_post_refinement.json
2026-05-27 18:00:08 | flow.main | INFO     | logging_config.py:431 | Intermediate snapshot saved: 20260527_180008_task6_iter0_task_execution_task6.json
2026-05-27 18:00:25 | flow.main | INFO     | logging_config.py:431 | Intermediate snapshot saved: 20260527_180025_task6_iter1_validation_task6.json
2026-05-27 18:00:25 | flow.main | INFO     | main.py:70 | Flow execution completed in 258.03 seconds
2026-05-27 18:00:25 | flow.main | INFO     | logging_config.py:215 | Results saved to runs/run_20260527_175607/results/workflow_final_state.json
2026-05-27 18:00:40 | flow.main | INFO     | logging_config.py:215 | Results saved to runs/run_20260527_175607/results/final_summary.json
2026-05-27 18:00:40 | flow.main | INFO     | logging_config.py:215 | Results saved to runs/run_20260527_175607/results/workflow_run_20260527_180040.json
2026-05-27 18:00:40 | flow.main | INFO     | main.py:100 | All results saved successfully to run directory: runs/run_20260527_175607
2026-05-27 18:00:40 | flow.main | INFO     | main.py:101 | Run completed! Check runs/run_20260527_175607 for all files from this execution.
