2026-05-22 12:00:46 | flow.main | INFO     | logging_config.py:282 | Run metadata saved to runs/run_20260522_120046/run_metadata.json
2026-05-22 12:00:46 | flow.main | INFO     | main.py:56 | Starting Flow execution for task: Develop a game that fuses Tetris and Bejeweled mechanics. 
This game needs to add keyboard control f...
2026-05-22 12:00:46 | flow.main | INFO     | main.py:57 | Run ID: 20260522_120046
2026-05-22 12:00:46 | flow.main | INFO     | main.py:58 | Run Directory: runs/run_20260522_120046
2026-05-22 12:00:46 | flow.main | INFO     | main.py:59 | Configuration: 5 candidates, refine_threshold=3, max_validation_itt=5
2026-05-22 12:01:17 | flow.main | INFO     | logging_config.py:431 | Intermediate snapshot saved: 20260522_120117_task0_iter0_task_execution_task0.json
2026-05-22 12:01:20 | flow.main | INFO     | logging_config.py:431 | Intermediate snapshot saved: 20260522_120120_task0_iter1_validation_task0.json
2026-05-22 12:01:23 | flow.main | INFO     | logging_config.py:431 | Intermediate snapshot saved: 20260522_120123_task3_iter0_task_execution_task3.json
2026-05-22 12:01:34 | flow.main | INFO     | logging_config.py:431 | Intermediate snapshot saved: 20260522_120134_task2_iter0_task_execution_task2.json
2026-05-22 12:01:35 | flow.main | INFO     | logging_config.py:431 | Intermediate snapshot saved: 20260522_120135_task3_iter1_validation_task3.json
2026-05-22 12:01:38 | flow.main | INFO     | logging_config.py:431 | Intermediate snapshot saved: 20260522_120138_task4_iter0_task_execution_task4.json
2026-05-22 12:01:44 | flow.main | INFO     | logging_config.py:431 | Intermediate snapshot saved: 20260522_120144_task1_iter0_task_execution_task1.json
2026-05-22 12:01:45 | flow.main | INFO     | logging_config.py:431 | Intermediate snapshot saved: 20260522_120145_task3_iter2_re_execution_task3.json
2026-05-22 12:01:47 | flow.main | INFO     | logging_config.py:431 | Intermediate snapshot saved: 20260522_120147_task1_iter1_validation_task1.json
2026-05-22 12:01:48 | flow.main | INFO     | logging_config.py:431 | Intermediate snapshot saved: 20260522_120148_task3_iter2_validation_task3.json
2026-05-22 12:01:49 | flow.main | INFO     | logging_config.py:431 | Intermediate snapshot saved: 20260522_120149_task2_iter1_validation_task2.json
2026-05-22 12:02:01 | flow.main | INFO     | logging_config.py:431 | Intermediate snapshot saved: 20260522_120201_task4_iter1_validation_task4.json
2026-05-22 12:02:22 | flow.main | INFO     | logging_config.py:431 | Intermediate snapshot saved: 20260522_120222_task4_iter2_re_execution_task4.json
2026-05-22 12:02:29 | flow.main | INFO     | logging_config.py:431 | Intermediate snapshot saved: 20260522_120229_task4_iter2_validation_task4.json
2026-05-22 12:02:29 | flow.main | INFO     | logging_config.py:431 | Intermediate snapshot saved: 20260522_120229_workflow_refinement_iter1_workflow_pre_refinement.json
2026-05-22 12:02:32 | flow.main | INFO     | logging_config.py:431 | Intermediate snapshot saved: 20260522_120232_workflow_refinement_iter2_workflow_post_refinement.json
2026-05-22 12:02:55 | flow.main | INFO     | logging_config.py:431 | Intermediate snapshot saved: 20260522_120255_task5_iter0_task_execution_task5.json
2026-05-22 12:05:30 | flow.main | INFO     | logging_config.py:431 | Intermediate snapshot saved: 20260522_120530_task5_iter1_validation_task5.json
2026-05-22 12:05:30 | flow.main | INFO     | logging_config.py:431 | Intermediate snapshot saved: 20260522_120530_workflow_refinement_iter1_workflow_pre_refinement.json
2026-05-22 12:05:33 | flow.main | INFO     | logging_config.py:431 | Intermediate snapshot saved: 20260522_120533_workflow_refinement_iter2_workflow_post_refinement.json
2026-05-22 12:05:57 | flow.main | INFO     | logging_config.py:431 | Intermediate snapshot saved: 20260522_120557_task6_iter0_task_execution_task6.json
2026-05-22 12:06:27 | flow.main | INFO     | logging_config.py:431 | Intermediate snapshot saved: 20260522_120627_task6_iter1_validation_task6.json
2026-05-22 12:06:27 | flow.main | INFO     | main.py:67 | Flow execution completed in 341.86 seconds
2026-05-22 12:06:27 | flow.main | INFO     | logging_config.py:215 | Results saved to runs/run_20260522_120046/results/workflow_final_state.json
2026-05-22 12:08:48 | flow.main | INFO     | logging_config.py:215 | Results saved to runs/run_20260522_120046/results/final_summary.json
2026-05-22 12:08:48 | flow.main | INFO     | logging_config.py:215 | Results saved to runs/run_20260522_120046/results/workflow_run_20260522_120848.json
2026-05-22 12:08:48 | flow.main | INFO     | main.py:97 | All results saved successfully to run directory: runs/run_20260522_120046
2026-05-22 12:08:48 | flow.main | INFO     | main.py:98 | Run completed! Check runs/run_20260522_120046 for all files from this execution.
