2026-05-26 15:54:49 | flow.main | INFO     | logging_config.py:282 | Run metadata saved to runs/run_20260526_155449/run_metadata.json
2026-05-26 15:54:49 | flow.main | INFO     | main.py:77 | Starting Flow execution for task: ICreate an AI-driven interview and candidate evaluation system for recruitment workflows.

The syste...
2026-05-26 15:54:49 | flow.main | INFO     | main.py:78 | Run ID: 20260526_155449
2026-05-26 15:54:49 | flow.main | INFO     | main.py:79 | Run Directory: runs/run_20260526_155449
2026-05-26 15:54:49 | flow.main | INFO     | main.py:80 | Configuration: 5 candidates, refine_threshold=3, max_validation_itt=5
2026-05-26 15:55:19 | flow.main | INFO     | logging_config.py:431 | Intermediate snapshot saved: 20260526_155519_task0_iter0_task_execution_task0.json
2026-05-26 15:55:23 | flow.main | INFO     | logging_config.py:431 | Intermediate snapshot saved: 20260526_155523_task0_iter1_validation_task0.json
2026-05-26 15:55:28 | flow.main | INFO     | logging_config.py:431 | Intermediate snapshot saved: 20260526_155528_task1_iter0_task_execution_task1.json
2026-05-26 15:55:30 | flow.main | INFO     | logging_config.py:431 | Intermediate snapshot saved: 20260526_155530_task1_iter1_validation_task1.json
2026-05-26 15:55:39 | flow.main | INFO     | logging_config.py:431 | Intermediate snapshot saved: 20260526_155539_task2_iter0_task_execution_task2.json
2026-05-26 15:55:41 | flow.main | INFO     | logging_config.py:431 | Intermediate snapshot saved: 20260526_155541_task4_iter0_task_execution_task4.json
2026-05-26 15:55:45 | flow.main | INFO     | logging_config.py:431 | Intermediate snapshot saved: 20260526_155545_task5_iter0_task_execution_task5.json
2026-05-26 15:55:51 | flow.main | INFO     | logging_config.py:431 | Intermediate snapshot saved: 20260526_155551_task2_iter1_validation_task2.json
2026-05-26 15:55:56 | flow.main | INFO     | logging_config.py:431 | Intermediate snapshot saved: 20260526_155556_task4_iter1_validation_task4.json
2026-05-26 15:56:03 | flow.main | INFO     | logging_config.py:431 | Intermediate snapshot saved: 20260526_155603_task5_iter1_validation_task5.json
2026-05-26 15:56:17 | flow.main | INFO     | logging_config.py:431 | Intermediate snapshot saved: 20260526_155617_task4_iter2_re_execution_task4.json
2026-05-26 15:56:20 | flow.main | INFO     | logging_config.py:431 | Intermediate snapshot saved: 20260526_155620_task4_iter2_validation_task4.json
2026-05-26 15:56:20 | flow.main | INFO     | logging_config.py:431 | Intermediate snapshot saved: 20260526_155620_workflow_refinement_iter1_workflow_pre_refinement.json
2026-05-26 15:56:24 | flow.main | INFO     | logging_config.py:431 | Intermediate snapshot saved: 20260526_155624_workflow_refinement_iter2_workflow_post_refinement.json
2026-05-26 15:56:31 | flow.main | INFO     | logging_config.py:431 | Intermediate snapshot saved: 20260526_155631_task6_iter0_task_execution_task6.json
2026-05-26 15:56:46 | flow.main | INFO     | logging_config.py:431 | Intermediate snapshot saved: 20260526_155646_task6_iter1_validation_task6.json
2026-05-26 15:56:48 | flow.main | INFO     | logging_config.py:431 | Intermediate snapshot saved: 20260526_155648_task3_iter0_task_execution_task3.json
2026-05-26 15:57:04 | flow.main | INFO     | logging_config.py:431 | Intermediate snapshot saved: 20260526_155704_task6_iter2_re_execution_task6.json
2026-05-26 15:57:10 | flow.main | INFO     | logging_config.py:431 | Intermediate snapshot saved: 20260526_155710_task3_iter1_validation_task3.json
2026-05-26 15:57:25 | flow.main | INFO     | logging_config.py:431 | Intermediate snapshot saved: 20260526_155725_task6_iter2_validation_task6.json
2026-05-26 15:57:38 | flow.main | INFO     | logging_config.py:431 | Intermediate snapshot saved: 20260526_155738_task6_iter3_re_execution_task6.json
2026-05-26 15:57:40 | flow.main | INFO     | logging_config.py:431 | Intermediate snapshot saved: 20260526_155740_task6_iter3_validation_task6.json
2026-05-26 15:57:53 | flow.main | INFO     | logging_config.py:431 | Intermediate snapshot saved: 20260526_155753_task3_iter2_re_execution_task3.json
2026-05-26 15:58:02 | flow.main | INFO     | logging_config.py:431 | Intermediate snapshot saved: 20260526_155802_task3_iter2_validation_task3.json
2026-05-26 15:58:02 | flow.main | INFO     | logging_config.py:431 | Intermediate snapshot saved: 20260526_155802_workflow_refinement_iter1_workflow_pre_refinement.json
2026-05-26 15:58:02 | flow.main | INFO     | main.py:88 | Flow execution completed in 192.98 seconds
2026-05-26 15:58:02 | flow.main | INFO     | logging_config.py:215 | Results saved to runs/run_20260526_155449/results/workflow_final_state.json
2026-05-26 15:58:31 | flow.main | INFO     | logging_config.py:215 | Results saved to runs/run_20260526_155449/results/final_summary.json
2026-05-26 15:58:31 | flow.main | INFO     | logging_config.py:215 | Results saved to runs/run_20260526_155449/results/workflow_run_20260526_155831.json
2026-05-26 15:58:31 | flow.main | INFO     | main.py:118 | All results saved successfully to run directory: runs/run_20260526_155449
2026-05-26 15:58:31 | flow.main | INFO     | main.py:119 | Run completed! Check runs/run_20260526_155449 for all files from this execution.
