2026-05-28 12:17:26 | flow.main | INFO     | logging_config.py:282 | Run metadata saved to runs/run_20260528_121726/run_metadata.json
2026-05-28 12:17:26 | flow.main | INFO     | main.py:59 | Starting Flow execution for task: 
Your task is to take interview. The following are the steps
-"Analyze the job description",
    "An...
2026-05-28 12:17:26 | flow.main | INFO     | main.py:60 | Run ID: 20260528_121726
2026-05-28 12:17:26 | flow.main | INFO     | main.py:61 | Run Directory: runs/run_20260528_121726
2026-05-28 12:17:26 | flow.main | INFO     | main.py:62 | Configuration: 5 candidates, refine_threshold=3, max_validation_itt=5
2026-05-28 12:18:36 | flow.main | INFO     | logging_config.py:431 | Intermediate snapshot saved: 20260528_121836_task1_iter0_task_execution_task1.json
2026-05-28 12:18:36 | flow.main | INFO     | logging_config.py:431 | Intermediate snapshot saved: 20260528_121836_task0_iter0_task_execution_task0.json
2026-05-28 12:18:46 | flow.main | INFO     | logging_config.py:431 | Intermediate snapshot saved: 20260528_121846_task1_iter1_validation_task1.json
2026-05-28 12:18:48 | flow.main | INFO     | logging_config.py:431 | Intermediate snapshot saved: 20260528_121848_task0_iter1_validation_task0.json
2026-05-28 12:18:50 | flow.main | INFO     | logging_config.py:431 | Intermediate snapshot saved: 20260528_121850_task1_iter2_re_execution_task1.json
2026-05-28 12:18:52 | flow.main | INFO     | logging_config.py:431 | Intermediate snapshot saved: 20260528_121852_task0_iter2_re_execution_task0.json
2026-05-28 12:18:55 | flow.main | INFO     | logging_config.py:431 | Intermediate snapshot saved: 20260528_121855_task0_iter2_validation_task0.json
2026-05-28 12:19:00 | flow.main | INFO     | logging_config.py:431 | Intermediate snapshot saved: 20260528_121900_task1_iter2_validation_task1.json
2026-05-28 12:19:03 | flow.main | INFO     | logging_config.py:431 | Intermediate snapshot saved: 20260528_121903_task1_iter3_re_execution_task1.json
2026-05-28 12:19:13 | flow.main | INFO     | logging_config.py:431 | Intermediate snapshot saved: 20260528_121913_task1_iter3_validation_task1.json
2026-05-28 12:19:16 | flow.main | INFO     | logging_config.py:431 | Intermediate snapshot saved: 20260528_121916_task1_iter4_re_execution_task1.json
2026-05-28 12:19:20 | flow.main | INFO     | logging_config.py:431 | Intermediate snapshot saved: 20260528_121920_task1_iter4_validation_task1.json
2026-05-28 12:19:23 | flow.main | INFO     | logging_config.py:431 | Intermediate snapshot saved: 20260528_121923_task1_iter5_re_execution_task1.json
2026-05-28 12:19:33 | flow.main | INFO     | logging_config.py:431 | Intermediate snapshot saved: 20260528_121933_task1_iter5_validation_task1.json
2026-05-28 12:19:34 | flow.main | INFO     | logging_config.py:431 | Intermediate snapshot saved: 20260528_121934_task1_iter0_task_execution_task1.json
2026-05-28 12:19:43 | flow.main | INFO     | logging_config.py:431 | Intermediate snapshot saved: 20260528_121943_task1_iter1_validation_task1.json
2026-05-28 12:19:46 | flow.main | INFO     | logging_config.py:431 | Intermediate snapshot saved: 20260528_121946_task1_iter2_re_execution_task1.json
2026-05-28 12:19:56 | flow.main | INFO     | logging_config.py:431 | Intermediate snapshot saved: 20260528_121956_task1_iter2_validation_task1.json
2026-05-28 12:19:58 | flow.main | INFO     | logging_config.py:431 | Intermediate snapshot saved: 20260528_121958_task1_iter3_re_execution_task1.json
2026-05-28 12:20:06 | flow.main | INFO     | logging_config.py:431 | Intermediate snapshot saved: 20260528_122006_task1_iter3_validation_task1.json
2026-05-28 12:20:09 | flow.main | INFO     | logging_config.py:431 | Intermediate snapshot saved: 20260528_122009_task1_iter4_re_execution_task1.json
2026-05-28 12:20:17 | flow.main | INFO     | logging_config.py:431 | Intermediate snapshot saved: 20260528_122017_task1_iter4_validation_task1.json
2026-05-28 12:20:20 | flow.main | INFO     | logging_config.py:431 | Intermediate snapshot saved: 20260528_122020_task1_iter5_re_execution_task1.json
2026-05-28 12:20:28 | flow.main | INFO     | logging_config.py:431 | Intermediate snapshot saved: 20260528_122028_task1_iter5_validation_task1.json
2026-05-28 12:20:28 | flow.main | INFO     | logging_config.py:431 | Intermediate snapshot saved: 20260528_122028_workflow_refinement_iter1_workflow_pre_refinement.json
2026-05-28 12:20:32 | flow.main | INFO     | logging_config.py:431 | Intermediate snapshot saved: 20260528_122032_workflow_refinement_iter2_workflow_post_refinement.json
2026-05-28 12:20:34 | flow.main | INFO     | logging_config.py:431 | Intermediate snapshot saved: 20260528_122034_task1_iter0_task_execution_task1.json
2026-05-28 12:20:41 | flow.main | INFO     | logging_config.py:431 | Intermediate snapshot saved: 20260528_122041_task1_iter1_validation_task1.json
2026-05-28 12:20:45 | flow.main | INFO     | logging_config.py:431 | Intermediate snapshot saved: 20260528_122045_task1_iter2_re_execution_task1.json
2026-05-28 12:20:51 | flow.main | INFO     | logging_config.py:431 | Intermediate snapshot saved: 20260528_122051_task1_iter2_validation_task1.json
2026-05-28 12:20:54 | flow.main | INFO     | logging_config.py:431 | Intermediate snapshot saved: 20260528_122054_task1_iter3_re_execution_task1.json
2026-05-28 12:21:10 | flow.main | INFO     | logging_config.py:431 | Intermediate snapshot saved: 20260528_122110_task1_iter3_validation_task1.json
2026-05-28 12:21:12 | flow.main | INFO     | logging_config.py:431 | Intermediate snapshot saved: 20260528_122112_task1_iter4_re_execution_task1.json
2026-05-28 12:21:21 | flow.main | INFO     | logging_config.py:431 | Intermediate snapshot saved: 20260528_122121_task1_iter4_validation_task1.json
2026-05-28 12:21:23 | flow.main | INFO     | logging_config.py:431 | Intermediate snapshot saved: 20260528_122123_task1_iter5_re_execution_task1.json
2026-05-28 12:21:32 | flow.main | INFO     | logging_config.py:431 | Intermediate snapshot saved: 20260528_122132_task1_iter5_validation_task1.json
2026-05-28 12:21:34 | flow.main | INFO     | logging_config.py:431 | Intermediate snapshot saved: 20260528_122134_task1_iter0_task_execution_task1.json
2026-05-28 12:21:42 | flow.main | INFO     | logging_config.py:431 | Intermediate snapshot saved: 20260528_122142_task1_iter1_validation_task1.json
2026-05-28 12:21:44 | flow.main | INFO     | logging_config.py:431 | Intermediate snapshot saved: 20260528_122144_task1_iter2_re_execution_task1.json
2026-05-28 12:21:56 | flow.main | INFO     | logging_config.py:431 | Intermediate snapshot saved: 20260528_122156_task1_iter2_validation_task1.json
2026-05-28 12:22:00 | flow.main | INFO     | logging_config.py:431 | Intermediate snapshot saved: 20260528_122200_task1_iter3_re_execution_task1.json
2026-05-28 12:22:04 | flow.main | INFO     | logging_config.py:431 | Intermediate snapshot saved: 20260528_122204_task1_iter3_validation_task1.json
2026-05-28 12:22:09 | flow.main | INFO     | logging_config.py:431 | Intermediate snapshot saved: 20260528_122209_task2_iter0_task_execution_task2.json
2026-05-28 12:22:25 | flow.main | INFO     | logging_config.py:431 | Intermediate snapshot saved: 20260528_122225_task2_iter1_validation_task2.json
2026-05-28 12:22:25 | flow.main | INFO     | logging_config.py:431 | Intermediate snapshot saved: 20260528_122225_workflow_refinement_iter1_workflow_pre_refinement.json
2026-05-28 12:22:32 | flow.main | INFO     | logging_config.py:431 | Intermediate snapshot saved: 20260528_122232_workflow_refinement_iter2_workflow_post_refinement.json
2026-05-28 12:22:37 | flow.main | INFO     | logging_config.py:431 | Intermediate snapshot saved: 20260528_122237_task3_iter0_task_execution_task3.json
2026-05-28 12:22:49 | flow.main | INFO     | logging_config.py:431 | Intermediate snapshot saved: 20260528_122249_task3_iter1_validation_task3.json
2026-05-28 12:22:54 | flow.main | INFO     | logging_config.py:431 | Intermediate snapshot saved: 20260528_122254_task4_iter0_task_execution_task4.json
2026-05-28 12:23:07 | flow.main | INFO     | logging_config.py:431 | Intermediate snapshot saved: 20260528_122307_task4_iter1_validation_task4.json
2026-05-28 12:23:14 | flow.main | INFO     | logging_config.py:431 | Intermediate snapshot saved: 20260528_122314_task4_iter2_re_execution_task4.json
2026-05-28 12:23:27 | flow.main | INFO     | logging_config.py:431 | Intermediate snapshot saved: 20260528_122327_task4_iter2_validation_task4.json
2026-05-28 12:23:34 | flow.main | INFO     | logging_config.py:431 | Intermediate snapshot saved: 20260528_122334_task4_iter3_re_execution_task4.json
2026-05-28 12:23:40 | flow.main | INFO     | logging_config.py:431 | Intermediate snapshot saved: 20260528_122340_task4_iter3_validation_task4.json
2026-05-28 12:23:43 | flow.main | INFO     | logging_config.py:431 | Intermediate snapshot saved: 20260528_122343_task5_iter0_task_execution_task5.json
2026-05-28 12:23:51 | flow.main | INFO     | logging_config.py:431 | Intermediate snapshot saved: 20260528_122351_task5_iter1_validation_task5.json
2026-05-28 12:23:54 | flow.main | INFO     | logging_config.py:431 | Intermediate snapshot saved: 20260528_122354_task5_iter2_re_execution_task5.json
2026-05-28 12:23:57 | flow.main | INFO     | logging_config.py:431 | Intermediate snapshot saved: 20260528_122357_task5_iter2_validation_task5.json
2026-05-28 12:23:57 | flow.main | INFO     | logging_config.py:431 | Intermediate snapshot saved: 20260528_122357_workflow_refinement_iter1_workflow_pre_refinement.json
2026-05-28 12:23:57 | flow.main | INFO     | main.py:70 | Flow execution completed in 391.10 seconds
2026-05-28 12:23:57 | flow.main | INFO     | logging_config.py:215 | Results saved to runs/run_20260528_121726/results/workflow_final_state.json
2026-05-28 12:24:03 | flow.main | INFO     | logging_config.py:215 | Results saved to runs/run_20260528_121726/results/final_summary.json
2026-05-28 12:24:03 | flow.main | INFO     | logging_config.py:215 | Results saved to runs/run_20260528_121726/results/workflow_run_20260528_122403.json
2026-05-28 12:24:03 | flow.main | INFO     | main.py:100 | All results saved successfully to run directory: runs/run_20260528_121726
2026-05-28 12:24:03 | flow.main | INFO     | main.py:101 | Run completed! Check runs/run_20260528_121726 for all files from this execution.
