2026-05-28 16:12:28 | flow.main | INFO     | logging_config.py:282 | Run metadata saved to runs/run_20260528_161228/run_metadata.json
2026-05-28 16:12:28 | flow.main | INFO     | main.py:59 | Starting Flow execution for task: 
Your task is to take interview. The following are the steps
-"Analyze the job description",
    "An...
2026-05-28 16:12:28 | flow.main | INFO     | main.py:60 | Run ID: 20260528_161228
2026-05-28 16:12:28 | flow.main | INFO     | main.py:61 | Run Directory: runs/run_20260528_161228
2026-05-28 16:12:28 | flow.main | INFO     | main.py:62 | Configuration: 5 candidates, refine_threshold=3, max_validation_itt=5
2026-05-28 16:13:54 | flow.main | INFO     | logging_config.py:431 | Intermediate snapshot saved: 20260528_161354_task0_iter0_task_execution_task0.json
2026-05-28 16:13:54 | flow.main | INFO     | logging_config.py:431 | Intermediate snapshot saved: 20260528_161354_task1_iter0_task_execution_task1.json
2026-05-28 16:14:06 | flow.main | INFO     | logging_config.py:431 | Intermediate snapshot saved: 20260528_161406_task1_iter1_validation_task1.json
2026-05-28 16:14:07 | flow.main | INFO     | logging_config.py:431 | Intermediate snapshot saved: 20260528_161407_task0_iter1_validation_task0.json
2026-05-28 16:14:08 | flow.main | INFO     | logging_config.py:431 | Intermediate snapshot saved: 20260528_161408_task1_iter2_re_execution_task1.json
2026-05-28 16:14:09 | flow.main | INFO     | logging_config.py:431 | Intermediate snapshot saved: 20260528_161409_task0_iter2_re_execution_task0.json
2026-05-28 16:14:13 | flow.main | INFO     | logging_config.py:431 | Intermediate snapshot saved: 20260528_161413_task0_iter2_validation_task0.json
2026-05-28 16:14:17 | flow.main | INFO     | logging_config.py:431 | Intermediate snapshot saved: 20260528_161417_task1_iter2_validation_task1.json
2026-05-28 16:14:18 | flow.main | INFO     | logging_config.py:431 | Intermediate snapshot saved: 20260528_161418_task1_iter3_re_execution_task1.json
2026-05-28 16:14:22 | flow.main | INFO     | logging_config.py:431 | Intermediate snapshot saved: 20260528_161422_task1_iter3_validation_task1.json
2026-05-28 16:14:22 | flow.main | INFO     | logging_config.py:431 | Intermediate snapshot saved: 20260528_161422_task2_iter0_task_execution_task2.json
2026-05-28 16:14:39 | flow.main | INFO     | logging_config.py:431 | Intermediate snapshot saved: 20260528_161439_task2_iter1_validation_task2.json
2026-05-28 16:14:47 | flow.main | INFO     | logging_config.py:431 | Intermediate snapshot saved: 20260528_161447_task2_iter2_re_execution_task2.json
2026-05-28 16:15:04 | flow.main | INFO     | logging_config.py:431 | Intermediate snapshot saved: 20260528_161504_task2_iter2_validation_task2.json
2026-05-28 16:15:04 | flow.main | INFO     | logging_config.py:431 | Intermediate snapshot saved: 20260528_161504_workflow_refinement_iter1_workflow_pre_refinement.json
2026-05-28 16:15:09 | flow.main | INFO     | logging_config.py:431 | Intermediate snapshot saved: 20260528_161509_workflow_refinement_iter2_workflow_post_refinement.json
2026-05-28 16:15:13 | flow.main | INFO     | logging_config.py:431 | Intermediate snapshot saved: 20260528_161513_task4_iter0_task_execution_task4.json
2026-05-28 16:15:15 | flow.main | INFO     | logging_config.py:431 | Intermediate snapshot saved: 20260528_161515_task3_iter0_task_execution_task3.json
2026-05-28 16:15:24 | flow.main | INFO     | logging_config.py:431 | Intermediate snapshot saved: 20260528_161524_task4_iter1_validation_task4.json
2026-05-28 16:15:37 | flow.main | INFO     | logging_config.py:431 | Intermediate snapshot saved: 20260528_161537_task3_iter1_validation_task3.json
2026-05-28 16:15:44 | flow.main | INFO     | logging_config.py:431 | Intermediate snapshot saved: 20260528_161544_task5_iter0_task_execution_task5.json
2026-05-28 16:15:55 | flow.main | INFO     | logging_config.py:431 | Intermediate snapshot saved: 20260528_161555_task5_iter1_validation_task5.json
2026-05-28 16:16:05 | flow.main | INFO     | logging_config.py:431 | Intermediate snapshot saved: 20260528_161605_task5_iter2_re_execution_task5.json
2026-05-28 16:16:27 | flow.main | INFO     | logging_config.py:431 | Intermediate snapshot saved: 20260528_161627_task5_iter2_validation_task5.json
2026-05-28 16:16:42 | flow.main | INFO     | logging_config.py:431 | Intermediate snapshot saved: 20260528_161642_task5_iter3_re_execution_task5.json
2026-05-28 16:16:47 | flow.main | INFO     | logging_config.py:431 | Intermediate snapshot saved: 20260528_161647_task5_iter3_validation_task5.json
2026-05-28 16:16:47 | flow.main | INFO     | logging_config.py:431 | Intermediate snapshot saved: 20260528_161647_workflow_refinement_iter1_workflow_pre_refinement.json
2026-05-28 16:16:56 | flow.main | INFO     | logging_config.py:431 | Intermediate snapshot saved: 20260528_161656_workflow_refinement_iter2_workflow_post_refinement.json
2026-05-28 16:17:02 | flow.main | INFO     | logging_config.py:431 | Intermediate snapshot saved: 20260528_161702_task6_iter0_task_execution_task6.json
2026-05-28 16:17:04 | flow.main | INFO     | logging_config.py:431 | Intermediate snapshot saved: 20260528_161704_task6_iter1_validation_task6.json
2026-05-28 16:17:04 | flow.main | INFO     | main.py:70 | Flow execution completed in 276.24 seconds
2026-05-28 16:17:04 | flow.main | INFO     | logging_config.py:215 | Results saved to runs/run_20260528_161228/results/workflow_final_state.json
2026-05-28 16:17:17 | flow.main | INFO     | logging_config.py:215 | Results saved to runs/run_20260528_161228/results/final_summary.json
2026-05-28 16:17:17 | flow.main | INFO     | logging_config.py:215 | Results saved to runs/run_20260528_161228/results/workflow_run_20260528_161717.json
2026-05-28 16:17:17 | flow.main | INFO     | main.py:100 | All results saved successfully to run directory: runs/run_20260528_161228
2026-05-28 16:17:17 | flow.main | INFO     | main.py:101 | Run completed! Check runs/run_20260528_161228 for all files from this execution.
