2026-05-27 16:30:35 | flow.main | INFO     | logging_config.py:282 | Run metadata saved to runs/run_20260527_163035/run_metadata.json
2026-05-27 16:30:35 | flow.main | INFO     | main.py:59 | Starting Flow execution for task: You are a workflow planning agent.
Your task is to:
-"Analyze the job description",
    "Analyze the...
2026-05-27 16:30:35 | flow.main | INFO     | main.py:60 | Run ID: 20260527_163035
2026-05-27 16:30:35 | flow.main | INFO     | main.py:61 | Run Directory: runs/run_20260527_163035
2026-05-27 16:30:35 | flow.main | INFO     | main.py:62 | Configuration: 5 candidates, refine_threshold=3, max_validation_itt=5
2026-05-27 16:31:19 | flow.main | INFO     | logging_config.py:431 | Intermediate snapshot saved: 20260527_163119_task1_iter0_task_execution_task1.json
2026-05-27 16:31:21 | flow.main | INFO     | logging_config.py:431 | Intermediate snapshot saved: 20260527_163121_task0_iter0_task_execution_task0.json
2026-05-27 16:31:31 | flow.main | INFO     | logging_config.py:431 | Intermediate snapshot saved: 20260527_163131_task0_iter1_validation_task0.json
2026-05-27 16:31:33 | flow.main | INFO     | logging_config.py:431 | Intermediate snapshot saved: 20260527_163133_task0_iter2_re_execution_task0.json
2026-05-27 16:31:33 | flow.main | INFO     | logging_config.py:431 | Intermediate snapshot saved: 20260527_163133_task1_iter1_validation_task1.json
2026-05-27 16:31:40 | flow.main | INFO     | logging_config.py:431 | Intermediate snapshot saved: 20260527_163140_task1_iter2_re_execution_task1.json
2026-05-27 16:31:43 | flow.main | INFO     | logging_config.py:431 | Intermediate snapshot saved: 20260527_163143_task1_iter2_validation_task1.json
2026-05-27 16:31:43 | flow.main | INFO     | logging_config.py:431 | Intermediate snapshot saved: 20260527_163143_task0_iter2_validation_task0.json
2026-05-27 16:31:45 | flow.main | INFO     | logging_config.py:431 | Intermediate snapshot saved: 20260527_163145_task0_iter3_re_execution_task0.json
2026-05-27 16:31:53 | flow.main | INFO     | logging_config.py:431 | Intermediate snapshot saved: 20260527_163153_task0_iter3_validation_task0.json
2026-05-27 16:31:55 | flow.main | INFO     | logging_config.py:431 | Intermediate snapshot saved: 20260527_163155_task0_iter4_re_execution_task0.json
2026-05-27 16:32:07 | flow.main | INFO     | logging_config.py:431 | Intermediate snapshot saved: 20260527_163207_task0_iter4_validation_task0.json
2026-05-27 16:32:11 | flow.main | INFO     | logging_config.py:431 | Intermediate snapshot saved: 20260527_163211_task0_iter5_re_execution_task0.json
2026-05-27 16:32:17 | flow.main | INFO     | logging_config.py:431 | Intermediate snapshot saved: 20260527_163217_task0_iter5_validation_task0.json
2026-05-27 16:32:19 | flow.main | INFO     | logging_config.py:431 | Intermediate snapshot saved: 20260527_163219_task0_iter0_task_execution_task0.json
2026-05-27 16:32:28 | flow.main | INFO     | logging_config.py:431 | Intermediate snapshot saved: 20260527_163228_task0_iter1_validation_task0.json
2026-05-27 16:32:30 | flow.main | INFO     | logging_config.py:431 | Intermediate snapshot saved: 20260527_163230_task0_iter2_re_execution_task0.json
2026-05-27 16:32:36 | flow.main | INFO     | logging_config.py:431 | Intermediate snapshot saved: 20260527_163236_task0_iter2_validation_task0.json
2026-05-27 16:32:38 | flow.main | INFO     | logging_config.py:431 | Intermediate snapshot saved: 20260527_163238_task0_iter3_re_execution_task0.json
2026-05-27 16:32:43 | flow.main | INFO     | logging_config.py:431 | Intermediate snapshot saved: 20260527_163243_task0_iter3_validation_task0.json
2026-05-27 16:32:46 | flow.main | INFO     | logging_config.py:431 | Intermediate snapshot saved: 20260527_163246_task0_iter4_re_execution_task0.json
2026-05-27 16:32:53 | flow.main | INFO     | logging_config.py:431 | Intermediate snapshot saved: 20260527_163253_task0_iter4_validation_task0.json
2026-05-27 16:32:55 | flow.main | INFO     | logging_config.py:431 | Intermediate snapshot saved: 20260527_163255_task0_iter5_re_execution_task0.json
2026-05-27 16:33:04 | flow.main | INFO     | logging_config.py:431 | Intermediate snapshot saved: 20260527_163304_task0_iter5_validation_task0.json
2026-05-27 16:33:04 | flow.main | INFO     | logging_config.py:431 | Intermediate snapshot saved: 20260527_163304_workflow_refinement_iter1_workflow_pre_refinement.json
2026-05-27 16:33:14 | flow.main | INFO     | logging_config.py:431 | Intermediate snapshot saved: 20260527_163314_workflow_refinement_iter2_workflow_post_refinement.json
2026-05-27 16:33:16 | flow.main | INFO     | logging_config.py:431 | Intermediate snapshot saved: 20260527_163316_task0_iter0_task_execution_task0.json
2026-05-27 16:33:22 | flow.main | INFO     | logging_config.py:431 | Intermediate snapshot saved: 20260527_163322_task0_iter1_validation_task0.json
2026-05-27 16:33:24 | flow.main | INFO     | logging_config.py:431 | Intermediate snapshot saved: 20260527_163324_task0_iter2_re_execution_task0.json
2026-05-27 16:33:28 | flow.main | INFO     | logging_config.py:431 | Intermediate snapshot saved: 20260527_163328_task0_iter2_validation_task0.json
2026-05-27 16:33:31 | flow.main | INFO     | logging_config.py:431 | Intermediate snapshot saved: 20260527_163331_task2_iter0_task_execution_task2.json
2026-05-27 16:33:38 | flow.main | INFO     | logging_config.py:431 | Intermediate snapshot saved: 20260527_163338_task2_iter1_validation_task2.json
2026-05-27 16:33:41 | flow.main | INFO     | logging_config.py:431 | Intermediate snapshot saved: 20260527_163341_task4_iter0_task_execution_task4.json
2026-05-27 16:33:49 | flow.main | INFO     | logging_config.py:431 | Intermediate snapshot saved: 20260527_163349_task3_iter0_task_execution_task3.json
2026-05-27 16:33:51 | flow.main | INFO     | logging_config.py:431 | Intermediate snapshot saved: 20260527_163351_task4_iter1_validation_task4.json
2026-05-27 16:33:58 | flow.main | INFO     | logging_config.py:431 | Intermediate snapshot saved: 20260527_163358_task3_iter1_validation_task3.json
2026-05-27 16:33:58 | flow.main | INFO     | logging_config.py:431 | Intermediate snapshot saved: 20260527_163358_workflow_refinement_iter1_workflow_pre_refinement.json
2026-05-27 16:34:08 | flow.main | INFO     | logging_config.py:431 | Intermediate snapshot saved: 20260527_163408_workflow_refinement_iter2_workflow_post_refinement.json
2026-05-27 16:34:13 | flow.main | INFO     | logging_config.py:431 | Intermediate snapshot saved: 20260527_163413_task5_iter0_task_execution_task5.json
2026-05-27 16:34:25 | flow.main | INFO     | logging_config.py:431 | Intermediate snapshot saved: 20260527_163425_task5_iter1_validation_task5.json
2026-05-27 16:34:30 | flow.main | INFO     | logging_config.py:431 | Intermediate snapshot saved: 20260527_163430_task6_iter0_task_execution_task6.json
2026-05-27 16:34:46 | flow.main | INFO     | logging_config.py:431 | Intermediate snapshot saved: 20260527_163446_task6_iter1_validation_task6.json
2026-05-27 16:34:46 | flow.main | INFO     | logging_config.py:431 | Intermediate snapshot saved: 20260527_163446_workflow_refinement_iter1_workflow_pre_refinement.json
2026-05-27 16:34:46 | flow.main | INFO     | main.py:70 | Flow execution completed in 251.42 seconds
2026-05-27 16:34:46 | flow.main | INFO     | logging_config.py:215 | Results saved to runs/run_20260527_163035/results/workflow_final_state.json
2026-05-27 16:34:57 | flow.main | INFO     | logging_config.py:215 | Results saved to runs/run_20260527_163035/results/final_summary.json
2026-05-27 16:34:57 | flow.main | INFO     | logging_config.py:215 | Results saved to runs/run_20260527_163035/results/workflow_run_20260527_163457.json
2026-05-27 16:34:57 | flow.main | INFO     | main.py:100 | All results saved successfully to run directory: runs/run_20260527_163035
2026-05-27 16:34:57 | flow.main | INFO     | main.py:101 | Run completed! Check runs/run_20260527_163035 for all files from this execution.
