2026-07-18 18:14:41 | flow.main | INFO     | logging_config.py:282 | Run metadata saved to runs/run_20260718_181441/run_metadata.json
2026-07-18 18:14:41 | flow.main | INFO     | main.py:80 | Starting Flow execution for task: 
Your task is to take interview. The following are the steps
-"Analyze the job description",
    "An...
2026-07-18 18:14:41 | flow.main | INFO     | main.py:81 | Run ID: 20260718_181441
2026-07-18 18:14:41 | flow.main | INFO     | main.py:82 | Run Directory: runs/run_20260718_181441
2026-07-18 18:14:41 | flow.main | INFO     | main.py:83 | Configuration: 5 candidates, refine_threshold=3, max_validation_itt=5
2026-07-18 18:14:41 | flow.main | INFO     | main.py:44 | [flow] Planning workflow for: 
Your task is to take interview. The following are the steps
-"Analyze the job d...
2026-07-18 18:14:56 | flow.main | INFO     | main.py:44 | [flow] Workflow planned with 6 tasks.
2026-07-18 18:15:13 | flow.main | INFO     | main.py:44 | [attempt_task1] Task task1 validated after 1 attempt(s).
2026-07-18 18:15:14 | flow.main | INFO     | main.py:44 | [attempt_task0] Task task0 validated after 1 attempt(s).
2026-07-18 18:15:22 | flow.main | INFO     | main.py:44 | [attempt_task3] Task task3 validated after 1 attempt(s).
2026-07-18 18:15:27 | flow.main | INFO     | main.py:44 | [attempt_task2] Task task2 validated after 1 attempt(s).
2026-07-18 18:15:30 | flow.main | INFO     | main.py:44 | [flow] Workflow refined (remaining refine iterations: 4).
2026-07-18 18:16:09 | flow.main | INFO     | main.py:44 | [attempt_task4] Task task4 failed validation after 5 attempt(s).
2026-07-18 18:16:41 | flow.main | INFO     | main.py:44 | [attempt_task4] Task task4 failed validation after 5 attempt(s).
2026-07-18 18:16:45 | flow.main | INFO     | main.py:44 | [flow] Workflow refined (remaining refine iterations: 3).
2026-07-18 18:17:18 | flow.main | INFO     | main.py:44 | [attempt_task4] Task task4 failed validation after 5 attempt(s).
2026-07-18 18:17:59 | flow.main | INFO     | main.py:44 | [attempt_task4] Task task4 failed validation after 5 attempt(s).
2026-07-18 18:18:37 | flow.main | INFO     | main.py:44 | [attempt_task4] Task task4 failed validation after 5 attempt(s).
2026-07-18 18:18:41 | flow.main | INFO     | main.py:44 | [flow] Workflow refined (remaining refine iterations: 2).
2026-07-18 18:19:19 | flow.main | INFO     | main.py:44 | [attempt_task4] Task task4 failed validation after 5 attempt(s).
2026-07-18 18:20:00 | flow.main | INFO     | main.py:44 | [attempt_task4] Task task4 failed validation after 5 attempt(s).
2026-07-18 18:20:39 | flow.main | INFO     | main.py:44 | [attempt_task4] Task task4 failed validation after 5 attempt(s).
2026-07-18 18:20:42 | flow.main | INFO     | main.py:44 | [flow] Workflow refined (remaining refine iterations: 1).
2026-07-18 18:21:23 | flow.main | INFO     | main.py:44 | [attempt_task4] Task task4 failed validation after 5 attempt(s).
2026-07-18 18:22:05 | flow.main | INFO     | main.py:44 | [attempt_task4] Task task4 failed validation after 5 attempt(s).
2026-07-18 18:22:45 | flow.main | INFO     | main.py:44 | [attempt_task4] Task task4 failed validation after 5 attempt(s).
2026-07-18 18:22:49 | flow.main | INFO     | main.py:44 | [flow] Workflow refined (remaining refine iterations: 0).
2026-07-18 18:23:29 | flow.main | INFO     | main.py:44 | [attempt_task4] Task task4 failed validation after 5 attempt(s).
2026-07-18 18:24:10 | flow.main | INFO     | main.py:44 | [attempt_task4] Task task4 failed validation after 5 attempt(s).
2026-07-18 18:24:54 | flow.main | INFO     | main.py:44 | [attempt_task4] Task task4 failed validation after 5 attempt(s).
2026-07-18 18:25:35 | flow.main | INFO     | main.py:44 | [attempt_task4] Task task4 failed validation after 5 attempt(s).
