2026-05-22 13:21:46 | flow.main | INFO     | logging_config.py:282 | Run metadata saved to runs/run_20260522_132146/run_metadata.json
2026-05-22 13:21:46 | flow.main | INFO     | main.py:56 | Starting Flow execution for task: Develop a game that fuses Tetris and Bejeweled mechanics. 
This game needs to add keyboard control f...
2026-05-22 13:21:46 | flow.main | INFO     | main.py:57 | Run ID: 20260522_132146
2026-05-22 13:21:46 | flow.main | INFO     | main.py:58 | Run Directory: runs/run_20260522_132146
2026-05-22 13:21:46 | flow.main | INFO     | main.py:59 | Configuration: 5 candidates, refine_threshold=3, max_validation_itt=5
2026-05-22 13:22:18 | flow.main | INFO     | logging_config.py:431 | Intermediate snapshot saved: 20260522_132218_task0_iter0_task_execution_task0.json
2026-05-22 13:22:22 | flow.main | INFO     | logging_config.py:431 | Intermediate snapshot saved: 20260522_132222_task0_iter1_validation_task0.json
2026-05-22 13:22:35 | flow.main | INFO     | logging_config.py:431 | Intermediate snapshot saved: 20260522_132235_task6_iter0_task_execution_task6.json
2026-05-22 13:22:49 | flow.main | INFO     | logging_config.py:431 | Intermediate snapshot saved: 20260522_132249_task6_iter1_validation_task6.json
2026-05-22 13:22:52 | flow.main | INFO     | logging_config.py:431 | Intermediate snapshot saved: 20260522_132252_task1_iter0_task_execution_task1.json
2026-05-22 13:22:58 | flow.main | INFO     | logging_config.py:431 | Intermediate snapshot saved: 20260522_132258_task1_iter1_validation_task1.json
2026-05-22 13:23:04 | flow.main | INFO     | logging_config.py:431 | Intermediate snapshot saved: 20260522_132304_task6_iter2_re_execution_task6.json
2026-05-22 13:23:07 | flow.main | INFO     | logging_config.py:431 | Intermediate snapshot saved: 20260522_132307_task6_iter2_validation_task6.json
2026-05-22 13:23:27 | flow.main | INFO     | logging_config.py:431 | Intermediate snapshot saved: 20260522_132327_task3_iter0_task_execution_task3.json
2026-05-22 13:23:28 | flow.main | INFO     | logging_config.py:431 | Intermediate snapshot saved: 20260522_132328_task2_iter0_task_execution_task2.json
2026-05-22 13:23:32 | flow.main | INFO     | logging_config.py:431 | Intermediate snapshot saved: 20260522_132332_task3_iter1_validation_task3.json
2026-05-22 13:23:32 | flow.main | INFO     | logging_config.py:431 | Intermediate snapshot saved: 20260522_132332_task2_iter1_validation_task2.json
2026-05-22 13:23:32 | flow.main | INFO     | logging_config.py:431 | Intermediate snapshot saved: 20260522_132332_workflow_refinement_iter1_workflow_pre_refinement.json
2026-05-22 13:23:39 | flow.main | INFO     | logging_config.py:431 | Intermediate snapshot saved: 20260522_132339_workflow_refinement_iter2_workflow_post_refinement.json
2026-05-22 13:24:12 | flow.main | INFO     | logging_config.py:431 | Intermediate snapshot saved: 20260522_132412_task4_iter0_task_execution_task4.json
2026-05-22 13:24:17 | flow.main | INFO     | logging_config.py:431 | Intermediate snapshot saved: 20260522_132417_task4_iter1_validation_task4.json
2026-05-22 13:24:17 | flow.main | INFO     | logging_config.py:431 | Intermediate snapshot saved: 20260522_132417_workflow_refinement_iter1_workflow_pre_refinement.json
2026-05-22 13:24:22 | flow.main | INFO     | logging_config.py:431 | Intermediate snapshot saved: 20260522_132422_workflow_refinement_iter2_workflow_post_refinement.json
2026-05-22 13:24:52 | flow.main | INFO     | logging_config.py:431 | Intermediate snapshot saved: 20260522_132452_task5_iter0_task_execution_task5.json
2026-05-22 13:25:01 | flow.main | INFO     | logging_config.py:431 | Intermediate snapshot saved: 20260522_132501_task5_iter1_validation_task5.json
2026-05-22 13:25:31 | flow.main | INFO     | logging_config.py:431 | Intermediate snapshot saved: 20260522_132531_task5_iter2_re_execution_task5.json
2026-05-22 13:25:34 | flow.main | INFO     | logging_config.py:431 | Intermediate snapshot saved: 20260522_132534_task5_iter2_validation_task5.json
2026-05-22 13:26:05 | flow.main | INFO     | logging_config.py:431 | Intermediate snapshot saved: 20260522_132605_task7_iter0_task_execution_task7.json
2026-05-22 13:26:25 | flow.main | INFO     | logging_config.py:431 | Intermediate snapshot saved: 20260522_132625_task7_iter1_validation_task7.json
2026-05-22 13:26:44 | flow.main | INFO     | logging_config.py:431 | Intermediate snapshot saved: 20260522_132644_task7_iter2_re_execution_task7.json
2026-05-22 13:26:48 | flow.main | INFO     | logging_config.py:431 | Intermediate snapshot saved: 20260522_132648_task7_iter2_validation_task7.json
2026-05-22 13:26:48 | flow.main | INFO     | main.py:67 | Flow execution completed in 301.98 seconds
2026-05-22 13:26:48 | flow.main | INFO     | logging_config.py:215 | Results saved to runs/run_20260522_132146/results/workflow_final_state.json
2026-05-22 13:28:45 | flow.main | INFO     | logging_config.py:215 | Results saved to runs/run_20260522_132146/results/final_summary.json
2026-05-22 13:28:45 | flow.main | INFO     | logging_config.py:215 | Results saved to runs/run_20260522_132146/results/workflow_run_20260522_132845.json
2026-05-22 13:28:45 | flow.main | INFO     | main.py:97 | All results saved successfully to run directory: runs/run_20260522_132146
2026-05-22 13:28:45 | flow.main | INFO     | main.py:98 | Run completed! Check runs/run_20260522_132146 for all files from this execution.
