2026-05-23 10:43:44 | flow.main | INFO     | logging_config.py:282 | Run metadata saved to runs/run_20260523_104344/run_metadata.json
2026-05-23 10:43:44 | flow.main | INFO     | main.py:56 | Starting Flow execution for task: Develop a game that fuses Tetris and Bejeweled mechanics. 
This game needs to add keyboard control f...
2026-05-23 10:43:44 | flow.main | INFO     | main.py:57 | Run ID: 20260523_104344
2026-05-23 10:43:44 | flow.main | INFO     | main.py:58 | Run Directory: runs/run_20260523_104344
2026-05-23 10:43:44 | flow.main | INFO     | main.py:59 | Configuration: 5 candidates, refine_threshold=3, max_validation_itt=5
2026-05-23 10:44:04 | flow.main | INFO     | logging_config.py:431 | Intermediate snapshot saved: 20260523_104404_task0_iter0_task_execution_task0.json
2026-05-23 10:44:06 | flow.main | INFO     | logging_config.py:431 | Intermediate snapshot saved: 20260523_104406_task0_iter1_validation_task0.json
2026-05-23 10:44:11 | flow.main | INFO     | logging_config.py:431 | Intermediate snapshot saved: 20260523_104411_task1_iter0_task_execution_task1.json
2026-05-23 10:44:16 | flow.main | INFO     | logging_config.py:431 | Intermediate snapshot saved: 20260523_104416_task5_iter0_task_execution_task5.json
2026-05-23 10:44:21 | flow.main | INFO     | logging_config.py:431 | Intermediate snapshot saved: 20260523_104421_task5_iter1_validation_task5.json
2026-05-23 10:44:24 | flow.main | INFO     | logging_config.py:431 | Intermediate snapshot saved: 20260523_104424_task1_iter1_validation_task1.json
2026-05-23 10:44:32 | flow.main | INFO     | logging_config.py:431 | Intermediate snapshot saved: 20260523_104432_task1_iter2_re_execution_task1.json
2026-05-23 10:44:35 | flow.main | INFO     | logging_config.py:431 | Intermediate snapshot saved: 20260523_104435_task1_iter2_validation_task1.json
2026-05-23 10:44:35 | flow.main | INFO     | logging_config.py:431 | Intermediate snapshot saved: 20260523_104435_workflow_refinement_iter1_workflow_pre_refinement.json
2026-05-23 10:44:40 | flow.main | INFO     | logging_config.py:431 | Intermediate snapshot saved: 20260523_104440_workflow_refinement_iter2_workflow_post_refinement.json
2026-05-23 10:44:49 | flow.main | INFO     | logging_config.py:431 | Intermediate snapshot saved: 20260523_104449_task3_iter0_task_execution_task3.json
2026-05-23 10:44:52 | flow.main | INFO     | logging_config.py:431 | Intermediate snapshot saved: 20260523_104452_task3_iter1_validation_task3.json
2026-05-23 10:44:53 | flow.main | INFO     | logging_config.py:431 | Intermediate snapshot saved: 20260523_104453_task2_iter0_task_execution_task2.json
2026-05-23 10:45:06 | flow.main | INFO     | logging_config.py:431 | Intermediate snapshot saved: 20260523_104506_task2_iter1_validation_task2.json
2026-05-23 10:45:17 | flow.main | INFO     | logging_config.py:431 | Intermediate snapshot saved: 20260523_104517_task4_iter0_task_execution_task4.json
2026-05-23 10:45:36 | flow.main | INFO     | logging_config.py:431 | Intermediate snapshot saved: 20260523_104536_task4_iter1_validation_task4.json
2026-05-23 10:45:56 | flow.main | INFO     | logging_config.py:431 | Intermediate snapshot saved: 20260523_104556_task4_iter2_re_execution_task4.json
2026-05-23 10:46:21 | flow.main | INFO     | logging_config.py:431 | Intermediate snapshot saved: 20260523_104621_task4_iter2_validation_task4.json
2026-05-23 10:46:39 | flow.main | INFO     | logging_config.py:431 | Intermediate snapshot saved: 20260523_104639_task4_iter3_re_execution_task4.json
2026-05-23 10:46:43 | flow.main | INFO     | logging_config.py:431 | Intermediate snapshot saved: 20260523_104643_task4_iter3_validation_task4.json
2026-05-23 10:46:43 | flow.main | INFO     | logging_config.py:431 | Intermediate snapshot saved: 20260523_104643_workflow_refinement_iter1_workflow_pre_refinement.json
2026-05-23 10:46:46 | flow.main | INFO     | logging_config.py:431 | Intermediate snapshot saved: 20260523_104646_workflow_refinement_iter2_workflow_post_refinement.json
2026-05-23 10:47:03 | flow.main | INFO     | logging_config.py:431 | Intermediate snapshot saved: 20260523_104703_task6_iter0_task_execution_task6.json
2026-05-23 10:47:25 | flow.main | INFO     | logging_config.py:431 | Intermediate snapshot saved: 20260523_104725_task6_iter1_validation_task6.json
2026-05-23 10:47:39 | flow.main | INFO     | logging_config.py:431 | Intermediate snapshot saved: 20260523_104739_task6_iter2_re_execution_task6.json
2026-05-23 10:47:44 | flow.main | INFO     | logging_config.py:431 | Intermediate snapshot saved: 20260523_104744_task6_iter2_validation_task6.json
2026-05-23 10:47:44 | flow.main | INFO     | main.py:67 | Flow execution completed in 239.70 seconds
2026-05-23 10:47:44 | flow.main | INFO     | logging_config.py:215 | Results saved to runs/run_20260523_104344/results/workflow_final_state.json
2026-05-23 10:48:30 | flow.main | INFO     | logging_config.py:215 | Results saved to runs/run_20260523_104344/results/final_summary.json
2026-05-23 10:48:30 | flow.main | INFO     | logging_config.py:215 | Results saved to runs/run_20260523_104344/results/workflow_run_20260523_104830.json
2026-05-23 10:48:30 | flow.main | INFO     | main.py:97 | All results saved successfully to run directory: runs/run_20260523_104344
2026-05-23 10:48:30 | flow.main | INFO     | main.py:98 | Run completed! Check runs/run_20260523_104344 for all files from this execution.
