2026-05-27 12:43:33 | flow.main | INFO     | logging_config.py:282 | Run metadata saved to runs/run_20260527_124333/run_metadata.json
2026-05-27 12:43:33 | flow.main | INFO     | main.py:59 | Starting Flow execution for task: You are a workflow planning agent.
Your task is to:
-"Analyze the job description",
    "Analyze the...
2026-05-27 12:43:33 | flow.main | INFO     | main.py:60 | Run ID: 20260527_124333
2026-05-27 12:43:33 | flow.main | INFO     | main.py:61 | Run Directory: runs/run_20260527_124333
2026-05-27 12:43:33 | flow.main | INFO     | main.py:62 | Configuration: 5 candidates, refine_threshold=3, max_validation_itt=5
2026-05-27 12:44:39 | flow.main | INFO     | logging_config.py:431 | Intermediate snapshot saved: 20260527_124439_task1_iter0_task_execution_task1.json
2026-05-27 12:44:40 | flow.main | INFO     | logging_config.py:431 | Intermediate snapshot saved: 20260527_124440_task0_iter0_task_execution_task0.json
2026-05-27 12:44:45 | flow.main | INFO     | logging_config.py:431 | Intermediate snapshot saved: 20260527_124445_task1_iter1_validation_task1.json
2026-05-27 12:44:47 | flow.main | INFO     | logging_config.py:431 | Intermediate snapshot saved: 20260527_124447_task0_iter1_validation_task0.json
2026-05-27 12:44:48 | flow.main | INFO     | logging_config.py:431 | Intermediate snapshot saved: 20260527_124448_task1_iter2_re_execution_task1.json
2026-05-27 12:44:49 | flow.main | INFO     | logging_config.py:431 | Intermediate snapshot saved: 20260527_124449_task0_iter2_re_execution_task0.json
2026-05-27 12:44:51 | flow.main | INFO     | logging_config.py:431 | Intermediate snapshot saved: 20260527_124451_task1_iter2_validation_task1.json
2026-05-27 12:44:52 | flow.main | INFO     | logging_config.py:431 | Intermediate snapshot saved: 20260527_124452_task0_iter2_validation_task0.json
2026-05-27 12:44:55 | flow.main | INFO     | logging_config.py:431 | Intermediate snapshot saved: 20260527_124455_task2_iter0_task_execution_task2.json
2026-05-27 12:45:00 | flow.main | INFO     | logging_config.py:431 | Intermediate snapshot saved: 20260527_124500_task2_iter1_validation_task2.json
2026-05-27 12:45:05 | flow.main | INFO     | logging_config.py:431 | Intermediate snapshot saved: 20260527_124505_task2_iter2_re_execution_task2.json
2026-05-27 12:45:14 | flow.main | INFO     | logging_config.py:431 | Intermediate snapshot saved: 20260527_124514_task2_iter2_validation_task2.json
2026-05-27 12:45:17 | flow.main | INFO     | logging_config.py:431 | Intermediate snapshot saved: 20260527_124517_task2_iter3_re_execution_task2.json
2026-05-27 12:45:30 | flow.main | INFO     | logging_config.py:431 | Intermediate snapshot saved: 20260527_124530_task2_iter3_validation_task2.json
2026-05-27 12:45:34 | flow.main | INFO     | logging_config.py:431 | Intermediate snapshot saved: 20260527_124534_task2_iter4_re_execution_task2.json
2026-05-27 12:45:44 | flow.main | INFO     | logging_config.py:431 | Intermediate snapshot saved: 20260527_124544_task2_iter4_validation_task2.json
2026-05-27 12:45:49 | flow.main | INFO     | logging_config.py:431 | Intermediate snapshot saved: 20260527_124549_task2_iter5_re_execution_task2.json
2026-05-27 12:45:58 | flow.main | INFO     | logging_config.py:431 | Intermediate snapshot saved: 20260527_124558_task2_iter5_validation_task2.json
2026-05-27 12:45:58 | flow.main | INFO     | logging_config.py:431 | Intermediate snapshot saved: 20260527_124558_workflow_refinement_iter1_workflow_pre_refinement.json
2026-05-27 12:46:03 | flow.main | INFO     | logging_config.py:431 | Intermediate snapshot saved: 20260527_124603_workflow_refinement_iter2_workflow_post_refinement.json
2026-05-27 12:46:05 | flow.main | INFO     | logging_config.py:431 | Intermediate snapshot saved: 20260527_124605_task4_iter0_task_execution_task4.json
2026-05-27 12:46:05 | flow.main | INFO     | logging_config.py:431 | Intermediate snapshot saved: 20260527_124605_task3_iter0_task_execution_task3.json
2026-05-27 12:46:10 | flow.main | INFO     | logging_config.py:431 | Intermediate snapshot saved: 20260527_124610_task3_iter1_validation_task3.json
2026-05-27 12:46:12 | flow.main | INFO     | logging_config.py:431 | Intermediate snapshot saved: 20260527_124612_task3_iter2_re_execution_task3.json
2026-05-27 12:46:14 | flow.main | INFO     | logging_config.py:431 | Intermediate snapshot saved: 20260527_124614_task4_iter1_validation_task4.json
2026-05-27 12:46:19 | flow.main | INFO     | logging_config.py:431 | Intermediate snapshot saved: 20260527_124619_task4_iter2_re_execution_task4.json
2026-05-27 12:46:21 | flow.main | INFO     | logging_config.py:431 | Intermediate snapshot saved: 20260527_124621_task3_iter2_validation_task3.json
2026-05-27 12:46:21 | flow.main | INFO     | logging_config.py:431 | Intermediate snapshot saved: 20260527_124621_task4_iter2_validation_task4.json
2026-05-27 12:46:23 | flow.main | INFO     | logging_config.py:431 | Intermediate snapshot saved: 20260527_124623_task3_iter3_re_execution_task3.json
2026-05-27 12:46:27 | flow.main | INFO     | logging_config.py:431 | Intermediate snapshot saved: 20260527_124627_task5_iter0_task_execution_task5.json
2026-05-27 12:46:28 | flow.main | INFO     | logging_config.py:431 | Intermediate snapshot saved: 20260527_124628_task3_iter3_validation_task3.json
2026-05-27 12:46:30 | flow.main | INFO     | logging_config.py:431 | Intermediate snapshot saved: 20260527_124630_task3_iter4_re_execution_task3.json
2026-05-27 12:46:35 | flow.main | INFO     | logging_config.py:431 | Intermediate snapshot saved: 20260527_124635_task3_iter4_validation_task3.json
2026-05-27 12:46:36 | flow.main | INFO     | logging_config.py:431 | Intermediate snapshot saved: 20260527_124636_task5_iter1_validation_task5.json
2026-05-27 12:46:37 | flow.main | INFO     | logging_config.py:431 | Intermediate snapshot saved: 20260527_124637_task3_iter5_re_execution_task3.json
2026-05-27 12:46:39 | flow.main | INFO     | logging_config.py:431 | Intermediate snapshot saved: 20260527_124639_task3_iter5_validation_task3.json
2026-05-27 12:46:42 | flow.main | INFO     | logging_config.py:431 | Intermediate snapshot saved: 20260527_124642_task5_iter2_re_execution_task5.json
2026-05-27 12:46:44 | flow.main | INFO     | logging_config.py:431 | Intermediate snapshot saved: 20260527_124644_task5_iter2_validation_task5.json
2026-05-27 12:46:44 | flow.main | INFO     | logging_config.py:431 | Intermediate snapshot saved: 20260527_124644_workflow_refinement_iter1_workflow_pre_refinement.json
2026-05-27 12:46:44 | flow.main | INFO     | main.py:70 | Flow execution completed in 191.53 seconds
2026-05-27 12:46:44 | flow.main | INFO     | logging_config.py:215 | Results saved to runs/run_20260527_124333/results/workflow_final_state.json
2026-05-27 12:47:17 | flow.main | INFO     | logging_config.py:215 | Results saved to runs/run_20260527_124333/results/final_summary.json
2026-05-27 12:47:17 | flow.main | INFO     | logging_config.py:215 | Results saved to runs/run_20260527_124333/results/workflow_run_20260527_124717.json
2026-05-27 12:47:17 | flow.main | INFO     | main.py:100 | All results saved successfully to run directory: runs/run_20260527_124333
2026-05-27 12:47:17 | flow.main | INFO     | main.py:101 | Run completed! Check runs/run_20260527_124333 for all files from this execution.
