2026-05-27 16:41:08 | flow.main | INFO     | logging_config.py:282 | Run metadata saved to runs/run_20260527_164108/run_metadata.json
2026-05-27 16:41:08 | flow.main | INFO     | main.py:59 | Starting Flow execution for task: You are a workflow planning agent.
Your task is to:
-"Analyze the job description",
    "Analyze the...
2026-05-27 16:41:08 | flow.main | INFO     | main.py:60 | Run ID: 20260527_164108
2026-05-27 16:41:08 | flow.main | INFO     | main.py:61 | Run Directory: runs/run_20260527_164108
2026-05-27 16:41:08 | flow.main | INFO     | main.py:62 | Configuration: 5 candidates, refine_threshold=3, max_validation_itt=5
2026-05-27 16:42:29 | flow.main | INFO     | logging_config.py:431 | Intermediate snapshot saved: 20260527_164229_task0_iter0_task_execution_task0.json
2026-05-27 16:42:31 | flow.main | INFO     | logging_config.py:431 | Intermediate snapshot saved: 20260527_164231_task1_iter0_task_execution_task1.json
2026-05-27 16:42:34 | flow.main | INFO     | logging_config.py:431 | Intermediate snapshot saved: 20260527_164234_task0_iter1_validation_task0.json
2026-05-27 16:42:35 | flow.main | INFO     | logging_config.py:431 | Intermediate snapshot saved: 20260527_164235_task1_iter1_validation_task1.json
2026-05-27 16:42:41 | flow.main | INFO     | logging_config.py:431 | Intermediate snapshot saved: 20260527_164241_task2_iter0_task_execution_task2.json
2026-05-27 16:42:43 | flow.main | INFO     | logging_config.py:431 | Intermediate snapshot saved: 20260527_164243_task3_iter0_task_execution_task3.json
2026-05-27 16:42:45 | flow.main | INFO     | logging_config.py:431 | Intermediate snapshot saved: 20260527_164245_task2_iter1_validation_task2.json
2026-05-27 16:42:46 | flow.main | INFO     | logging_config.py:431 | Intermediate snapshot saved: 20260527_164246_task3_iter1_validation_task3.json
2026-05-27 16:42:46 | flow.main | INFO     | logging_config.py:431 | Intermediate snapshot saved: 20260527_164246_workflow_refinement_iter1_workflow_pre_refinement.json
2026-05-27 16:42:57 | flow.main | INFO     | logging_config.py:431 | Intermediate snapshot saved: 20260527_164257_workflow_refinement_iter2_workflow_post_refinement.json
2026-05-27 16:43:04 | flow.main | INFO     | logging_config.py:431 | Intermediate snapshot saved: 20260527_164304_task4_iter0_task_execution_task4.json
2026-05-27 16:43:08 | flow.main | INFO     | logging_config.py:431 | Intermediate snapshot saved: 20260527_164308_task4_iter1_validation_task4.json
2026-05-27 16:43:19 | flow.main | INFO     | logging_config.py:431 | Intermediate snapshot saved: 20260527_164319_task5_iter0_task_execution_task5.json
2026-05-27 16:43:44 | flow.main | INFO     | logging_config.py:431 | Intermediate snapshot saved: 20260527_164344_task5_iter1_validation_task5.json
