2026-05-22 20:15:30 | flow.main | INFO     | logging_config.py:282 | Run metadata saved to runs/run_20260522_201529/run_metadata.json
2026-05-22 20:15:30 | flow.main | INFO     | main.py:56 | Starting Flow execution for task: Develop a game that fuses Tetris and Bejeweled mechanics. 
This game needs to add keyboard control f...
2026-05-22 20:15:30 | flow.main | INFO     | main.py:57 | Run ID: 20260522_201529
2026-05-22 20:15:30 | flow.main | INFO     | main.py:58 | Run Directory: runs/run_20260522_201529
2026-05-22 20:15:30 | flow.main | INFO     | main.py:59 | Configuration: 5 candidates, refine_threshold=3, max_validation_itt=5
2026-05-22 20:16:08 | flow.main | INFO     | logging_config.py:431 | Intermediate snapshot saved: 20260522_201608_task1_iter0_task_execution_task1.json
2026-05-22 20:16:11 | flow.main | INFO     | logging_config.py:431 | Intermediate snapshot saved: 20260522_201611_task0_iter0_task_execution_task0.json
2026-05-22 20:16:16 | flow.main | INFO     | logging_config.py:431 | Intermediate snapshot saved: 20260522_201616_task0_iter1_validation_task0.json
2026-05-22 20:16:38 | flow.main | INFO     | logging_config.py:431 | Intermediate snapshot saved: 20260522_201638_task1_iter1_validation_task1.json
2026-05-22 20:16:48 | flow.main | INFO     | logging_config.py:431 | Intermediate snapshot saved: 20260522_201648_task1_iter2_re_execution_task1.json
2026-05-22 20:16:51 | flow.main | INFO     | logging_config.py:431 | Intermediate snapshot saved: 20260522_201651_task1_iter2_validation_task1.json
2026-05-22 20:17:10 | flow.main | INFO     | logging_config.py:431 | Intermediate snapshot saved: 20260522_201710_task2_iter0_task_execution_task2.json
2026-05-22 20:17:31 | flow.main | INFO     | logging_config.py:431 | Intermediate snapshot saved: 20260522_201731_task2_iter1_validation_task2.json
2026-05-22 20:17:31 | flow.main | INFO     | logging_config.py:431 | Intermediate snapshot saved: 20260522_201731_workflow_refinement_iter1_workflow_pre_refinement.json
2026-05-22 20:17:44 | flow.main | INFO     | logging_config.py:431 | Intermediate snapshot saved: 20260522_201744_workflow_refinement_iter2_workflow_post_refinement.json
2026-05-22 20:18:02 | flow.main | INFO     | logging_config.py:431 | Intermediate snapshot saved: 20260522_201802_task3_iter0_task_execution_task3.json
2026-05-22 20:18:21 | flow.main | INFO     | logging_config.py:431 | Intermediate snapshot saved: 20260522_201821_task3_iter1_validation_task3.json
2026-05-22 20:18:40 | flow.main | INFO     | logging_config.py:431 | Intermediate snapshot saved: 20260522_201840_task3_iter2_re_execution_task3.json
2026-05-22 20:18:45 | flow.main | INFO     | logging_config.py:431 | Intermediate snapshot saved: 20260522_201845_task3_iter2_validation_task3.json
2026-05-22 20:19:03 | flow.main | INFO     | logging_config.py:431 | Intermediate snapshot saved: 20260522_201903_task4_iter0_task_execution_task4.json
2026-05-22 20:19:07 | flow.main | INFO     | logging_config.py:431 | Intermediate snapshot saved: 20260522_201907_task4_iter1_validation_task4.json
